20:57 Supreme_Kirby: WAT
20:57 JEAN_MILAN   : hello
20:57 Supreme_Kirby: stop
20:57 Supreme_Kirby: server
20:57 Supreme_Kirby: close>
20:58 JEAN_MILAN   : stop
20:58 Supreme_Kirby: NOt me
20:58 Supreme_Kirby: wat
20:58 Supreme_Kirby: happend
20:58 JEAN_MILAN   : wna play survival
20:58 JEAN_MILAN   : i don't know
20:58 JEAN_MILAN   : where is the staff server
20:58 Supreme_Kirby: idk
20:59 JEAN_MILAN   : wna play survival
20:59 Supreme_Kirby: sure
20:59 JEAN_MILAN   : wait
20:59 JEAN_MILAN   : call on discord come
21:00 Supreme_Kirby: can
21:00 Supreme_Kirby: t
21:00 Supreme_Kirby: srry
21:00 Supreme_Kirby: watching the fenix suns game
21:00 JEAN_MILAN   : do discord call pls
21:00 Supreme_Kirby: FIX UR MICRAPHONE THEN
