19:46 Enderknight205: ummmmm
19:46 Enderknight205: ummmmm
19:46 Enderknight205: wut happened
19:46 Supreme_Kirby : WAT
19:46 Supreme_Kirby : xd
19:46 Supreme_Kirby : not me
19:46 Supreme_Kirby : dis time
19:46 Enderknight205: samw
19:46 Enderknight205: lol
19:47 Supreme_Kirby : i was infront carl
19:47 Enderknight205: hmmmm
19:48 Enderknight205: can u go on staff?
19:48 Supreme_Kirby : naw
19:48 Supreme_Kirby : naw
19:48 Supreme_Kirby : we are in 2 server
19:48 Supreme_Kirby : XDDD
19:48 Enderknight205: ik
19:48 Enderknight205: xD lol
19:48 Supreme_Kirby : wat
19:48 Supreme_Kirby : wat is dis
19:48 Enderknight205: dunno
19:49 Supreme_Kirby : LOOK
19:49 Enderknight205: i found it
19:49 Supreme_Kirby : CD
19:49 Enderknight205: here
19:49 Supreme_Kirby : XD
19:49 Supreme_Kirby : ready for lag?
19:49 Enderknight205: no
19:50 Supreme_Kirby : DONE
19:50 Supreme_Kirby : XD
19:50 Supreme_Kirby : come
19:50 Enderknight205: x
19:50 Enderknight205: xD
19:50 Supreme_Kirby : down carl
19:50 Supreme_Kirby : XD
19:52 Supreme_Kirby : yaya
19:52 Supreme_Kirby : back
19:52 Enderknight205: ded
19:52 Enderknight205: rip?
19:52 Supreme_Kirby : wat
19:52 Enderknight205: i set sugarcane
19:52 Enderknight205: a lot of it
19:52 Supreme_Kirby : XDD
19:54 Enderknight205: where r u
19:55 Enderknight205: prpare to die
19:56 Enderknight205: rip serv
19:59 Enderknight205: hi
19:59 Supreme_Kirby : yoyoy
19:59 Enderknight205: wut happened to staff
19:59 Enderknight205: wut happened to staff
19:59 Supreme_Kirby : pete
19:59 Enderknight205: wut happened to staff
19:59 Enderknight205: wut happened to staff
19:59 Enderknight205: wut happened to staff
19:59 Enderknight205: wut happened to staff
19:59 Supreme_Kirby : look at me water pool
19:59 Enderknight205: wut
20:00 Supreme_Kirby : idk staff
20:00 Enderknight205: wow
20:00 Supreme_Kirby : XD
20:00 Enderknight205: good
20:00 Enderknight205: wat fps?
20:00 Enderknight205: wat fps?
20:00 Enderknight205: wow
20:01 Supreme_Kirby : XD
20:01 Supreme_Kirby : yo
20:01 Supreme_Kirby : pete y yo bro sleep so early
20:01 Enderknight205: dunno
20:01 Supreme_Kirby : XD
20:01 Enderknight205: xD thor died
20:02 Supreme_Kirby : karl killed himself
20:02 Supreme_Kirby : XXD
20:04 Supreme_Kirby : karl
20:04 Enderknight205: aaaa
20:04 Supreme_Kirby : /msg Enderknight205 if server crash blame karl 
20:05 Enderknight205: /msg supreme_kirby noice gotcha 
20:05 Supreme_Kirby : k
20:09 Enderknight205: the tnt wats
20:09 Enderknight205: wars
20:09 Supreme_Kirby : wat
20:09 Enderknight205: wnw wars
20:09 Supreme_Kirby : ?
20:09 Enderknight205: the admin wars
20:10 Supreme_Kirby : XD
20:13 Supreme_Kirby : gg server
20:13 Enderknight205: gg no re
20:14 Supreme_Kirby : XD
20:14 Enderknight205: this sucks
20:14 Supreme_Kirby : y
20:15 Enderknight205: so boring
20:15 Supreme_Kirby : karl crash ever in sec dats wat he said
20:15 Enderknight205: lol
20:17 Enderknight205: wat fps do u guys have
20:18 Supreme_Kirby : 33
20:18 Enderknight205: hebt now
20:18 Supreme_Kirby : get ready
20:18 Supreme_Kirby : crash
20:18 Enderknight205: how
20:18 Enderknight205: oh no not this
20:18 Supreme_Kirby : wat
20:18 Enderknight205: the end portal
20:18 Supreme_Kirby : XD
20:19 Supreme_Kirby : watch this dad
20:19 Enderknight205: good job son
20:19 Enderknight205: yes
20:19 Supreme_Kirby : XD
20:19 Enderknight205: amazing
20:19 Enderknight205: dude
20:19 Enderknight205: cool
20:20 Supreme_Kirby : XDD
20:20 Supreme_Kirby : XD
20:20 Enderknight205: karl zap me
20:20 Enderknight205: use axe
20:21 Supreme_Kirby : XD
20:21 Enderknight205: half heart
20:21 Enderknight205: left
20:21 Enderknight205: try to kill me and dont use smite or kill
20:22 Supreme_Kirby : XD
20:22 Supreme_Kirby : XED
20:22 Enderknight205: not pvp
20:22 Enderknight205: not pvp
20:22 Enderknight205: not pvp
20:22 Enderknight205: not pvp
20:22 Enderknight205: not pvp
20:22 Supreme_Kirby : ok
20:22 Enderknight205: tp to me
20:23 Enderknight205: u too be gm 0
20:23 Enderknight205: admin battle
20:23 Enderknight205: admin battle
20:23 Enderknight205: admin battle
20:23 Enderknight205: admin battle
20:23 Enderknight205: stop
20:23 Enderknight205: be gm 0
20:24 Enderknight205: staff up
20:24 Enderknight205: staff up
20:24 Enderknight205: staff up
20:24 Enderknight205: staff up
20:24 Enderknight205: staff up
20:24 Enderknight205: staff up
20:24 Enderknight205: staff up
20:24 Enderknight205: staff up
20:24 Enderknight205: staff up
20:24 Enderknight205: staff up
20:24 Enderknight205: staff up
20:24 Enderknight205: staff up
20:24 Enderknight205: staff up
