#
# There is insufficient memory for the Java Runtime Environment to continue.
# Native memory allocation (mmap) failed to map 174587904 bytes for committing reserved memory.
# Possible reasons:
#   The system is out of physical RAM or swap space
#   In 32 bit mode, the process size limit was hit
# Possible solutions:
#   Reduce memory load on the system
#   Increase physical memory or swap space
#   Check if swap backing store is full
#   Use 64 bit Java on a 64 bit OS
#   Decrease Java heap size (-Xmx/-Xms)
#   Decrease number of Java threads
#   Decrease Java thread stack sizes (-Xss)
#   Set larger code cache with -XX:ReservedCodeCacheSize=
# This output file may be truncated or incomplete.
#
#  Out of Memory Error (os_linux.cpp:2640), pid=7816, tid=0x00007f2ff4d8c700
#
# JRE version:  (8.0_161-b12) (build )
# Java VM: Java HotSpot(TM) 64-Bit Server VM (25.161-b12 mixed mode linux-amd64 compressed oops)
# Failed to write core dump. Core dumps have been disabled. To enable core dumping, try "ulimit -c unlimited" before starting Java again
#

---------------  T H R E A D  ---------------

Current thread (0x00007f2fec00a800):  JavaThread "Unknown thread" [_thread_in_vm, id=7817, stack(0x00007f2ff4c8c000,0x00007f2ff4d8d000)]

Stack: [0x00007f2ff4c8c000,0x00007f2ff4d8d000],  sp=0x00007f2ff4d8b400,  free space=1021k
Native frames: (J=compiled Java code, j=interpreted, Vv=VM code, C=native code)
V  [libjvm.so+0xacf94a]  VMError::report_and_die()+0x2ba
V  [libjvm.so+0x50050b]  report_vm_out_of_memory(char const*, int, unsigned long, VMErrorType, char const*)+0x8b
V  [libjvm.so+0x92b133]  os::Linux::commit_memory_impl(char*, unsigned long, bool)+0x103
V  [libjvm.so+0x92b5c9]  os::pd_commit_memory(char*, unsigned long, unsigned long, bool)+0x29
V  [libjvm.so+0x924c0a]  os::commit_memory(char*, unsigned long, unsigned long, bool)+0x2a
V  [libjvm.so+0x99ab53]  PSVirtualSpace::expand_by(unsigned long)+0x53
V  [libjvm.so+0x99bb15]  PSYoungGen::initialize_virtual_space(ReservedSpace, unsigned long)+0x75
V  [libjvm.so+0x99c47e]  PSYoungGen::initialize(ReservedSpace, unsigned long)+0x3e
V  [libjvm.so+0x2db2b5]  AdjoiningGenerations::AdjoiningGenerations(ReservedSpace, GenerationSizer*, unsigned long)+0x345
V  [libjvm.so+0x94ec56]  ParallelScavengeHeap::initialize()+0x1d6
V  [libjvm.so+0xa979f3]  Universe::initialize_heap()+0xf3
V  [libjvm.so+0xa97f5e]  universe_init()+0x3e
V  [libjvm.so+0x641fb5]  init_globals()+0x65
V  [libjvm.so+0xa7c5ae]  Threads::create_vm(JavaVMInitArgs*, bool*)+0x23e
V  [libjvm.so+0x6d6c24]  JNI_CreateJavaVM+0x74
C  [libjli.so+0x797e]  JavaMain+0x9e
C  [libpthread.so.0+0x76ba]  start_thread+0xca


---------------  P R O C E S S  ---------------

Java Threads: ( => current thread )

Other Threads:

=>0x00007f2fec00a800 (exited) JavaThread "Unknown thread" [_thread_in_vm, id=7817, stack(0x00007f2ff4c8c000,0x00007f2ff4d8d000)]

VM state:not at safepoint (not fully initialized)

VM Mutex/Monitor currently owned by a thread: None

GC Heap History (0 events):
No events

Deoptimization events (0 events):
No events

Classes redefined (0 events):
No events

Internal exceptions (0 events):
No events

Events (0 events):
No events


Dynamic libraries:
00400000-00401000 r-xp 00000000 08:02 4986253                            /usr/lib/jvm/java-8-oracle/jre/bin/java
00600000-00601000 rw-p 00000000 08:02 4986253                            /usr/lib/jvm/java-8-oracle/jre/bin/java
0114f000-01170000 rw-p 00000000 00:00 0                                  [heap]
e0c00000-f5980000 ---p 00000000 00:00 0 
7f2fdd000000-7f2fdd270000 rwxp 00000000 00:00 0 
7f2fdd270000-7f2fec000000 ---p 00000000 00:00 0 
7f2fec000000-7f2fec034000 rw-p 00000000 00:00 0 
7f2fec034000-7f2ff0000000 ---p 00000000 00:00 0 
7f2ff16a3000-7f2ff192b000 rw-p 00000000 00:00 0 
7f2ff192b000-7f2ff1a25000 ---p 00000000 00:00 0 
7f2ff1a25000-7f2ff1a30000 rw-p 00000000 00:00 0 
7f2ff1a30000-7f2ff1de6000 ---p 00000000 00:00 0 
7f2ff1de6000-7f2ff1e01000 r-xp 00000000 08:02 5527470                    /usr/lib/jvm/java-8-oracle/jre/lib/amd64/libzip.so
7f2ff1e01000-7f2ff2001000 ---p 0001b000 08:02 5527470                    /usr/lib/jvm/java-8-oracle/jre/lib/amd64/libzip.so
7f2ff2001000-7f2ff2002000 rw-p 0001b000 08:02 5527470                    /usr/lib/jvm/java-8-oracle/jre/lib/amd64/libzip.so
7f2ff2002000-7f2ff200d000 r-xp 00000000 08:02 8131366                    /lib/x86_64-linux-gnu/libnss_files-2.23.so
7f2ff200d000-7f2ff220c000 ---p 0000b000 08:02 8131366                    /lib/x86_64-linux-gnu/libnss_files-2.23.so
7f2ff220c000-7f2ff220d000 r--p 0000a000 08:02 8131366                    /lib/x86_64-linux-gnu/libnss_files-2.23.so
7f2ff220d000-7f2ff220e000 rw-p 0000b000 08:02 8131366                    /lib/x86_64-linux-gnu/libnss_files-2.23.so
7f2ff220e000-7f2ff2214000 rw-p 00000000 00:00 0 
7f2ff2214000-7f2ff221f000 r-xp 00000000 08:02 8131370                    /lib/x86_64-linux-gnu/libnss_nis-2.23.so
7f2ff221f000-7f2ff241e000 ---p 0000b000 08:02 8131370                    /lib/x86_64-linux-gnu/libnss_nis-2.23.so
7f2ff241e000-7f2ff241f000 r--p 0000a000 08:02 8131370                    /lib/x86_64-linux-gnu/libnss_nis-2.23.so
7f2ff241f000-7f2ff2420000 rw-p 0000b000 08:02 8131370                    /lib/x86_64-linux-gnu/libnss_nis-2.23.so
7f2ff2420000-7f2ff2436000 r-xp 00000000 08:02 8131350                    /lib/x86_64-linux-gnu/libnsl-2.23.so
7f2ff2436000-7f2ff2635000 ---p 00016000 08:02 8131350                    /lib/x86_64-linux-gnu/libnsl-2.23.so
7f2ff2635000-7f2ff2636000 r--p 00015000 08:02 8131350                    /lib/x86_64-linux-gnu/libnsl-2.23.so
7f2ff2636000-7f2ff2637000 rw-p 00016000 08:02 8131350                    /lib/x86_64-linux-gnu/libnsl-2.23.so
7f2ff2637000-7f2ff2639000 rw-p 00000000 00:00 0 
7f2ff2639000-7f2ff2641000 r-xp 00000000 08:02 8131361                    /lib/x86_64-linux-gnu/libnss_compat-2.23.so
7f2ff2641000-7f2ff2840000 ---p 00008000 08:02 8131361                    /lib/x86_64-linux-gnu/libnss_compat-2.23.so
7f2ff2840000-7f2ff2841000 r--p 00007000 08:02 8131361                    /lib/x86_64-linux-gnu/libnss_compat-2.23.so
7f2ff2841000-7f2ff2842000 rw-p 00008000 08:02 8131361                    /lib/x86_64-linux-gnu/libnss_compat-2.23.so
7f2ff2842000-7f2ff286d000 r-xp 00000000 08:02 5525908                    /usr/lib/jvm/java-8-oracle/jre/lib/amd64/libjava.so
7f2ff286d000-7f2ff2a6c000 ---p 0002b000 08:02 5525908                    /usr/lib/jvm/java-8-oracle/jre/lib/amd64/libjava.so
7f2ff2a6c000-7f2ff2a6e000 rw-p 0002a000 08:02 5525908                    /usr/lib/jvm/java-8-oracle/jre/lib/amd64/libjava.so
7f2ff2a6e000-7f2ff2a7b000 r-xp 00000000 08:02 5527469                    /usr/lib/jvm/java-8-oracle/jre/lib/amd64/libverify.so
7f2ff2a7b000-7f2ff2c7b000 ---p 0000d000 08:02 5527469                    /usr/lib/jvm/java-8-oracle/jre/lib/amd64/libverify.so
7f2ff2c7b000-7f2ff2c7d000 rw-p 0000d000 08:02 5527469                    /usr/lib/jvm/java-8-oracle/jre/lib/amd64/libverify.so
7f2ff2c7d000-7f2ff2c84000 r-xp 00000000 08:02 8131371                    /lib/x86_64-linux-gnu/librt-2.23.so
7f2ff2c84000-7f2ff2e83000 ---p 00007000 08:02 8131371                    /lib/x86_64-linux-gnu/librt-2.23.so
7f2ff2e83000-7f2ff2e84000 r--p 00006000 08:02 8131371                    /lib/x86_64-linux-gnu/librt-2.23.so
7f2ff2e84000-7f2ff2e85000 rw-p 00007000 08:02 8131371                    /lib/x86_64-linux-gnu/librt-2.23.so
7f2ff2e85000-7f2ff2f8d000 r-xp 00000000 08:02 8131349                    /lib/x86_64-linux-gnu/libm-2.23.so
7f2ff2f8d000-7f2ff318c000 ---p 00108000 08:02 8131349                    /lib/x86_64-linux-gnu/libm-2.23.so
7f2ff318c000-7f2ff318d000 r--p 00107000 08:02 8131349                    /lib/x86_64-linux-gnu/libm-2.23.so
7f2ff318d000-7f2ff318e000 rw-p 00108000 08:02 8131349                    /lib/x86_64-linux-gnu/libm-2.23.so
7f2ff318e000-7f2ff3e67000 r-xp 00000000 08:02 5525874                    /usr/lib/jvm/java-8-oracle/jre/lib/amd64/server/libjvm.so
7f2ff3e67000-7f2ff4066000 ---p 00cd9000 08:02 5525874                    /usr/lib/jvm/java-8-oracle/jre/lib/amd64/server/libjvm.so
7f2ff4066000-7f2ff413f000 rw-p 00cd8000 08:02 5525874                    /usr/lib/jvm/java-8-oracle/jre/lib/amd64/server/libjvm.so
7f2ff413f000-7f2ff418b000 rw-p 00000000 00:00 0 
7f2ff418b000-7f2ff434b000 r-xp 00000000 08:02 8131353                    /lib/x86_64-linux-gnu/libc-2.23.so
7f2ff434b000-7f2ff454b000 ---p 001c0000 08:02 8131353                    /lib/x86_64-linux-gnu/libc-2.23.so
7f2ff454b000-7f2ff454f000 r--p 001c0000 08:02 8131353                    /lib/x86_64-linux-gnu/libc-2.23.so
7f2ff454f000-7f2ff4551000 rw-p 001c4000 08:02 8131353                    /lib/x86_64-linux-gnu/libc-2.23.so
7f2ff4551000-7f2ff4555000 rw-p 00000000 00:00 0 
7f2ff4555000-7f2ff4558000 r-xp 00000000 08:02 8131355                    /lib/x86_64-linux-gnu/libdl-2.23.so
7f2ff4558000-7f2ff4757000 ---p 00003000 08:02 8131355                    /lib/x86_64-linux-gnu/libdl-2.23.so
7f2ff4757000-7f2ff4758000 r--p 00002000 08:02 8131355                    /lib/x86_64-linux-gnu/libdl-2.23.so
7f2ff4758000-7f2ff4759000 rw-p 00003000 08:02 8131355                    /lib/x86_64-linux-gnu/libdl-2.23.so
7f2ff4759000-7f2ff476f000 r-xp 00000000 08:02 5525864                    /usr/lib/jvm/java-8-oracle/jre/lib/amd64/jli/libjli.so
7f2ff476f000-7f2ff496e000 ---p 00016000 08:02 5525864                    /usr/lib/jvm/java-8-oracle/jre/lib/amd64/jli/libjli.so
7f2ff496e000-7f2ff496f000 rw-p 00015000 08:02 5525864                    /usr/lib/jvm/java-8-oracle/jre/lib/amd64/jli/libjli.so
7f2ff496f000-7f2ff4987000 r-xp 00000000 08:02 8131352                    /lib/x86_64-linux-gnu/libpthread-2.23.so
7f2ff4987000-7f2ff4b86000 ---p 00018000 08:02 8131352                    /lib/x86_64-linux-gnu/libpthread-2.23.so
7f2ff4b86000-7f2ff4b87000 r--p 00017000 08:02 8131352                    /lib/x86_64-linux-gnu/libpthread-2.23.so
7f2ff4b87000-7f2ff4b88000 rw-p 00018000 08:02 8131352                    /lib/x86_64-linux-gnu/libpthread-2.23.so
7f2ff4b88000-7f2ff4b8c000 rw-p 00000000 00:00 0 
7f2ff4b8c000-7f2ff4bb2000 r-xp 00000000 08:02 8131351                    /lib/x86_64-linux-gnu/ld-2.23.so
7f2ff4c8c000-7f2ff4c8f000 ---p 00000000 00:00 0 
7f2ff4c8f000-7f2ff4d92000 rw-p 00000000 00:00 0 
7f2ff4da7000-7f2ff4daf000 rw-s 00000000 08:02 6558934                    /tmp/hsperfdata_miner/7816
7f2ff4daf000-7f2ff4db0000 rw-p 00000000 00:00 0 
7f2ff4db0000-7f2ff4db1000 r--p 00000000 00:00 0 
7f2ff4db1000-7f2ff4db2000 r--p 00025000 08:02 8131351                    /lib/x86_64-linux-gnu/ld-2.23.so
7f2ff4db2000-7f2ff4db3000 rw-p 00026000 08:02 8131351                    /lib/x86_64-linux-gnu/ld-2.23.so
7f2ff4db3000-7f2ff4db4000 rw-p 00000000 00:00 0 
7fff42c11000-7fff42c32000 rw-p 00000000 00:00 0                          [stack]
7fff42d76000-7fff42d79000 r--p 00000000 00:00 0                          [vvar]
7fff42d79000-7fff42d7b000 r-xp 00000000 00:00 0                          [vdso]
ffffffffff600000-ffffffffff601000 r-xp 00000000 00:00 0                  [vsyscall]

VM Arguments:
jvm_args: -Xmx500M -Xms500M 
java_command: spigot-1.12.2.jar
java_class_path (initial): spigot-1.12.2.jar
Launcher Type: SUN_STANDARD

Environment Variables:
JAVA_HOME=/usr/lib/jvm/java-8-oracle
PATH=/home/miner/bin:/home/miner/.local/bin:/usr/local/sbin:/usr/local/bin:/usr/sbin:/usr/bin:/sbin:/bin:/usr/games:/usr/local/games:/snap/bin:/usr/lib/jvm/java-8-oracle/bin:/usr/lib/jvm/java-8-oracle/db/bin:/usr/lib/jvm/java-8-oracle/jre/bin
SHELL=/bin/bash
DISPLAY=:0

Signal Handlers:
SIGSEGV: [libjvm.so+0xad01e0], sa_mask[0]=11111111011111111101111111111110, sa_flags=SA_RESTART|SA_SIGINFO
SIGBUS: [libjvm.so+0xad01e0], sa_mask[0]=11111111011111111101111111111110, sa_flags=SA_RESTART|SA_SIGINFO
SIGFPE: [libjvm.so+0x927fb0], sa_mask[0]=11111111011111111101111111111110, sa_flags=SA_RESTART|SA_SIGINFO
SIGPIPE: [libjvm.so+0x927fb0], sa_mask[0]=11111111011111111101111111111110, sa_flags=SA_RESTART|SA_SIGINFO
SIGXFSZ: [libjvm.so+0x927fb0], sa_mask[0]=11111111011111111101111111111110, sa_flags=SA_RESTART|SA_SIGINFO
SIGILL: [libjvm.so+0x927fb0], sa_mask[0]=11111111011111111101111111111110, sa_flags=SA_RESTART|SA_SIGINFO
SIGUSR1: SIG_DFL, sa_mask[0]=00000000000000000000000000000000, sa_flags=none
SIGUSR2: [libjvm.so+0x9297f0], sa_mask[0]=00000000000000000000000000000000, sa_flags=SA_RESTART|SA_SIGINFO
SIGHUP: SIG_DFL, sa_mask[0]=00000000000000000000000000000000, sa_flags=none
SIGINT: SIG_DFL, sa_mask[0]=00000000000000000000000000000000, sa_flags=none
SIGTERM: SIG_DFL, sa_mask[0]=00000000000000000000000000000000, sa_flags=none
SIGQUIT: SIG_DFL, sa_mask[0]=00000000000000000000000000000000, sa_flags=none


---------------  S Y S T E M  ---------------

OS:DISTRIB_ID=Ubuntu
DISTRIB_RELEASE=16.04
DISTRIB_CODENAME=xenial
DISTRIB_DESCRIPTION="Ubuntu 16.04.4 LTS"

uname:Linux 4.13.0-37-generic #42~16.04.1-Ubuntu SMP Wed Mar 7 16:03:28 UTC 2018 x86_64
libc:glibc 2.23 NPTL 2.23 
rlimit: STACK 8192k, CORE 0k, NPROC 63194, NOFILE 1048576, AS infinity
load average:5.29 6.59 8.05

/proc/meminfo:
MemTotal:       16381720 kB
MemFree:          138156 kB
MemAvailable:        540 kB
Buffers:            1896 kB
Cached:            32876 kB
SwapCached:         9996 kB
Active:          7580916 kB
Inactive:         963296 kB
Active(anon):    7571224 kB
Inactive(anon):   945684 kB
Active(file):       9692 kB
Inactive(file):    17612 kB
Unevictable:         208 kB
Mlocked:             208 kB
SwapTotal:       8267772 kB
SwapFree:              0 kB
Dirty:               236 kB
Writeback:           148 kB
AnonPages:       8501928 kB
Mapped:          7248848 kB
Shmem:              5944 kB
Slab:             231080 kB
SReclaimable:      35872 kB
SUnreclaim:       195208 kB
KernelStack:       16816 kB
PageTables:       109968 kB
NFS_Unstable:          0 kB
Bounce:                0 kB
WritebackTmp:          0 kB
CommitLimit:    16458632 kB
Committed_AS:   19728380 kB
VmallocTotal:   34359738367 kB
VmallocUsed:           0 kB
VmallocChunk:          0 kB
HardwareCorrupted:     0 kB
AnonHugePages:         0 kB
ShmemHugePages:        0 kB
ShmemPmdMapped:        0 kB
CmaTotal:              0 kB
CmaFree:               0 kB
HugePages_Total:       0
HugePages_Free:        0
HugePages_Rsvd:        0
HugePages_Surp:        0
Hugepagesize:       2048 kB
DirectMap4k:     5672368 kB
DirectMap2M:    11061248 kB
DirectMap1G:           0 kB


CPU:total 8 (initial active 8) (4 cores per cpu, 2 threads per core) family 6 model 158 stepping 9, cmov, cx8, fxsr, mmx, sse, sse2, sse3, ssse3, sse4.1, sse4.2, popcnt, avx, avx2, aes, clmul, erms, rtm, 3dnowpref, lzcnt, ht, tsc, tscinvbit, bmi1, bmi2, adx

/proc/cpuinfo:
processor	: 0
vendor_id	: GenuineIntel
cpu family	: 6
model		: 158
model name	: Intel(R) Core(TM) i7-7700K CPU @ 4.20GHz
stepping	: 9
microcode	: 0x5e
cpu MHz		: 4200.000
cache size	: 8192 KB
physical id	: 0
siblings	: 8
core id		: 0
cpu cores	: 4
apicid		: 0
initial apicid	: 0
fpu		: yes
fpu_exception	: yes
cpuid level	: 22
wp		: yes
flags		: fpu vme de pse tsc msr pae mce cx8 apic sep mtrr pge mca cmov pat pse36 clflush dts acpi mmx fxsr sse sse2 ss ht tm pbe syscall nx pdpe1gb rdtscp lm constant_tsc art arch_perfmon pebs bts rep_good nopl xtopology nonstop_tsc cpuid aperfmperf tsc_known_freq pni pclmulqdq dtes64 monitor ds_cpl vmx est tm2 ssse3 sdbg fma cx16 xtpr pdcm pcid sse4_1 sse4_2 x2apic movbe popcnt tsc_deadline_timer aes xsave avx f16c rdrand lahf_lm abm 3dnowprefetch cpuid_fault invpcid_single pti retpoline intel_pt rsb_ctxsw tpr_shadow vnmi flexpriority ept vpid fsgsbase tsc_adjust bmi1 hle avx2 smep bmi2 erms invpcid rtm mpx rdseed adx smap clflushopt xsaveopt xsavec xgetbv1 xsaves dtherm ida arat pln pts hwp hwp_notify hwp_act_window hwp_epp
bugs		: cpu_meltdown spectre_v1 spectre_v2
bogomips	: 8400.00
clflush size	: 64
cache_alignment	: 64
address sizes	: 39 bits physical, 48 bits virtual
power management:

processor	: 1
vendor_id	: GenuineIntel
cpu family	: 6
model		: 158
model name	: Intel(R) Core(TM) i7-7700K CPU @ 4.20GHz
stepping	: 9
microcode	: 0x5e
cpu MHz		: 4200.000
cache size	: 8192 KB
physical id	: 0
siblings	: 8
core id		: 1
cpu cores	: 4
apicid		: 2
initial apicid	: 2
fpu		: yes
fpu_exception	: yes
cpuid level	: 22
wp		: yes
flags		: fpu vme de pse tsc msr pae mce cx8 apic sep mtrr pge mca cmov pat pse36 clflush dts acpi mmx fxsr sse sse2 ss ht tm pbe syscall nx pdpe1gb rdtscp lm constant_tsc art arch_perfmon pebs bts rep_good nopl xtopology nonstop_tsc cpuid aperfmperf tsc_known_freq pni pclmulqdq dtes64 monitor ds_cpl vmx est tm2 ssse3 sdbg fma cx16 xtpr pdcm pcid sse4_1 sse4_2 x2apic movbe popcnt tsc_deadline_timer aes xsave avx f16c rdrand lahf_lm abm 3dnowprefetch cpuid_fault invpcid_single pti retpoline intel_pt rsb_ctxsw tpr_shadow vnmi flexpriority ept vpid fsgsbase tsc_adjust bmi1 hle avx2 smep bmi2 erms invpcid rtm mpx rdseed adx smap clflushopt xsaveopt xsavec xgetbv1 xsaves dtherm ida arat pln pts hwp hwp_notify hwp_act_window hwp_epp
bugs		: cpu_meltdown spectre_v1 spectre_v2
bogomips	: 8400.00
clflush size	: 64
cache_alignment	: 64
address sizes	: 39 bits physical, 48 bits virtual
power management:

processor	: 2
vendor_id	: GenuineIntel
cpu family	: 6
model		: 158
model name	: Intel(R) Core(TM) i7-7700K CPU @ 4.20GHz
stepping	: 9
microcode	: 0x5e
cpu MHz		: 4200.000
cache size	: 8192 KB
physical id	: 0
siblings	: 8
core id		: 2
cpu cores	: 4
apicid		: 4
initial apicid	: 4
fpu		: yes
fpu_exception	: yes
cpuid level	: 22
wp		: yes
flags		: fpu vme de pse tsc msr pae mce cx8 apic sep mtrr pge mca cmov pat pse36 clflush dts acpi mmx fxsr sse sse2 ss ht tm pbe syscall nx pdpe1gb rdtscp lm constant_tsc art arch_perfmon pebs bts rep_good nopl xtopology nonstop_tsc cpuid aperfmperf tsc_known_freq pni pclmulqdq dtes64 monitor ds_cpl vmx est tm2 ssse3 sdbg fma cx16 xtpr pdcm pcid sse4_1 sse4_2 x2apic movbe popcnt tsc_deadline_timer aes xsave avx f16c rdrand lahf_lm abm 3dnowprefetch cpuid_fault invpcid_single pti retpoline intel_pt rsb_ctxsw tpr_shadow vnmi flexpriority ept vpid fsgsbase tsc_adjust bmi1 hle avx2 smep bmi2 erms invpcid rtm mpx rdseed adx smap clflushopt xsaveopt xsavec xgetbv1 xsaves dtherm ida arat pln pts hwp hwp_notify hwp_act_window hwp_epp
bugs		: cpu_meltdown spectre_v1 spectre_v2
bogomips	: 8400.00
clflush size	: 64
cache_alignment	: 64
address sizes	: 39 bits physical, 48 bits virtual
power management:

processor	: 3
vendor_id	: GenuineIntel
cpu family	: 6
model		: 158
model name	: Intel(R) Core(TM) i7-7700K CPU @ 4.20GHz
stepping	: 9
microcode	: 0x5e
cpu MHz		: 4200.000
cache size	: 8192 KB
physical id	: 0
siblings	: 8
core id		: 3
cpu cores	: 4
apicid		: 6
initial apicid	: 6
fpu		: yes
fpu_exception	: yes
cpuid level	: 22
wp		: yes
flags		: fpu vme de pse tsc msr pae mce cx8 apic sep mtrr pge mca cmov pat pse36 clflush dts acpi mmx fxsr sse sse2 ss ht tm pbe syscall nx pdpe1gb rdtscp lm constant_tsc art arch_perfmon pebs bts rep_good nopl xtopology nonstop_tsc cpuid aperfmperf tsc_known_freq pni pclmulqdq dtes64 monitor ds_cpl vmx est tm2 ssse3 sdbg fma cx16 xtpr pdcm pcid sse4_1 sse4_2 x2apic movbe popcnt tsc_deadline_timer aes xsave avx f16c rdrand lahf_lm abm 3dnowprefetch cpuid_fault invpcid_single pti retpoline intel_pt rsb_ctxsw tpr_shadow vnmi flexpriority ept vpid fsgsbase tsc_adjust bmi1 hle avx2 smep bmi2 erms invpcid rtm mpx rdseed adx smap clflushopt xsaveopt xsavec xgetbv1 xsaves dtherm ida arat pln pts hwp hwp_notify hwp_act_window hwp_epp
bugs		: cpu_meltdown spectre_v1 spectre_v2
bogomips	: 8400.00
clflush size	: 64
cache_alignment	: 64
address sizes	: 39 bits physical, 48 bits virtual
power management:

processor	: 4
vendor_id	: GenuineIntel
cpu family	: 6
model		: 158
model name	: Intel(R) Core(TM) i7-7700K CPU @ 4.20GHz
stepping	: 9
microcode	: 0x5e
cpu MHz		: 4200.000
cache size	: 8192 KB
physical id	: 0
siblings	: 8
core id		: 0
cpu cores	: 4
apicid		: 1
initial apicid	: 1
fpu		: yes
fpu_exception	: yes
cpuid level	: 22
wp		: yes
flags		: fpu vme de pse tsc msr pae mce cx8 apic sep mtrr pge mca cmov pat pse36 clflush dts acpi mmx fxsr sse sse2 ss ht tm pbe syscall nx pdpe1gb rdtscp lm constant_tsc art arch_perfmon pebs bts rep_good nopl xtopology nonstop_tsc cpuid aperfmperf tsc_known_freq pni pclmulqdq dtes64 monitor ds_cpl vmx est tm2 ssse3 sdbg fma cx16 xtpr pdcm pcid sse4_1 sse4_2 x2apic movbe popcnt tsc_deadline_timer aes xsave avx f16c rdrand lahf_lm abm 3dnowprefetch cpuid_fault invpcid_single pti retpoline intel_pt rsb_ctxsw tpr_shadow vnmi flexpriority ept vpid fsgsbase tsc_adjust bmi1 hle avx2 smep bmi2 erms invpcid rtm mpx rdseed adx smap clflushopt xsaveopt xsavec xgetbv1 xsaves dtherm ida arat pln pts hwp hwp_notify hwp_act_window hwp_epp
bugs		: cpu_meltdown spectre_v1 spectre_v2
bogomips	: 8400.00
clflush size	: 64
cache_alignment	: 64
address sizes	: 39 bits physical, 48 bits virtual
power management:

processor	: 5
vendor_id	: GenuineIntel
cpu family	: 6
model		: 158
model name	: Intel(R) Core(TM) i7-7700K CPU @ 4.20GHz
stepping	: 9
microcode	: 0x5e
cpu MHz		: 4200.000
cache size	: 8192 KB
physical id	: 0
siblings	: 8
core id		: 1
cpu cores	: 4
apicid		: 3
initial apicid	: 3
fpu		: yes
fpu_exception	: yes
cpuid level	: 22
wp		: yes
flags		: fpu vme de pse tsc msr pae mce cx8 apic sep mtrr pge mca cmov pat pse36 clflush dts acpi mmx fxsr sse sse2 ss ht tm pbe syscall nx pdpe1gb rdtscp lm constant_tsc art arch_perfmon pebs bts rep_good nopl xtopology nonstop_tsc cpuid aperfmperf tsc_known_freq pni pclmulqdq dtes64 monitor ds_cpl vmx est tm2 ssse3 sdbg fma cx16 xtpr pdcm pcid sse4_1 sse4_2 x2apic movbe popcnt tsc_deadline_timer aes xsave avx f16c rdrand lahf_lm abm 3dnowprefetch cpuid_fault invpcid_single pti retpoline intel_pt rsb_ctxsw tpr_shadow vnmi flexpriority ept vpid fsgsbase tsc_adjust bmi1 hle avx2 smep bmi2 erms invpcid rtm mpx rdseed adx smap clflushopt xsaveopt xsavec xgetbv1 xsaves dtherm ida arat pln pts hwp hwp_notify hwp_act_window hwp_epp
bugs		: cpu_meltdown spectre_v1 spectre_v2
bogomips	: 8400.00
clflush size	: 64
cache_alignment	: 64
address sizes	: 39 bits physical, 48 bits virtual
power management:

processor	: 6
vendor_id	: GenuineIntel
cpu family	: 6
model		: 158
model name	: Intel(R) Core(TM) i7-7700K CPU @ 4.20GHz
stepping	: 9
microcode	: 0x5e
cpu MHz		: 4200.000
cache size	: 8192 KB
physical id	: 0
siblings	: 8
core id		: 2
cpu cores	: 4
apicid		: 5
initial apicid	: 5
fpu		: yes
fpu_exception	: yes
cpuid level	: 22
wp		: yes
flags		: fpu vme de pse tsc msr pae mce cx8 apic sep mtrr pge mca cmov pat pse36 clflush dts acpi mmx fxsr sse sse2 ss ht tm pbe syscall nx pdpe1gb rdtscp lm constant_tsc art arch_perfmon pebs bts rep_good nopl xtopology nonstop_tsc cpuid aperfmperf tsc_known_freq pni pclmulqdq dtes64 monitor ds_cpl vmx est tm2 ssse3 sdbg fma cx16 xtpr pdcm pcid sse4_1 sse4_2 x2apic movbe popcnt tsc_deadline_timer aes xsave avx f16c rdrand lahf_lm abm 3dnowprefetch cpuid_fault invpcid_single pti retpoline intel_pt rsb_ctxsw tpr_shadow vnmi flexpriority ept vpid fsgsbase tsc_adjust bmi1 hle avx2 smep bmi2 erms invpcid rtm mpx rdseed adx smap clflushopt xsaveopt xsavec xgetbv1 xsaves dtherm ida arat pln pts hwp hwp_notify hwp_act_window hwp_epp
bugs		: cpu_meltdown spectre_v1 spectre_v2
bogomips	: 8400.00
clflush size	: 64
cache_alignment	: 64
address sizes	: 39 bits physical, 48 bits virtual
power management:

processor	: 7
vendor_id	: GenuineIntel
cpu family	: 6
model		: 158
model name	: Intel(R) Core(TM) i7-7700K CPU @ 4.20GHz
stepping	: 9
microcode	: 0x5e
cpu MHz		: 4200.000
cache size	: 8192 KB
physical id	: 0
siblings	: 8
core id		: 3
cpu cores	: 4
apicid		: 7
initial apicid	: 7
fpu		: yes
fpu_exception	: yes
cpuid level	: 22
wp		: yes
flags		: fpu vme de pse tsc msr pae mce cx8 apic sep mtrr pge mca cmov pat pse36 clflush dts acpi mmx fxsr sse sse2 ss ht tm pbe syscall nx pdpe1gb rdtscp lm constant_tsc art arch_perfmon pebs bts rep_good nopl xtopology nonstop_tsc cpuid aperfmperf tsc_known_freq pni pclmulqdq dtes64 monitor ds_cpl vmx est tm2 ssse3 sdbg fma cx16 xtpr pdcm pcid sse4_1 sse4_2 x2apic movbe popcnt tsc_deadline_timer aes xsave avx f16c rdrand lahf_lm abm 3dnowprefetch cpuid_fault invpcid_single pti retpoline intel_pt rsb_ctxsw tpr_shadow vnmi flexpriority ept vpid fsgsbase tsc_adjust bmi1 hle avx2 smep bmi2 erms invpcid rtm mpx rdseed adx smap clflushopt xsaveopt xsavec xgetbv1 xsaves dtherm ida arat pln pts hwp hwp_notify hwp_act_window hwp_epp
bugs		: cpu_meltdown spectre_v1 spectre_v2
bogomips	: 8400.00
clflush size	: 64
cache_alignment	: 64
address sizes	: 39 bits physical, 48 bits virtual
power management:



Memory: 4k page, physical 16381720k(138048k free), swap 8267772k(0k free)

vm_info: Java HotSpot(TM) 64-Bit Server VM (25.161-b12) for linux-amd64 JRE (1.8.0_161-b12), built on Dec 19 2017 16:12:43 by "java_re" with gcc 4.3.0 20080428 (Red Hat 4.3.0-8)

time: Fri Mar 23 14:18:03 2018
elapsed time: 0 seconds (0d 0h 0m 0s)

