[12:49:59] [Server thread/INFO]: Starting minecraft server version 1.8.3
[12:49:59] [Server thread/WARN]: To start the server with more ram, launch it as "java -Xmx1024M -Xms1024M -jar minecraft_server.jar"
[12:49:59] [Server thread/INFO]: Loading properties
[12:49:59] [Server thread/INFO]: Default game type: SURVIVAL
[12:49:59] [Server thread/INFO]: This server is running CraftBukkit version git-Spigot-2ec6f06-7722428 (MC: 1.8.3) (Implementing API version 1.8.3-R0.1-SNAPSHOT)
[12:49:59] [Server thread/INFO]: Server Ping Player Sample Count: 12
[12:49:59] [Server thread/INFO]: Using 4 threads for Netty based IO
[12:49:59] [Server thread/INFO]: Debug logging is disabled
[12:49:59] [Server thread/INFO]: Generating keypair
[12:49:59] [Server thread/INFO]: Starting Minecraft server on *:25567
[12:49:59] [Server thread/INFO]: Using epoll channel type
[12:49:59] [Server thread/ERROR]: Could not load 'plugins/PermissionsEx.jar' in folder 'plugins'
org.bukkit.plugin.InvalidDescriptionException: Invalid plugin.yml
	at org.bukkit.plugin.java.JavaPluginLoader.getPluginDescription(JavaPluginLoader.java:162) ~[spigot-1.8.3.jar:git-Spigot-2ec6f06-7722428]
	at org.bukkit.plugin.SimplePluginManager.loadPlugins(SimplePluginManager.java:133) [spigot-1.8.3.jar:git-Spigot-2ec6f06-7722428]
	at org.bukkit.craftbukkit.v1_8_R2.CraftServer.loadPlugins(CraftServer.java:291) [spigot-1.8.3.jar:git-Spigot-2ec6f06-7722428]
	at net.minecraft.server.v1_8_R2.DedicatedServer.init(DedicatedServer.java:199) [spigot-1.8.3.jar:git-Spigot-2ec6f06-7722428]
	at net.minecraft.server.v1_8_R2.MinecraftServer.run(MinecraftServer.java:522) [spigot-1.8.3.jar:git-Spigot-2ec6f06-7722428]
	at java.lang.Thread.run(Thread.java:748) [?:1.8.0_161]
Caused by: java.util.zip.ZipException: error in opening zip file
	at java.util.zip.ZipFile.open(Native Method) ~[?:1.8.0_161]
	at java.util.zip.ZipFile.<init>(ZipFile.java:225) ~[?:1.8.0_161]
	at java.util.zip.ZipFile.<init>(ZipFile.java:155) ~[?:1.8.0_161]
	at java.util.jar.JarFile.<init>(JarFile.java:166) ~[?:1.8.0_161]
	at java.util.jar.JarFile.<init>(JarFile.java:130) ~[?:1.8.0_161]
	at org.bukkit.plugin.java.JavaPluginLoader.getPluginDescription(JavaPluginLoader.java:150) ~[spigot-1.8.3.jar:git-Spigot-2ec6f06-7722428]
	... 5 more
[12:49:59] [Server thread/INFO]: Set PluginClassLoader as parallel capable
[12:49:59] [Server thread/INFO]: [CoreProtect] Loading CoreProtect v2.10.0
[12:49:59] [Server thread/INFO]: [Citizens] Loading Citizens v2.0.15-SNAPSHOT (build 1228)
[12:49:59] [Server thread/INFO]: [WorldEdit] Loading WorldEdit v6.0.2-SNAPSHOT;3370-58aac973
[12:49:59] [Server thread/INFO]: [iFill] Loading iFill v0.1.0
[12:49:59] [Server thread/INFO]: [NetherWater] Loading NetherWater v1.4
[12:49:59] [Server thread/INFO]: [FastCraft] Loading FastCraft v2.0.3
[12:49:59] [Server thread/INFO]: [OpenInv] Loading OpenInv v2.3.4
[12:49:59] [Server thread/INFO]: [Essentials] Loading Essentials vTeamCity
[12:49:59] [Server thread/INFO]: [EssentialsChat] Loading EssentialsChat vTeamCity
[12:49:59] [Server thread/INFO]: [GraviTree] Loading GraviTree v3.1.0-alpha
[12:49:59] [Server thread/INFO]: [PetBlocks] Loading PetBlocks v6.5.0
[12:49:59] [Server thread/INFO]: [Movecraft] Loading Movecraft v4.0.1
[12:49:59] [Server thread/INFO]: [ViaVersion] Loading ViaVersion v1.3.0
[12:49:59] [Server thread/INFO]: [ViaVersion] ViaVersion 1.3.0 is now loaded, injecting!
[12:49:59] [Server thread/INFO]: [CosmicVaults] Loading CosmicVaults v2
[12:49:59] [Server thread/INFO]: [ViaBackwards] Loading ViaBackwards v2.3.1
[12:49:59] [Server thread/INFO]: [EssentialsSpawn] Loading EssentialsSpawn vTeamCity
[12:49:59] [Server thread/INFO]: [ProtocolLib] Loading ProtocolLib v3.6.3-SNAPSHOT-b116
[12:49:59] [Server thread/INFO]: [LibsDisguises] Loading LibsDisguises v9.5.0-SNAPSHOT
[12:49:59] [Server thread/INFO]: [BungeePortals] Loading BungeePortals v1.2
[12:49:59] [Server thread/INFO]: [EssentialsProtect] Loading EssentialsProtect vTeamCity
[12:49:59] [Server thread/INFO]: [HolographicDisplays] Loading HolographicDisplays v2.1.9
[12:49:59] [Server thread/INFO]: [ViaBackwards] Enabling ViaBackwards v2.3.1
[12:49:59] [Server thread/INFO]: [ProtocolLib] Enabling ProtocolLib v3.6.3-SNAPSHOT-b116
[12:49:59] [Server thread/INFO]: [ProtocolLib] Started structure compiler thread.
[12:49:59] [Server thread/WARN]: **** SERVER IS RUNNING IN OFFLINE/INSECURE MODE!
[12:49:59] [Server thread/WARN]: The server will make no attempt to authenticate usernames. Beware.
[12:49:59] [Server thread/WARN]: While this makes the game possible to play without internet access, it also opens up the ability for hackers to connect with any username they choose.
[12:49:59] [Server thread/WARN]: To change this, set "online-mode" to "true" in the server.properties file.
[12:49:59] [Server thread/INFO]: **** Beginning UUID conversion, this may take A LONG time ****
[12:50:00] [Server thread/INFO]: Preparing level "world"
[12:50:00] [Server thread/INFO]: -------- World Settings For [world] --------
[12:50:00] [Server thread/INFO]: Cactus Growth Modifier: 100%
[12:50:00] [Server thread/INFO]: Cane Growth Modifier: 100%
[12:50:00] [Server thread/INFO]: Melon Growth Modifier: 100%
[12:50:00] [Server thread/INFO]: Mushroom Growth Modifier: 100%
[12:50:00] [Server thread/INFO]: Pumpkin Growth Modifier: 100%
[12:50:00] [Server thread/INFO]: Sapling Growth Modifier: 100%
[12:50:00] [Server thread/INFO]: Wheat Growth Modifier: 100%
[12:50:00] [Server thread/INFO]: Entity Activation Range: An 32 / Mo 32 / Mi 16
[12:50:00] [Server thread/INFO]: Entity Tracking Range: Pl 48 / An 48 / Mo 48 / Mi 32 / Other 64
[12:50:00] [Server thread/INFO]: Hopper Transfer: 8 Hopper Check: 1 Hopper Amount: 1
[12:50:00] [Server thread/INFO]: Random Lighting Updates: false
[12:50:00] [Server thread/INFO]: Structure Info Saving: true
[12:50:00] [Server thread/INFO]: Sending up to 10 chunks per packet
[12:50:00] [Server thread/INFO]: Max Entity Collisions: 8
[12:50:00] [Server thread/INFO]: Mob Spawn Range: 4
[12:50:00] [Server thread/INFO]: Anti X-Ray: true
[12:50:00] [Server thread/INFO]: 	Engine Mode: 1
[12:50:00] [Server thread/INFO]: 	Hidden Blocks: [14, 15, 16, 21, 48, 49, 54, 56, 73, 74, 82, 129, 130]
[12:50:00] [Server thread/INFO]: 	Replace Blocks: [1, 5]
[12:50:00] [Server thread/INFO]: Nerfing mobs spawned from spawners: false
[12:50:00] [Server thread/INFO]: Custom Map Seeds:  Village: 10387312 Feature: 14357617
[12:50:00] [Server thread/INFO]: Max TNT Explosions: 100
[12:50:00] [Server thread/INFO]: Tile Max Tick Time: 50ms Entity max Tick Time: 50ms
[12:50:00] [Server thread/INFO]: Item Despawn Rate: 6000
[12:50:00] [Server thread/INFO]: Item Merge Radius: 2.5
[12:50:00] [Server thread/INFO]: Arrow Despawn Rate: 1200
[12:50:00] [Server thread/INFO]: Allow Zombie Pigmen to spawn from portal blocks: true
[12:50:00] [Server thread/INFO]: View Distance: 10
[12:50:00] [Server thread/INFO]: Zombie Aggressive Towards Villager: true
[12:50:00] [Server thread/INFO]: Chunks to Grow per Tick: 650
[12:50:00] [Server thread/INFO]: Clear tick list: false
[12:50:00] [Server thread/INFO]: Experience Merge Radius: 3.0
[12:50:00] [Server thread/INFO]: -------- World Settings For [world_nether] --------
[12:50:00] [Server thread/INFO]: Cactus Growth Modifier: 100%
[12:50:00] [Server thread/INFO]: Cane Growth Modifier: 100%
[12:50:00] [Server thread/INFO]: Melon Growth Modifier: 100%
[12:50:00] [Server thread/INFO]: Mushroom Growth Modifier: 100%
[12:50:00] [Server thread/INFO]: Pumpkin Growth Modifier: 100%
[12:50:00] [Server thread/INFO]: Sapling Growth Modifier: 100%
[12:50:00] [Server thread/INFO]: Wheat Growth Modifier: 100%
[12:50:00] [Server thread/INFO]: Entity Activation Range: An 32 / Mo 32 / Mi 16
[12:50:00] [Server thread/INFO]: Entity Tracking Range: Pl 48 / An 48 / Mo 48 / Mi 32 / Other 64
[12:50:00] [Server thread/INFO]: Hopper Transfer: 8 Hopper Check: 1 Hopper Amount: 1
[12:50:00] [Server thread/INFO]: Random Lighting Updates: false
[12:50:00] [Server thread/INFO]: Structure Info Saving: true
[12:50:00] [Server thread/INFO]: Sending up to 10 chunks per packet
[12:50:00] [Server thread/INFO]: Max Entity Collisions: 8
[12:50:00] [Server thread/INFO]: Mob Spawn Range: 4
[12:50:00] [Server thread/INFO]: Anti X-Ray: true
[12:50:00] [Server thread/INFO]: 	Engine Mode: 1
[12:50:00] [Server thread/INFO]: 	Hidden Blocks: [14, 15, 16, 21, 48, 49, 54, 56, 73, 74, 82, 129, 130]
[12:50:00] [Server thread/INFO]: 	Replace Blocks: [1, 5]
[12:50:00] [Server thread/INFO]: Nerfing mobs spawned from spawners: false
[12:50:00] [Server thread/INFO]: Custom Map Seeds:  Village: 10387312 Feature: 14357617
[12:50:00] [Server thread/INFO]: Max TNT Explosions: 100
[12:50:00] [Server thread/INFO]: Tile Max Tick Time: 50ms Entity max Tick Time: 50ms
[12:50:00] [Server thread/INFO]: Item Despawn Rate: 6000
[12:50:00] [Server thread/INFO]: Item Merge Radius: 2.5
[12:50:00] [Server thread/INFO]: Arrow Despawn Rate: 1200
[12:50:00] [Server thread/INFO]: Allow Zombie Pigmen to spawn from portal blocks: true
[12:50:00] [Server thread/INFO]: View Distance: 10
[12:50:00] [Server thread/INFO]: Zombie Aggressive Towards Villager: true
[12:50:00] [Server thread/INFO]: Chunks to Grow per Tick: 650
[12:50:00] [Server thread/INFO]: Clear tick list: false
[12:50:00] [Server thread/INFO]: Experience Merge Radius: 3.0
[12:50:00] [Server thread/INFO]: -------- World Settings For [world_the_end] --------
[12:50:00] [Server thread/INFO]: Cactus Growth Modifier: 100%
[12:50:00] [Server thread/INFO]: Cane Growth Modifier: 100%
[12:50:00] [Server thread/INFO]: Melon Growth Modifier: 100%
[12:50:00] [Server thread/INFO]: Mushroom Growth Modifier: 100%
[12:50:00] [Server thread/INFO]: Pumpkin Growth Modifier: 100%
[12:50:00] [Server thread/INFO]: Sapling Growth Modifier: 100%
[12:50:00] [Server thread/INFO]: Wheat Growth Modifier: 100%
[12:50:00] [Server thread/INFO]: Entity Activation Range: An 32 / Mo 32 / Mi 16
[12:50:00] [Server thread/INFO]: Entity Tracking Range: Pl 48 / An 48 / Mo 48 / Mi 32 / Other 64
[12:50:00] [Server thread/INFO]: Hopper Transfer: 8 Hopper Check: 1 Hopper Amount: 1
[12:50:00] [Server thread/INFO]: Random Lighting Updates: false
[12:50:00] [Server thread/INFO]: Structure Info Saving: true
[12:50:00] [Server thread/INFO]: Sending up to 10 chunks per packet
[12:50:00] [Server thread/INFO]: Max Entity Collisions: 8
[12:50:00] [Server thread/INFO]: Mob Spawn Range: 4
[12:50:00] [Server thread/INFO]: Anti X-Ray: true
[12:50:00] [Server thread/INFO]: 	Engine Mode: 1
[12:50:00] [Server thread/INFO]: 	Hidden Blocks: [14, 15, 16, 21, 48, 49, 54, 56, 73, 74, 82, 129, 130]
[12:50:00] [Server thread/INFO]: 	Replace Blocks: [1, 5]
[12:50:00] [Server thread/INFO]: Nerfing mobs spawned from spawners: false
[12:50:00] [Server thread/INFO]: Custom Map Seeds:  Village: 10387312 Feature: 14357617
[12:50:00] [Server thread/INFO]: Max TNT Explosions: 100
[12:50:00] [Server thread/INFO]: Tile Max Tick Time: 50ms Entity max Tick Time: 50ms
[12:50:00] [Server thread/INFO]: Item Despawn Rate: 6000
[12:50:00] [Server thread/INFO]: Item Merge Radius: 2.5
[12:50:00] [Server thread/INFO]: Arrow Despawn Rate: 1200
[12:50:00] [Server thread/INFO]: Allow Zombie Pigmen to spawn from portal blocks: true
[12:50:00] [Server thread/INFO]: View Distance: 10
[12:50:00] [Server thread/INFO]: Zombie Aggressive Towards Villager: true
[12:50:00] [Server thread/INFO]: Chunks to Grow per Tick: 650
[12:50:00] [Server thread/INFO]: Clear tick list: false
[12:50:00] [Server thread/INFO]: Experience Merge Radius: 3.0
[12:50:00] [Server thread/INFO]: Preparing start region for level 0 (Seed: 27594263)
[12:50:00] [Server thread/INFO]: Preparing start region for level 1 (Seed: 27594263)
[12:50:00] [Server thread/INFO]: Preparing start region for level 2 (Seed: -2365561792230493272)
[12:50:01] [Server thread/INFO]: [CoreProtect] Enabling CoreProtect v2.10.0
[12:50:01] [Server thread/INFO]: [CoreProtect] Invalid WorldEdit version found.
[12:50:01] [Server thread/INFO]: CoreProtect version 2.10.0 is enabled!
[12:50:01] [Server thread/INFO]: [CoreProtect] Using SQLite for data storage.
[12:50:01] [Server thread/INFO]: [Citizens] Enabling Citizens v2.0.15-SNAPSHOT (build 1228)
[12:50:01] [Server thread/ERROR]: [Citizens] Unable to find Rhino classes - javascript scripts won't see non-CraftBukkit classes
[12:50:01] [Server thread/INFO]: [Citizens] Unable to use economy handling. Has Vault been enabled?
[12:50:01] [Server thread/INFO]: [WorldEdit] Enabling WorldEdit v6.0.2-SNAPSHOT;3370-58aac973
[12:50:01] [Server thread/INFO]: WEPIF: Using the Bukkit Permissions API.
[12:50:01] [Server thread/INFO]: [WorldEdit] Logging WorldEdit commands to /home/trader/Desktop/allcraft/airship_pirates/plugins/WorldEdit/worldedit.log
[12:50:01] [Server thread/INFO]: [WorldEdit] Using com.sk89q.worldedit.bukkit.adapter.impl.Spigot_v1_8_R2 as the Bukkit adapter
[12:50:01] [Server thread/INFO]: [iFill] Enabling iFill v0.1.0
[12:50:01] [Server thread/INFO]: [iFill] done!
[12:50:01] [Server thread/INFO]: [NetherWater] Enabling NetherWater v1.4
[12:50:01] [Server thread/INFO]: [FastCraft] Enabling FastCraft v2.0.3
[12:50:01] [Server thread/INFO]: [OpenInv] Enabling OpenInv v2.3.4
[12:50:01] [Server thread/INFO]: [OpenInv] [Config] Update not required.
[12:50:01] [Server thread/ERROR]: Error occurred while enabling OpenInv v2.3.4 (Is it up to date?)
java.lang.NoClassDefFoundError: net/minecraft/server/v1_8_R3/World
	at com.lishid.openinv.OpenInv.onEnable(OpenInv.java:72) ~[?:?]
	at org.bukkit.plugin.java.JavaPlugin.setEnabled(JavaPlugin.java:321) ~[spigot-1.8.3.jar:git-Spigot-2ec6f06-7722428]
	at org.bukkit.plugin.java.JavaPluginLoader.enablePlugin(JavaPluginLoader.java:335) [spigot-1.8.3.jar:git-Spigot-2ec6f06-7722428]
	at org.bukkit.plugin.SimplePluginManager.enablePlugin(SimplePluginManager.java:405) [spigot-1.8.3.jar:git-Spigot-2ec6f06-7722428]
	at org.bukkit.craftbukkit.v1_8_R2.CraftServer.loadPlugin(CraftServer.java:356) [spigot-1.8.3.jar:git-Spigot-2ec6f06-7722428]
	at org.bukkit.craftbukkit.v1_8_R2.CraftServer.enablePlugins(CraftServer.java:316) [spigot-1.8.3.jar:git-Spigot-2ec6f06-7722428]
	at net.minecraft.server.v1_8_R2.MinecraftServer.r(MinecraftServer.java:416) [spigot-1.8.3.jar:git-Spigot-2ec6f06-7722428]
	at net.minecraft.server.v1_8_R2.MinecraftServer.k(MinecraftServer.java:382) [spigot-1.8.3.jar:git-Spigot-2ec6f06-7722428]
	at net.minecraft.server.v1_8_R2.MinecraftServer.a(MinecraftServer.java:337) [spigot-1.8.3.jar:git-Spigot-2ec6f06-7722428]
	at net.minecraft.server.v1_8_R2.DedicatedServer.init(DedicatedServer.java:257) [spigot-1.8.3.jar:git-Spigot-2ec6f06-7722428]
	at net.minecraft.server.v1_8_R2.MinecraftServer.run(MinecraftServer.java:522) [spigot-1.8.3.jar:git-Spigot-2ec6f06-7722428]
	at java.lang.Thread.run(Thread.java:748) [?:1.8.0_161]
Caused by: java.lang.ClassNotFoundException: net.minecraft.server.v1_8_R3.World
	at org.bukkit.plugin.java.PluginClassLoader.findClass(PluginClassLoader.java:91) ~[spigot-1.8.3.jar:git-Spigot-2ec6f06-7722428]
	at org.bukkit.plugin.java.PluginClassLoader.findClass(PluginClassLoader.java:86) ~[spigot-1.8.3.jar:git-Spigot-2ec6f06-7722428]
	at java.lang.ClassLoader.loadClass(ClassLoader.java:424) ~[?:1.8.0_161]
	at java.lang.ClassLoader.loadClass(ClassLoader.java:357) ~[?:1.8.0_161]
	... 12 more
[12:50:01] [Server thread/INFO]: [Essentials] Enabling Essentials vTeamCity
[12:50:01] [Server thread/INFO]: Bukkit version format changed. Version not checked.
[12:50:01] [Server thread/INFO]: git-Spigot-2ec6f06-7722428 (MC: 1.8.3)
[12:50:01] [Server thread/INFO]: 1.8.3-R0.1-SNAPSHOT
[12:50:01] [Server thread/INFO]: Using locale en_US
[12:50:01] [Server thread/INFO]: Using locale en_US
[12:50:01] [Server thread/INFO]: Essentials: Using config file enhanced permissions.
[12:50:01] [Server thread/INFO]: Permissions listed in as player-commands will be given to all users.
[12:50:01] [Server thread/INFO]: [EssentialsChat] Enabling EssentialsChat vTeamCity
[12:50:01] [Server thread/INFO]: [GraviTree] Enabling GraviTree v3.1.0-alpha
[12:50:01] [Server thread/INFO]: [GraviTree] Plugin enabled (9ms)
[12:50:01] [Server thread/INFO]: [PetBlocks] Enabling PetBlocks v6.5.0
[12:50:01] [Server thread/INFO]: [0;36;1m[PetBlocks] [0;32;1mLoading PetBlocks ...[m
[12:50:02] [Server thread/INFO]: HikariPool-1 - Starting...
[12:50:02] [Server thread/INFO]: HikariPool-1 - Driver does not support get/set network timeout for connections. (org.sqlite.Conn.getNetworkTimeout()I)
[12:50:02] [Server thread/INFO]: HikariPool-1 - Start completed.
[12:50:02] [Server thread/INFO]: Connected to jdbc:sqlite:/home/trader/Desktop/allcraft/airship_pirates/plugins/PetBlocks/PetBlocks.db
[12:50:02] [Server thread/INFO]: [0;36;1m[PetBlocks] [0;32;1mEnabled PetBlocks 6.5.0 by Shynixn[m
[12:50:02] [Server thread/INFO]: [Movecraft] Enabling Movecraft v4.0.1
[12:50:02] [Server thread/INFO]: [Movecraft] Recognized PilotTool setting of: 280
[12:50:02] [Server thread/INFO]: [Movecraft] CompatiblityMode is set to false
[12:50:02] [Server thread/INFO]: [Movecraft] Movecraft did not find a compatible version of WorldGuard. Disabling WorldGuard integration
[12:50:02] [Server thread/INFO]: [Movecraft] Found a compatible version of WorldEdit. Enabling WorldEdit integration
[12:50:02] [Server thread/INFO]: [Movecraft] Movecraft did not find a compatible version of Towny. Disabling Towny integration.
[12:50:02] [Server thread/INFO]: [Movecraft] Found a compatible version of Essentials. Enabling Essentials integration.
[12:50:02] [Server thread/INFO]: [Movecraft] Could not find compatible Vault plugin. Disabling Vault integration.
[12:50:02] [Server thread/INFO]: [Movecraft] Loaded 52 Craft files
[12:50:02] [Server thread/INFO]: [Movecraft] Submitted statistics to mcstats.org succesfully. Thank you for your support.
[12:50:02] [Server thread/INFO]: [Movecraft] [V 4.0.1] has been enabled.
[12:50:02] [Server thread/INFO]: [ViaVersion] Enabling ViaVersion v1.3.0
[12:50:02] [Server thread/INFO]: [CosmicVaults] Enabling CosmicVaults v2
[12:50:02] [Server thread/INFO]: [EssentialsSpawn] Enabling EssentialsSpawn vTeamCity
[12:50:02] [Server thread/INFO]: [LibsDisguises] Enabling LibsDisguises v9.5.0-SNAPSHOT
[12:50:02] [Server thread/INFO]: [LibsDisguises] Discovered nms version: v1_8_R2
[12:50:02] [Server thread/INFO]: [LibsDisguises] This plugin is premium: true
[12:50:02] [Server thread/ERROR]: Error occurred while enabling LibsDisguises v9.5.0-SNAPSHOT (Is it up to date?)
java.lang.NoSuchFieldError: REL_ENTITY_MOVE_LOOK
	at me.libraryaddict.disguise.utilities.packetlisteners.PacketListenerViewDisguises.<init>(PacketListenerViewDisguises.java:28) ~[?:?]
	at me.libraryaddict.disguise.utilities.PacketsManager.init(PacketsManager.java:703) ~[?:?]
	at me.libraryaddict.disguise.LibsDisguises.onEnable(LibsDisguises.java:44) ~[?:?]
	at org.bukkit.plugin.java.JavaPlugin.setEnabled(JavaPlugin.java:321) ~[spigot-1.8.3.jar:git-Spigot-2ec6f06-7722428]
	at org.bukkit.plugin.java.JavaPluginLoader.enablePlugin(JavaPluginLoader.java:335) [spigot-1.8.3.jar:git-Spigot-2ec6f06-7722428]
	at org.bukkit.plugin.SimplePluginManager.enablePlugin(SimplePluginManager.java:405) [spigot-1.8.3.jar:git-Spigot-2ec6f06-7722428]
	at org.bukkit.craftbukkit.v1_8_R2.CraftServer.loadPlugin(CraftServer.java:356) [spigot-1.8.3.jar:git-Spigot-2ec6f06-7722428]
	at org.bukkit.craftbukkit.v1_8_R2.CraftServer.enablePlugins(CraftServer.java:316) [spigot-1.8.3.jar:git-Spigot-2ec6f06-7722428]
	at net.minecraft.server.v1_8_R2.MinecraftServer.r(MinecraftServer.java:416) [spigot-1.8.3.jar:git-Spigot-2ec6f06-7722428]
	at net.minecraft.server.v1_8_R2.MinecraftServer.k(MinecraftServer.java:382) [spigot-1.8.3.jar:git-Spigot-2ec6f06-7722428]
	at net.minecraft.server.v1_8_R2.MinecraftServer.a(MinecraftServer.java:337) [spigot-1.8.3.jar:git-Spigot-2ec6f06-7722428]
	at net.minecraft.server.v1_8_R2.DedicatedServer.init(DedicatedServer.java:257) [spigot-1.8.3.jar:git-Spigot-2ec6f06-7722428]
	at net.minecraft.server.v1_8_R2.MinecraftServer.run(MinecraftServer.java:522) [spigot-1.8.3.jar:git-Spigot-2ec6f06-7722428]
	at java.lang.Thread.run(Thread.java:748) [?:1.8.0_161]
[12:50:02] [Server thread/INFO]: [BungeePortals] Enabling BungeePortals v1.2
[12:50:02] [Server thread/INFO]: [BungeePortals] Metrics initiated!
[12:50:02] [Server thread/INFO]: [BungeePortals] Commands registered!
[12:50:02] [Server thread/INFO]: [BungeePortals] Events registered!
[12:50:02] [Server thread/INFO]: [BungeePortals] Plugin channel registered!
[12:50:02] [Server thread/INFO]: [BungeePortals] Configuration file config.yml loaded!
[12:50:02] [Server thread/INFO]: [BungeePortals] Configuration file portals.yml loaded!
[12:50:02] [Server thread/INFO]: [BungeePortals] Portal data loaded! (0ms)
[12:50:02] [Server thread/INFO]: [BungeePortals] Save task started!
[12:50:02] [Server thread/INFO]: [BungeePortals] Version 1.2 has been enabled. (6ms)
[12:50:02] [Server thread/INFO]: [EssentialsProtect] Enabling EssentialsProtect vTeamCity
[12:50:02] [Server thread/INFO]: [HolographicDisplays] Enabling HolographicDisplays v2.1.9
[12:50:02] [Server thread/INFO]: [HolographicDisplays] Found ProtocolLib, adding support for player relative variables.
[12:50:02] [Server thread/INFO]: Server permissions file permissions.yml is empty, ignoring it
[12:50:02] [Server thread/INFO]: Done (2.387s)! For help, type "help" or "?"
[12:50:02] [Server thread/INFO]: [ViaVersion] ViaVersion detected server version: 1.8.x(47)
[12:50:02] [Server thread/ERROR]: [Citizens] The trait trader failed to load for NPC ID: 304.
[12:50:02] [Server thread/ERROR]: [Citizens] The trait wallet failed to load for NPC ID: 304.
[12:50:02] [Server thread/ERROR]: [Citizens] The trait wallet failed to load for NPC ID: 308.
[12:50:02] [Server thread/ERROR]: [Citizens] The trait trader failed to load for NPC ID: 308.
[12:50:02] [Server thread/ERROR]: [Citizens] The trait trader failed to load for NPC ID: 430.
[12:50:02] [Server thread/ERROR]: [Citizens] The trait wallet failed to load for NPC ID: 430.
[12:50:02] [Server thread/ERROR]: [Citizens] The trait trader failed to load for NPC ID: 509.
[12:50:02] [Server thread/ERROR]: [Citizens] The trait wallet failed to load for NPC ID: 509.
[12:50:02] [Server thread/ERROR]: [Citizens] The trait wallet failed to load for NPC ID: 507.
[12:50:02] [Server thread/ERROR]: [Citizens] The trait trader failed to load for NPC ID: 507.
[12:50:02] [Server thread/ERROR]: [Citizens] The trait wallet failed to load for NPC ID: 506.
[12:50:02] [Server thread/ERROR]: [Citizens] The trait trader failed to load for NPC ID: 506.
[12:50:02] [Server thread/ERROR]: [Citizens] The trait wallet failed to load for NPC ID: 505.
[12:50:02] [Server thread/ERROR]: [Citizens] The trait trader failed to load for NPC ID: 505.
[12:50:02] [Server thread/ERROR]: [Citizens] The trait trader failed to load for NPC ID: 513.
[12:50:02] [Server thread/ERROR]: [Citizens] The trait wallet failed to load for NPC ID: 513.
[12:50:02] [Server thread/ERROR]: [Citizens] The trait trader failed to load for NPC ID: 515.
[12:50:02] [Server thread/ERROR]: [Citizens] The trait wallet failed to load for NPC ID: 515.
[12:50:02] [Server thread/ERROR]: [Citizens] The trait wallet failed to load for NPC ID: 524.
[12:50:02] [Server thread/ERROR]: [Citizens] The trait trader failed to load for NPC ID: 524.
[12:50:02] [Server thread/ERROR]: [Citizens] The trait trader failed to load for NPC ID: 545.
[12:50:02] [Server thread/ERROR]: [Citizens] The trait wallet failed to load for NPC ID: 545.
[12:50:02] [Server thread/ERROR]: [Citizens] The trait sentry failed to load for NPC ID: 562.
[12:50:02] [Server thread/ERROR]: [Citizens] The trait sentry failed to load for NPC ID: 566.
[12:50:02] [Server thread/ERROR]: [Citizens] The trait sentry failed to load for NPC ID: 576.
[12:50:02] [Server thread/ERROR]: [Citizens] The trait wallet failed to load for NPC ID: 709.
[12:50:02] [Server thread/ERROR]: [Citizens] The trait trader failed to load for NPC ID: 709.
[12:50:02] [Server thread/ERROR]: [Citizens] The trait trader failed to load for NPC ID: 825.
[12:50:02] [Server thread/ERROR]: [Citizens] The trait wallet failed to load for NPC ID: 825.
[12:50:02] [Server thread/ERROR]: [Citizens] The trait trader failed to load for NPC ID: 823.
[12:50:02] [Server thread/ERROR]: [Citizens] The trait wallet failed to load for NPC ID: 823.
[12:50:02] [Server thread/ERROR]: [Citizens] The trait trader failed to load for NPC ID: 829.
[12:50:02] [Server thread/ERROR]: [Citizens] The trait wallet failed to load for NPC ID: 829.
[12:50:02] [Server thread/ERROR]: [Citizens] The trait wallet failed to load for NPC ID: 827.
[12:50:02] [Server thread/ERROR]: [Citizens] The trait trader failed to load for NPC ID: 827.
[12:50:02] [Server thread/ERROR]: [Citizens] The trait wallet failed to load for NPC ID: 875.
[12:50:02] [Server thread/ERROR]: [Citizens] The trait trader failed to load for NPC ID: 875.
[12:50:02] [Server thread/ERROR]: [Citizens] The trait wallet failed to load for NPC ID: 960.
[12:50:02] [Server thread/ERROR]: [Citizens] The trait trader failed to load for NPC ID: 960.
[12:50:02] [Server thread/ERROR]: [Citizens] The trait trader failed to load for NPC ID: 962.
[12:50:02] [Server thread/ERROR]: [Citizens] The trait wallet failed to load for NPC ID: 962.
[12:50:02] [Server thread/ERROR]: [Citizens] The trait wallet failed to load for NPC ID: 977.
[12:50:02] [Server thread/ERROR]: [Citizens] The trait trader failed to load for NPC ID: 977.
[12:50:02] [Server thread/ERROR]: [Citizens] The trait wallet failed to load for NPC ID: 976.
[12:50:02] [Server thread/ERROR]: [Citizens] The trait trader failed to load for NPC ID: 976.
[12:50:02] [Server thread/ERROR]: [Citizens] The trait trader failed to load for NPC ID: 980.
[12:50:02] [Server thread/ERROR]: [Citizens] The trait wallet failed to load for NPC ID: 980.
[12:50:02] [Server thread/ERROR]: [Citizens] The trait wallet failed to load for NPC ID: 989.
[12:50:02] [Server thread/ERROR]: [Citizens] The trait trader failed to load for NPC ID: 989.
[12:50:02] [Server thread/ERROR]: [Citizens] The trait trader failed to load for NPC ID: 1,007.
[12:50:02] [Server thread/ERROR]: [Citizens] The trait wallet failed to load for NPC ID: 1,007.
[12:50:02] [Server thread/ERROR]: [Citizens] The trait wallet failed to load for NPC ID: 1,006.
[12:50:02] [Server thread/ERROR]: [Citizens] The trait trader failed to load for NPC ID: 1,006.
[12:50:02] [Server thread/ERROR]: [Citizens] The trait wallet failed to load for NPC ID: 1,005.
[12:50:02] [Server thread/ERROR]: [Citizens] The trait trader failed to load for NPC ID: 1,005.
[12:50:02] [Server thread/ERROR]: [Citizens] The trait wallet failed to load for NPC ID: 1,004.
[12:50:02] [Server thread/ERROR]: [Citizens] The trait trader failed to load for NPC ID: 1,004.
[12:50:02] [Server thread/ERROR]: [Citizens] The trait trader failed to load for NPC ID: 1,003.
[12:50:02] [Server thread/ERROR]: [Citizens] The trait wallet failed to load for NPC ID: 1,003.
[12:50:02] [Server thread/ERROR]: [Citizens] The trait trader failed to load for NPC ID: 1,002.
[12:50:02] [Server thread/ERROR]: [Citizens] The trait wallet failed to load for NPC ID: 1,002.
[12:50:02] [Server thread/ERROR]: [Citizens] The trait wallet failed to load for NPC ID: 1,000.
[12:50:02] [Server thread/ERROR]: [Citizens] The trait trader failed to load for NPC ID: 1,000.
[12:50:02] [Server thread/ERROR]: [Citizens] The trait trader failed to load for NPC ID: 999.
[12:50:02] [Server thread/ERROR]: [Citizens] The trait wallet failed to load for NPC ID: 999.
[12:50:02] [Server thread/ERROR]: [Citizens] The trait trader failed to load for NPC ID: 998.
[12:50:02] [Server thread/ERROR]: [Citizens] The trait wallet failed to load for NPC ID: 998.
[12:50:02] [Server thread/ERROR]: [Citizens] The trait wallet failed to load for NPC ID: 997.
[12:50:02] [Server thread/ERROR]: [Citizens] The trait trader failed to load for NPC ID: 997.
[12:50:02] [Server thread/ERROR]: [Citizens] The trait trader failed to load for NPC ID: 995.
[12:50:02] [Server thread/ERROR]: [Citizens] The trait wallet failed to load for NPC ID: 995.
[12:50:02] [Server thread/ERROR]: [Citizens] The trait trader failed to load for NPC ID: 994.
[12:50:02] [Server thread/ERROR]: [Citizens] The trait wallet failed to load for NPC ID: 994.
[12:50:02] [Server thread/ERROR]: [Citizens] The trait wallet failed to load for NPC ID: 991.
[12:50:02] [Server thread/ERROR]: [Citizens] The trait trader failed to load for NPC ID: 991.
[12:50:02] [Server thread/ERROR]: [Citizens] The trait wallet failed to load for NPC ID: 992.
[12:50:02] [Server thread/ERROR]: [Citizens] The trait trader failed to load for NPC ID: 992.
[12:50:02] [Server thread/ERROR]: [Citizens] The trait wallet failed to load for NPC ID: 993.
[12:50:02] [Server thread/ERROR]: [Citizens] The trait trader failed to load for NPC ID: 993.
[12:50:02] [Server thread/ERROR]: [Citizens] The trait wallet failed to load for NPC ID: 996.
[12:50:02] [Server thread/ERROR]: [Citizens] The trait trader failed to load for NPC ID: 996.
[12:50:02] [Server thread/ERROR]: [Citizens] The trait wallet failed to load for NPC ID: 1,001.
[12:50:02] [Server thread/ERROR]: [Citizens] The trait trader failed to load for NPC ID: 1,001.
[12:50:02] [Server thread/ERROR]: [Citizens] The trait trader failed to load for NPC ID: 1,008.
[12:50:02] [Server thread/ERROR]: [Citizens] The trait wallet failed to load for NPC ID: 1,008.
[12:50:02] [Server thread/ERROR]: [Citizens] The trait trader failed to load for NPC ID: 1,009.
[12:50:02] [Server thread/ERROR]: [Citizens] The trait wallet failed to load for NPC ID: 1,009.
[12:50:02] [Server thread/ERROR]: [Citizens] The trait trader failed to load for NPC ID: 1,010.
[12:50:02] [Server thread/ERROR]: [Citizens] The trait wallet failed to load for NPC ID: 1,010.
[12:50:02] [Server thread/ERROR]: [Citizens] The trait wallet failed to load for NPC ID: 1,011.
[12:50:02] [Server thread/ERROR]: [Citizens] The trait trader failed to load for NPC ID: 1,011.
[12:50:02] [Server thread/ERROR]: [Citizens] The trait wallet failed to load for NPC ID: 1,012.
[12:50:02] [Server thread/ERROR]: [Citizens] The trait trader failed to load for NPC ID: 1,012.
[12:50:02] [Server thread/ERROR]: [Citizens] The trait wallet failed to load for NPC ID: 1,013.
[12:50:02] [Server thread/ERROR]: [Citizens] The trait trader failed to load for NPC ID: 1,013.
[12:50:02] [Server thread/ERROR]: [Citizens] The trait wallet failed to load for NPC ID: 1,037.
[12:50:02] [Server thread/ERROR]: [Citizens] The trait trader failed to load for NPC ID: 1,037.
[12:50:02] [Server thread/ERROR]: [Citizens] The trait wallet failed to load for NPC ID: 1,036.
[12:50:02] [Server thread/ERROR]: [Citizens] The trait trader failed to load for NPC ID: 1,036.
[12:50:02] [Server thread/ERROR]: [Citizens] The trait trader failed to load for NPC ID: 1,035.
[12:50:02] [Server thread/ERROR]: [Citizens] The trait wallet failed to load for NPC ID: 1,035.
[12:50:02] [Server thread/ERROR]: [Citizens] The trait wallet failed to load for NPC ID: 1,033.
[12:50:02] [Server thread/ERROR]: [Citizens] The trait trader failed to load for NPC ID: 1,033.
[12:50:02] [Server thread/ERROR]: [Citizens] The trait wallet failed to load for NPC ID: 1,032.
[12:50:02] [Server thread/ERROR]: [Citizens] The trait trader failed to load for NPC ID: 1,032.
[12:50:02] [Server thread/ERROR]: [Citizens] The trait wallet failed to load for NPC ID: 1,031.
[12:50:02] [Server thread/ERROR]: [Citizens] The trait trader failed to load for NPC ID: 1,031.
[12:50:02] [Server thread/ERROR]: [Citizens] The trait trader failed to load for NPC ID: 1,030.
[12:50:02] [Server thread/ERROR]: [Citizens] The trait wallet failed to load for NPC ID: 1,030.
[12:50:02] [Server thread/ERROR]: [Citizens] The trait wallet failed to load for NPC ID: 1,029.
[12:50:02] [Server thread/ERROR]: [Citizens] The trait trader failed to load for NPC ID: 1,029.
[12:50:02] [Server thread/ERROR]: [Citizens] The trait trader failed to load for NPC ID: 1,028.
[12:50:02] [Server thread/ERROR]: [Citizens] The trait wallet failed to load for NPC ID: 1,028.
[12:50:02] [Server thread/ERROR]: [Citizens] The trait wallet failed to load for NPC ID: 1,027.
[12:50:02] [Server thread/ERROR]: [Citizens] The trait trader failed to load for NPC ID: 1,027.
[12:50:02] [Server thread/ERROR]: [Citizens] The trait trader failed to load for NPC ID: 1,026.
[12:50:02] [Server thread/ERROR]: [Citizens] The trait wallet failed to load for NPC ID: 1,026.
[12:50:02] [Server thread/ERROR]: [Citizens] The trait trader failed to load for NPC ID: 1,025.
[12:50:02] [Server thread/ERROR]: [Citizens] The trait wallet failed to load for NPC ID: 1,025.
[12:50:02] [Server thread/ERROR]: [Citizens] The trait trader failed to load for NPC ID: 1,024.
[12:50:02] [Server thread/ERROR]: [Citizens] The trait wallet failed to load for NPC ID: 1,024.
[12:50:02] [Server thread/ERROR]: [Citizens] The trait trader failed to load for NPC ID: 1,023.
[12:50:02] [Server thread/ERROR]: [Citizens] The trait wallet failed to load for NPC ID: 1,023.
[12:50:02] [Server thread/ERROR]: [Citizens] The trait trader failed to load for NPC ID: 1,022.
[12:50:02] [Server thread/ERROR]: [Citizens] The trait wallet failed to load for NPC ID: 1,022.
[12:50:02] [Server thread/ERROR]: [Citizens] The trait trader failed to load for NPC ID: 1,021.
[12:50:02] [Server thread/ERROR]: [Citizens] The trait wallet failed to load for NPC ID: 1,021.
[12:50:02] [Server thread/ERROR]: [Citizens] The trait wallet failed to load for NPC ID: 1,020.
[12:50:02] [Server thread/ERROR]: [Citizens] The trait trader failed to load for NPC ID: 1,020.
[12:50:02] [Server thread/ERROR]: [Citizens] The trait wallet failed to load for NPC ID: 1,017.
[12:50:02] [Server thread/ERROR]: [Citizens] The trait trader failed to load for NPC ID: 1,017.
[12:50:02] [Server thread/ERROR]: [Citizens] The trait trader failed to load for NPC ID: 1,016.
[12:50:02] [Server thread/ERROR]: [Citizens] The trait wallet failed to load for NPC ID: 1,016.
[12:50:02] [Craft Scheduler Thread - 7/INFO]: [0;36;1m[PetBlocks] [0;33;1m================================================[m
[12:50:02] [Craft Scheduler Thread - 7/INFO]: [0;36;1m[PetBlocks] [0;33;1mPetBlocks is outdated[m
[12:50:02] [Craft Scheduler Thread - 7/INFO]: [0;36;1m[PetBlocks] [0;33;1mPlease download the latest version from spigotmc.org[m
[12:50:02] [Craft Scheduler Thread - 7/INFO]: [0;36;1m[PetBlocks] [0;33;1m================================================[m
[12:50:02] [Server thread/ERROR]: [Citizens] The trait wallet failed to load for NPC ID: 1,014.
[12:50:02] [Server thread/ERROR]: [Citizens] The trait trader failed to load for NPC ID: 1,014.
[12:50:02] [Server thread/ERROR]: [Citizens] The trait trader failed to load for NPC ID: 1,015.
[12:50:02] [Server thread/ERROR]: [Citizens] The trait wallet failed to load for NPC ID: 1,015.
[12:50:02] [Server thread/ERROR]: [Citizens] The trait wallet failed to load for NPC ID: 1,018.
[12:50:02] [Server thread/ERROR]: [Citizens] The trait trader failed to load for NPC ID: 1,018.
[12:50:02] [Server thread/ERROR]: [Citizens] The trait wallet failed to load for NPC ID: 1,019.
[12:50:02] [Server thread/ERROR]: [Citizens] The trait trader failed to load for NPC ID: 1,019.
[12:50:02] [Server thread/ERROR]: [Citizens] The trait trader failed to load for NPC ID: 1,034.
[12:50:02] [Server thread/ERROR]: [Citizens] The trait wallet failed to load for NPC ID: 1,034.
[12:50:02] [Server thread/ERROR]: [Citizens] The trait trader failed to load for NPC ID: 1,039.
[12:50:02] [Server thread/ERROR]: [Citizens] The trait wallet failed to load for NPC ID: 1,039.
[12:50:02] [Server thread/ERROR]: [Citizens] The trait trader failed to load for NPC ID: 1,040.
[12:50:02] [Server thread/ERROR]: [Citizens] The trait wallet failed to load for NPC ID: 1,040.
[12:50:02] [Server thread/ERROR]: [Citizens] The trait wallet failed to load for NPC ID: 1,041.
[12:50:02] [Server thread/ERROR]: [Citizens] The trait trader failed to load for NPC ID: 1,041.
[12:50:02] [Server thread/ERROR]: [Citizens] The trait wallet failed to load for NPC ID: 1,042.
[12:50:02] [Server thread/ERROR]: [Citizens] The trait trader failed to load for NPC ID: 1,042.
[12:50:02] [Server thread/ERROR]: [Citizens] The trait wallet failed to load for NPC ID: 1,043.
[12:50:02] [Server thread/ERROR]: [Citizens] The trait trader failed to load for NPC ID: 1,043.
[12:50:02] [Server thread/ERROR]: [Citizens] The trait trader failed to load for NPC ID: 1,055.
[12:50:02] [Server thread/ERROR]: [Citizens] The trait wallet failed to load for NPC ID: 1,055.
[12:50:02] [Server thread/ERROR]: [Citizens] The trait wallet failed to load for NPC ID: 1,057.
[12:50:02] [Server thread/ERROR]: [Citizens] The trait trader failed to load for NPC ID: 1,057.
[12:50:02] [Server thread/ERROR]: [Citizens] The trait wallet failed to load for NPC ID: 1,058.
[12:50:02] [Server thread/ERROR]: [Citizens] The trait trader failed to load for NPC ID: 1,058.
[12:50:02] [Server thread/ERROR]: [Citizens] The trait sentry failed to load for NPC ID: 1,075.
[12:50:02] [Server thread/ERROR]: [Citizens] The trait sentry failed to load for NPC ID: 1,074.
[12:50:02] [Server thread/ERROR]: [Citizens] The trait sentry failed to load for NPC ID: 1,073.
[12:50:02] [Server thread/ERROR]: [Citizens] The trait sentry failed to load for NPC ID: 1,072.
[12:50:02] [Server thread/ERROR]: [Citizens] The trait sentry failed to load for NPC ID: 1,071.
[12:50:02] [Server thread/ERROR]: [Citizens] The trait sentry failed to load for NPC ID: 1,070.
[12:50:02] [Server thread/ERROR]: [Citizens] The trait sentry failed to load for NPC ID: 1,069.
[12:50:02] [Server thread/ERROR]: [Citizens] The trait sentry failed to load for NPC ID: 1,076.
[12:50:02] [Server thread/ERROR]: [Citizens] The trait wallet failed to load for NPC ID: 1,129.
[12:50:02] [Server thread/ERROR]: [Citizens] The trait trader failed to load for NPC ID: 1,129.
[12:50:02] [Server thread/INFO]: [Citizens] Loaded 100 NPCs.
[12:50:02] [Server thread/INFO]: [HolographicDisplays] Found a new version available: v2.2.6
[12:50:02] [Server thread/INFO]: [HolographicDisplays] Download it on Bukkit Dev:
[12:50:02] [Server thread/INFO]: [HolographicDisplays] dev.bukkit.org/bukkit-plugins/holographic-displays
[17:44:50] [Server thread/INFO]: Stopping the server
[17:44:50] [Server thread/INFO]: Stopping server
[17:44:50] [Server thread/INFO]: [HolographicDisplays] Disabling HolographicDisplays v2.1.9
[17:44:50] [Server thread/INFO]: [EssentialsProtect] Disabling EssentialsProtect vTeamCity
[17:44:50] [Server thread/INFO]: [BungeePortals] Disabling BungeePortals v1.2
[17:44:50] [Server thread/INFO]: [BungeePortals] Portal data saved! (0ms)
[17:44:50] [Server thread/INFO]: [BungeePortals] Version 1.2 has been disabled. (1ms)
[17:44:50] [Server thread/INFO]: [LibsDisguises] Disabling LibsDisguises v9.5.0-SNAPSHOT
[17:44:50] [Server thread/INFO]: [ProtocolLib] Disabling ProtocolLib v3.6.3-SNAPSHOT-b116
[17:44:50] [Server thread/INFO]: [EssentialsSpawn] Disabling EssentialsSpawn vTeamCity
[17:44:50] [Server thread/INFO]: [ViaBackwards] Disabling ViaBackwards v2.3.1
[17:44:50] [Server thread/INFO]: [CosmicVaults] Disabling CosmicVaults v2
[17:44:50] [Server thread/INFO]: [ViaVersion] Disabling ViaVersion v1.3.0
[17:44:50] [Server thread/INFO]: [ViaVersion] ViaVersion is disabling, if this is a reload and you experience issues consider rebooting.
[17:44:50] [Server thread/INFO]: [Movecraft] Disabling Movecraft v4.0.1
[17:44:50] [Server thread/INFO]: [PetBlocks] Disabling PetBlocks v6.5.0
[17:44:50] [Server thread/INFO]: [GraviTree] Disabling GraviTree v3.1.0-alpha
[17:44:50] [Server thread/INFO]: [GraviTree] GraviTree has been disabled successfully
[17:44:50] [Server thread/INFO]: [EssentialsChat] Disabling EssentialsChat vTeamCity
[17:44:50] [Server thread/INFO]: [Essentials] Disabling Essentials vTeamCity
[17:44:50] [Server thread/INFO]: [OpenInv] Disabling OpenInv v2.3.4
[17:44:50] [Server thread/INFO]: [FastCraft] Disabling FastCraft v2.0.3
[17:44:50] [Server thread/INFO]: [NetherWater] Disabling NetherWater v1.4
[17:44:50] [Server thread/INFO]: [iFill] Disabling iFill v0.1.0
[17:44:50] [Server thread/INFO]: [iFill] done!
[17:44:50] [Server thread/INFO]: [WorldEdit] Disabling WorldEdit v6.0.2-SNAPSHOT;3370-58aac973
[17:44:50] [Server thread/INFO]: [Citizens] Disabling Citizens v2.0.15-SNAPSHOT (build 1228)
[17:44:50] [Server thread/INFO]: [CoreProtect] Disabling CoreProtect v2.10.0
[17:44:51] [Server thread/INFO]: [CoreProtect] Finishing up data logging. Please wait...[m
[17:44:51] [Server thread/INFO]: [CoreProtect] Success! Resuming server shutdown.
[17:44:51] [Server thread/INFO]: Saving players
[17:44:51] [Server thread/INFO]: Saving worlds
[17:44:51] [Server thread/INFO]: Saving chunks for level 'world'/Overworld
[17:44:51] [Server thread/INFO]: Saving chunks for level 'world_nether'/Nether
[17:44:51] [Server thread/INFO]: Saving chunks for level 'world_the_end'/The End
