[10:41:33] [main/INFO] [LaunchWrapper]: Using primary tweak class name net.minecraftforge.fml.common.launcher.FMLServerTweaker
[10:41:33] [main/INFO] [LaunchWrapper]: Calling tweak class net.minecraftforge.fml.common.launcher.FMLServerTweaker
[10:41:33] [main/INFO] [FML]: Forge Mod Loader version 14.23.4.2705 for Minecraft 1.12.2 loading
[10:41:33] [main/INFO] [FML]: Java is Java HotSpot(TM) 64-Bit Server VM, version 1.8.0_171, running on Linux:amd64:4.15.0-23-generic, installed at /usr/lib/jvm/java-8-oracle/jre
[10:41:33] [main/INFO] [FML]: Searching /home/allcraft/Desktop/allcraft/sponge/./mods for mods
[10:41:33] [main/INFO] [FML]: Loading tweaker org.spongepowered.asm.launch.MixinTweaker from spongeforge-1.12.2-2705-7.1.0-BETA-3136.jar
[10:41:33] [main/INFO] [LaunchWrapper]: Loading tweak class name net.minecraftforge.fml.common.launcher.FMLInjectionAndSortingTweaker
[10:41:33] [main/INFO] [LaunchWrapper]: Loading tweak class name org.spongepowered.asm.launch.MixinTweaker
[10:41:33] [main/INFO] [mixin]: SpongePowered MIXIN Subsystem Version=0.7.4 Source=file:/home/allcraft/Desktop/allcraft/sponge/./mods/spongeforge-1.12.2-2705-7.1.0-BETA-3136.jar Service=LaunchWrapper Env=SERVER
[10:41:33] [main/INFO] [mixin]: Compatibility level set to JAVA_8
[10:41:33] [main/INFO] [mixin]: Adding new token provider org.spongepowered.mod.SpongeCoremod$TokenProvider to MixinEnvironment[DEFAULT]
[10:41:33] [main/INFO] [mixin]: Adding new token provider org.spongepowered.mod.SpongeCoremod$TokenProvider to MixinEnvironment[PREINIT]
[10:41:33] [main/INFO] [mixin]: Adding new token provider org.spongepowered.mod.SpongeCoremod$TokenProvider to MixinEnvironment[INIT]
[10:41:33] [main/INFO] [LaunchWrapper]: Loading tweak class name net.minecraftforge.fml.common.launcher.FMLDeobfTweaker
[10:41:33] [main/INFO] [LaunchWrapper]: Calling tweak class net.minecraftforge.fml.common.launcher.FMLInjectionAndSortingTweaker
[10:41:33] [main/INFO] [LaunchWrapper]: Calling tweak class net.minecraftforge.fml.common.launcher.FMLInjectionAndSortingTweaker
[10:41:33] [main/INFO] [LaunchWrapper]: Calling tweak class net.minecraftforge.fml.relauncher.CoreModManager$FMLPluginWrapper
[10:41:34] [main/INFO] [FML]: Found valid fingerprint for Minecraft Forge. Certificate fingerprint e3c3d50c7c986df74c645c0ac54639741c90a557
[10:41:34] [main/INFO] [LaunchWrapper]: Calling tweak class net.minecraftforge.fml.relauncher.CoreModManager$FMLPluginWrapper
[10:41:34] [main/INFO] [LaunchWrapper]: Calling tweak class org.spongepowered.asm.launch.MixinTweaker
[10:41:34] [main/INFO] [mixin]: Initialised Mixin FML Remapper Adapter with net.minecraftforge.fml.common.asm.transformers.deobf.FMLDeobfuscatingRemapper@312afbc7
[10:41:34] [main/INFO] [LaunchWrapper]: Calling tweak class net.minecraftforge.fml.common.launcher.FMLDeobfTweaker
[10:41:35] [main/INFO] [LaunchWrapper]: Loading tweak class name net.minecraftforge.fml.common.launcher.TerminalTweaker
[10:41:35] [main/INFO] [LaunchWrapper]: Loading tweak class name org.spongepowered.asm.mixin.EnvironmentStateTweaker
[10:41:35] [main/INFO] [LaunchWrapper]: Calling tweak class net.minecraftforge.fml.common.launcher.TerminalTweaker
[10:41:35] [main/INFO] [LaunchWrapper]: Calling tweak class org.spongepowered.asm.mixin.EnvironmentStateTweaker
[10:41:39] [main/WARN] [mixin]: Static binding violation: PRIVATE overwrite method initializeConnectionToPlayer in mixins.common.core.json:server.MixinPlayerList cannot reduce visibiliy of PUBLIC target method, visibility will be upgraded.
[10:41:39] [main/INFO] [LaunchWrapper]: Launching wrapped minecraft {net.minecraft.server.MinecraftServer}
[10:41:43] [Server thread/INFO] [net.minecraft.server.dedicated.DedicatedServer]: Starting minecraft server version 1.12.2
[10:41:43] [Server thread/INFO] [FML]: MinecraftForge v14.23.4.2705 Initialized
[10:41:43] [Server thread/INFO] [FML]: Starts to replace vanilla recipe ingredients with ore ingredients.
[10:41:43] [Server thread/INFO] [FML]: Replaced 1036 ore ingredients
