05:53 Enderknight205:  placed a sign @ world: x25, z733
  Close
05:53 Enderknight205:  placed a sign @ world: x25, z732
  Medium
05:53 Enderknight205:  placed a sign @ world: x25, z731
  Far
05:53 Enderknight205:  placed a sign @ world: x25, z730
  Very Far
06:04 Enderknight205:  placed a sign @ world: x42, z729
  Clear Inventory
07:27 Enderknight205:  placed a sign @ world: x50, z749
  Cook
07:28 Enderknight205:  placed a sign @ world: x50, z749
  Start
07:34 Enderknight205:  placed a sign @ world: x45, z749
  Chicken Cooker
  2.0
07:34 Enderknight205:  placed a sign @ world: x45, z749
  By
  Enderknight205
08:43 TheJavaDev    :  placed a sign @ world: x48, z749
  babies were
  surviving
  so i removed
  slab
08:45 TheJavaDev    :  placed a sign @ world: x35, z735
  
11:56 TheJavaDev    : ill come in an hour
12:00 JEAN_MILAN    :  placed a sign @ world: x-416, z186
  admin
12:01 JEAN_MILAN    :  placed a sign @ world: x-412, z212
  admin
13:32 TheJavaDev:  placed a sign @ world: x-410, z186
  karl is 
  newin
  bruh
13:32 TheJavaDev: hi
13:33 TheJavaDev: skype call
13:33 JEAN_MILAN: no
13:33 TheJavaDev: k
13:34 JEAN_MILAN: no call later
13:34 TheJavaDev: kk
13:35 JEAN_MILAN: how do you del npc
13:35 TheJavaDev: look at him
13:35 TheJavaDev: the do /npc select
13:35 JEAN_MILAN: yr
13:35 TheJavaDev: then /npc delete
13:35 JEAN_MILAN: i can't
13:38 JEAN_MILAN: unable command blocks pls
13:40 TheJavaDev: oh wait ill get movecraft another estart sry
13:45 JEAN_MILAN: NOO
13:45 JEAN_MILAN: don't tuche what was built
13:46 JEAN_MILAN: there will be another place for watche uout
13:46 TheJavaDev: no this isnt watchout
13:46 JEAN_MILAN: well whatever no
13:46 JEAN_MILAN: whaat is it
13:46 JEAN_MILAN: what is it
13:46 TheJavaDev:  placed a sign @ world: x-219, z59
  Jean's Floating
  Mansion
  BigAirship
13:47 JEAN_MILAN: what is it
13:48 TheJavaDev:  placed a sign @ world: x-219, z59
  BigAirship
  Jean's Floating
  Mansion
13:48 TheJavaDev:  placed a sign @ world: x-219, z58
  [helm]
13:48 TheJavaDev:  placed a sign @ world: x-219, z57
  Cruise:OFF
13:48 JEAN_MILAN: what no
13:48 TheJavaDev:  placed a sign @ world: x-219, z56
  Descend:OFF
13:48 TheJavaDev:  placed a sign @ world: x-219, z55
  Ascend:OFF
13:48 TheJavaDev: now we need to add wool
13:48 JEAN_MILAN: that will be in another place
13:48 TheJavaDev: oh ok
13:48 JEAN_MILAN: pls trust me
13:48 JEAN_MILAN: in te secret under ground
13:49 JEAN_MILAN: down stairs
13:49 TheJavaDev: kk
13:49 JEAN_MILAN: pls do the other wing or other side just without the furniture
13:49 TheJavaDev: you also need engine
13:49 JEAN_MILAN: ye under
13:49 JEAN_MILAN: but house first
13:49 TheJavaDev: oooooo thats a wing i geet it
13:49 JEAN_MILAN: nooooo
13:50 TheJavaDev: o
13:50 JEAN_MILAN: just do the other side
13:50 TheJavaDev: same?
13:50 JEAN_MILAN: without the furniture yes same
13:54 JEAN_MILAN: ah
13:56 JEAN_MILAN: alex trying and trying and failing and failing
13:57 TheJavaDev: aa!
13:57 JEAN_MILAN: what
13:57 TheJavaDev: BOOM
13:57 JEAN_MILAN: omg
13:57 TheJavaDev: #skillz
13:57 JEAN_MILAN: OMG
13:57 JEAN_MILAN: OMG
13:57 JEAN_MILAN: OMG/
13:57 TheJavaDev: lol
13:57 JEAN_MILAN: OMG//
13:57 JEAN_MILAN: OMG///
13:57 JEAN_MILAN: OMG////
13:57 JEAN_MILAN: OMG/////
13:57 JEAN_MILAN: OMG//////
13:59 TheJavaDev: the main central thingy isnt even
13:59 JEAN_MILAN: what
14:00 TheJavaDev: 5 blocks on one side and 4 on other
14:00 JEAN_MILAN: what ever
14:00 TheJavaDev: kk
14:00 JEAN_MILAN: 1 block
14:00 TheJavaDev: looking cool
14:00 TheJavaDev: should we make like thrusters or somethin
14:00 JEAN_MILAN: pls clear and macke bedroom in the scond wing
14:00 TheJavaDev: kk
14:00 JEAN_MILAN: kitchen basicly living deck
14:01 TheJavaDev: also if you want this to fly like an aisrhip we will need a lot of wool
14:01 JEAN_MILAN: um just put big motter
14:01 TheJavaDev: like it has to be like 70%of the build wool we will have to make a giant ballon or somethin
14:02 JEAN_MILAN: sure
14:02 TheJavaDev: whats your favortie color
14:02 JEAN_MILAN: um blue orange red
14:02 JEAN_MILAN: lol
14:02 TheJavaDev: xD
14:05 JEAN_MILAN: is AFK
14:06 TheJavaDev: u need a place to pee
14:06 JEAN_MILAN: um just go uotside and do it
14:06 TheJavaDev: no like a bathroom
14:06 TheJavaDev: in the house
14:06 JEAN_MILAN: um just go uotside and do it
14:06 JEAN_MILAN: the house
14:06 TheJavaDev: no i minecraft
14:07 JEAN_MILAN: go outside of the house and pee into th sky
14:07 JEAN_MILAN: no need bathroom
14:07 TheJavaDev: ...
14:07 TheJavaDev: _>___
14:07 TheJavaDev: brb
14:07 JEAN_MILAN: this space is empty
14:07 JEAN_MILAN: fill itin pls
14:08 TheJavaDev: could i make thrusters
14:08 JEAN_MILAN: whats that
14:09 JEAN_MILAN: uh
14:09 JEAN_MILAN: why you leave
14:10 TheJavaDev: a big hole with fire coming out like on a rocket
14:10 JEAN_MILAN: na
14:10 JEAN_MILAN: to ugly
14:10 TheJavaDev: kk
14:16 TheJavaDev: how are u
14:16 JEAN_MILAN: dead
14:16 TheJavaDev: y
14:16 JEAN_MILAN: what was your mile time last year
14:16 TheJavaDev: not much
14:16 JEAN_MILAN: no number
14:17 TheJavaDev: i was probably the last cause i had giant asthma that time
14:17 TheJavaDev: so my mom said i can only walk
14:17 JEAN_MILAN: sure
14:18 TheJavaDev: this boat is looking good
14:18 JEAN_MILAN: how
14:18 TheJavaDev: oo coooool
14:18 TheJavaDev: cool
14:18 JEAN_MILAN: you change skin o
14:19 JEAN_MILAN: so quick
14:19 TheJavaDev: extended it up and make a giant cocpit
14:19 TheJavaDev: ye
14:20 JEAN_MILAN: what is that
14:20 TheJavaDev: flying soap
14:21 JEAN_MILAN: soap
14:21 TheJavaDev: ye
14:21 JEAN_MILAN: this is mc no need to wash hands
14:21 TheJavaDev: no no germs everywhere
14:21 JEAN_MILAN: so where will we put it
14:21 TheJavaDev: no this is separate this is my ship
14:21 JEAN_MILAN: oh
14:21 TheJavaDev: we will dock it with your ship
14:22 TheJavaDev: we will dock it with your ship
14:24 TheJavaDev: y
14:25 TheJavaDev: this peaceful ship no canons
14:25 TheJavaDev: i think
14:25 JEAN_MILAN: but window
14:25 TheJavaDev: oh right
14:26 TheJavaDev:  placed a sign @ world: x-265, z18
  Airship
14:26 TheJavaDev: ye so 50% of the blocks on your ship have to be wool jean
14:27 TheJavaDev: y
14:27 TheJavaDev:  placed a sign @ world: x-245, z17
  Engine 
14:28 TheJavaDev:  placed a sign @ world: x-245, z17
  Engine Room
14:28 TheJavaDev: place some wool on your house so we could fly around
14:29 TheJavaDev: are you here?
14:29 JEAN_MILAN: ye
14:30 TheJavaDev: make some wool on your ship
14:31 TheJavaDev:  placed a sign @ world: x-245, z14
  Engine Room
14:31 JEAN_MILAN: alex
14:31 TheJavaDev:  placed a sign @ world: x-245, z13
  Engine Room
14:31 TheJavaDev: yes?
14:31 JEAN_MILAN: loook
14:31 JEAN_MILAN: you see
14:31 TheJavaDev: what
14:31 JEAN_MILAN: can't mcke whool
14:32 TheJavaDev: ?
14:32 JEAN_MILAN: it does oposit it dosen't put it takes
14:32 TheJavaDev: you gotta do //set wool
14:32 JEAN_MILAN: ye i did
14:32 TheJavaDev: you mispeled probably
14:32 JEAN_MILAN: try
14:32 TheJavaDev: i did
14:32 TheJavaDev:  placed a sign @ world: x-260, z13
  Bridge
14:34 TheJavaDev: what aru u doin
14:35 TheJavaDev: stop
14:35 TheJavaDev:  placed a sign @ world: x-262, z16
  Made by
  TheJavaDev
14:35 TheJavaDev: add wool to your house
14:36 TheJavaDev: im almost done
14:36 JEAN_MILAN: i did
14:36 TheJavaDev: then make signs and cockpit
14:36 JEAN_MILAN: i did
14:36 TheJavaDev: k then 1 sec
14:37 TheJavaDev:  placed a sign @ world: x-259, z13
  Bridge
14:37 TheJavaDev:  placed a sign @ world: x-261, z16
  Made by
  TheJavaDev
14:38 TheJavaDev: wait almost done
14:38 JEAN_MILAN: my house will be a base then i will macke a ship
14:39 TheJavaDev: lets fly around
14:39 JEAN_MILAN: ok i wil macke a small ship
14:39 TheJavaDev:  placed a sign @ world: x-265, z18
  Airship
14:39 TheJavaDev:  placed a sign @ world: x-265, z16
  Cruise:OFF
14:39 TheJavaDev:  placed a sign @ world: x-265, z18
  Ascend:OFF
14:39 TheJavaDev:  placed a sign @ world: x-265, z16
  Descend:OFF
14:39 TheJavaDev:  placed a sign @ world: x-265, z17
  [helm]
14:40 TheJavaDev:  placed a sign @ world: x-265, z19
  Contacts:
14:41 TheJavaDev: not enough wool rrr
14:41 JEAN_MILAN: who you
14:41 TheJavaDev: yes
14:41 TheJavaDev:  placed a sign @ world: x-245, z13
  Engine Room
14:43 TheJavaDev: liftoff
14:44 JEAN_MILAN: don't tuch
14:44 TheJavaDev: lets fly gtg soon
14:44 TheJavaDev: i cant fly that high tho
14:45 TheJavaDev:  placed a sign @ world: x-193, z74
  BigAirship
  JEAN_MILAN's
  Floating
  Mansion
14:45 TheJavaDev:  placed a sign @ world: x-194, z74
  Cruise:OFF
14:45 TheJavaDev:  placed a sign @ world: x-195, z74
  Ascend:
14:45 TheJavaDev:  placed a sign @ world: x-195, z74
  [helm]
14:45 TheJavaDev:  placed a sign @ world: x-196, z74
  Ascend:OFF
14:45 TheJavaDev:  placed a sign @ world: x-197, z74
  Descend:OFF
14:45 TheJavaDev:  placed a sign @ world: x-198, z73
  Contacts:
14:46 TheJavaDev:  placed a sign @ world: x-195, z74
  Ascend:OFF
14:46 TheJavaDev:  placed a sign @ world: x-196, z74
  Descend:OFF
14:46 TheJavaDev:  placed a sign @ world: x-197, z74
  Contacts:
14:46 TheJavaDev:  placed a sign @ world: x-195, z77
  [helm]
14:47 JEAN_MILAN: this si a base not a ship
14:47 TheJavaDev: why not a flying base
14:47 JEAN_MILAN: no
14:47 TheJavaDev: airships cant fly this high though if you dont move the base down you wont be able to docs you airship onto it
14:49 TheJavaDev:  placed a sign @ world: x-229, z16
  Ascend: OFF
14:49 TheJavaDev:  placed a sign @ world: x-229, z14
  Descend: OFF
14:49 TheJavaDev:  placed a sign @ world: x-229, z14
  Cruise: OFF
14:52 TheJavaDev: im going to dock my ship and kirbys giant hous
14:53 JEAN_MILAN: um
14:53 TheJavaDev: what
14:53 TheJavaDev: i cant get to your house its too high
14:53 JEAN_MILAN: wait
14:53 TheJavaDev: what
14:54 TheJavaDev: what]
14:54 TheJavaDev: [item[
14:54 TheJavaDev: [item]
14:54 TheJavaDev: this is so slow
14:55 TheJavaDev: lalalalala
14:55 TheJavaDev: 2 thousand years alter
14:55 TheJavaDev: are you thee
14:55 TheJavaDev: there
14:55 TheJavaDev: hi?
14:56 JEAN_MILAN: hello
14:56 TheJavaDev: dod you see kirbys new house?
14:56 JEAN_MILAN: um no
14:56 TheJavaDev: thats his and peter is underground
14:57 JEAN_MILAN: um
15:03 TheJavaDev:  placed a sign @ world: x-55, z454
  Airship
16:34 TheJavaDev: peter come
16:35 TheJavaDev: peter
16:35 TheJavaDev: look
16:35 TheJavaDev: look
16:35 TheJavaDev: so first of all
16:35 TheJavaDev: 50% of airhsip needs to be wool
16:35 Enderknight205: kk
16:35 Enderknight205: i make
16:35 TheJavaDev    : heres a tiny example
16:36 TheJavaDev    : next of all 1% of airship needs to be redstone (engine
16:36 Enderknight205: done
16:36 Enderknight205: look
16:36 TheJavaDev    : come
16:36 TheJavaDev    : next
16:36 TheJavaDev    : it needs to have furnace full of fuel
16:37 TheJavaDev    : next it needs pilot sign, you place a sign and the airship type
16:37 TheJavaDev    :  placed a sign @ world: x5, z540
  Types
16:37 TheJavaDev    : the types are, from smallest to largest:
16:37 TheJavaDev    : airskiff, smallairship, airship, bigairship
16:37 Enderknight205: kk
16:37 TheJavaDev    : there is also subairship and bigsubairship which can go underwater very cool
16:38 TheJavaDev    : ex: mine is an airhsip
16:38 Enderknight205: kk
16:38 Enderknight205: stop
16:38 TheJavaDev    :  placed a sign @ world: x6, z528
  Airship
16:38 TheJavaDev    : come
16:38 TheJavaDev    : you can build later i need to go soon
16:38 TheJavaDev    : now
16:38 Enderknight205: too small
16:38 TheJavaDev    : you place a sign that says [helm]
16:38 TheJavaDev    : dont touch yet
16:38 TheJavaDev    :  placed a sign @ world: x6, z528
  Airship
16:38 TheJavaDev    :  placed a sign @ world: x5, z528
  [helm]
16:38 TheJavaDev    : click helm
16:39 Enderknight205: ooh
16:39 TheJavaDev    : thats to turn the ship
16:39 Enderknight205: ik
16:39 TheJavaDev    : dont touch yet
16:39 TheJavaDev    :  placed a sign @ world: x7, z528
  Cruise: OFF
16:39 Enderknight205: lag
16:39 TheJavaDev    :  placed a sign @ world: x7, z530
  Ascend: OFF
16:39 TheJavaDev    :  placed a sign @ world: x7, z531
  Descend: OFF
16:39 TheJavaDev    : these 3 are self explanatory
16:39 TheJavaDev    : now
16:39 TheJavaDev    :  placed a sign @ world: x5, z532
  Contacts:
16:40 TheJavaDev    : this shows other ships close to u
16:40 Enderknight205:  placed a sign @ world: x5, z528
  [helm]
16:40 Enderknight205: no more lag
16:40 TheJavaDev    : there are also signs for aiming cannons and fireballs, but thats not important right now
16:40 Enderknight205: gtg
16:41 TheJavaDev    :  placed a sign @ world: x5, z530
  click Airship
  too pilot
  then other
  signs or stick
17:58 Enderknight205:  placed a sign @ world: x6, z528
  SmallAirship
17:59 Enderknight205:  placed a sign @ world: x6, z528
  Airskiff
17:59 Enderknight205:  placed a sign @ world: x6, z528
  Airship
18:32 Enderknight205: serv glitch
18:37 Supreme_Kirby : effect Supreme_Kirby clear
18:38 Enderknight205: heya
18:38 TheJavaDev    : ey
18:38 TheJavaDev    : peter where you at
18:38 TheJavaDev    : whatcha doin
18:39 TheJavaDev    : who wants to go on a trip in my rocket ship
18:39 Enderknight205: tp us
18:40 TheJavaDev    : whos controlling
18:41 TheJavaDev    : stop braking pls
18:41 Enderknight205: kk
18:41 Supreme_Kirby : k
18:41 Supreme_Kirby : /m 
18:41 TheJavaDev    : it actually flies only someone clicked the sign already
18:41 TheJavaDev    : wel by gtg pls dont brake or it wont fly
18:41 TheJavaDev    : peter you could show kirby how it flies
18:44 Enderknight205:  placed a sign @ world: x6, z527
  Airship
18:44 Enderknight205:  placed a sign @ world: x5, z528
  Cruise: on
18:44 Enderknight205:  placed a sign @ world: x5, z528
  Cruise: Off
18:45 Enderknight205:  placed a sign @ world: x5, z528
  Cruise
18:45 Enderknight205:  placed a sign @ world: x5, z528
  [temp]
18:47 Enderknight205:  placed a sign @ world: x5, z528
  [helm]
18:47 Enderknight205:  placed a sign @ world: x7, z528
  Cruise: OFF
18:48 Enderknight205:  placed a sign @ world: x5, z529
  Ascend: OFF
18:48 Enderknight205:  placed a sign @ world: x5, z530
  Descend: OFF
19:01 Supreme_Kirby : JIm
19:01 Supreme_Kirby : OMG
19:01 Supreme_Kirby : u common to b day
19:01 AirFusion_45  : ye
19:01 Supreme_Kirby : r u tryhard at matgh
19:04 Enderknight205:  placed a sign @ world: x6, z527
  Airskiff
19:05 Enderknight205:  placed a sign @ world: x6, z527
  Airship
19:07 Supreme_Kirby : .CLEAR
19:13 Supreme_Kirby : KARL
19:13 Supreme_Kirby : OMG
19:13 Supreme_Kirby : XD
19:18 Enderknight205: STOP
19:18 Enderknight205: STOP
19:21 Enderknight205:  placed a sign @ world: x4, z592
  Airship
19:21 Supreme_Kirby : dont come to me
19:21 Supreme_Kirby : plz
19:21 Enderknight205:  placed a sign @ world: x4, z592
  Cruise: OFF
19:23 Supreme_Kirby : wat r u doing
19:23 Supreme_Kirby : stop going to my base
19:25 Supreme_Kirby : wat
19:26 Supreme_Kirby : should i undo
19:26 Supreme_Kirby : or naw
19:26 Supreme_Kirby : cant undo now
19:26 Supreme_Kirby : u broke it
19:36 Supreme_Kirby : yo
19:58 Enderknight205:  placed a sign @ world: x-1, z624
  Airship
19:59 Enderknight205:  placed a sign @ world: x-2, z662
  Descend: OFF
19:59 Enderknight205:  placed a sign @ world: x-2, z661
  Ascend: OFF
20:03 Enderknight205:  placed a sign @ world: x1, z637
  Airship
20:11 Enderknight205: jiiim
20:11 AirFusion_45  : wat
20:11 Enderknight205: hi
20:11 AirFusion_45  : hi
20:14 Supreme_Kirby : yo
20:18 Supreme_Kirby : yoyo
20:20 Supreme_Kirby : wat
20:22 AirFusion_45  : Enderknight205
20:22 AirFusion_45  : i found your base
20:22 Supreme_Kirby : wat
20:23 Supreme_Kirby : accept plz
20:24 Supreme_Kirby : stop
20:30 Supreme_Kirby : yo
20:31 AirFusion_45  : hi
20:31 Supreme_Kirby : isnt it cool
20:31 AirFusion_45  : yea sorting system?
20:31 Supreme_Kirby : iteam elevator
20:31 Supreme_Kirby : come
20:31 AirFusion_45  : oh those still work?
20:31 AirFusion_45  : lol
20:31 Supreme_Kirby : wat\
20:31 Supreme_Kirby : y dont even noe how to make
20:31 Supreme_Kirby : JIM GA
20:32 AirFusion_45  : lol
20:36 Enderknight205: hi
20:36 Supreme_Kirby : yo
20:36 Supreme_Kirby : wanna call
20:36 Enderknight205: cant
20:36 Supreme_Kirby : y
20:36 Supreme_Kirby : y
20:36 Enderknight205: brother sleeping
20:36 Supreme_Kirby : y
20:36 Supreme_Kirby : y
20:36 Enderknight205: brother sleeping
20:36 Enderknight205: brother sleeping
20:36 Supreme_Kirby : dang it wake ur bro up
20:36 Supreme_Kirby : ok nvm
20:36 Enderknight205: lol
20:37 Supreme_Kirby : wat
20:37 Supreme_Kirby : timew
20:37 Supreme_Kirby : the sunday thing
20:37 Enderknight205: wut
20:37 Supreme_Kirby : remember
20:37 Supreme_Kirby : tell me
20:37 Supreme_Kirby : u ask if i want 2 come
20:37 Enderknight205: trying to land next to boarder
20:37 Supreme_Kirby : dudede
20:37 Enderknight205: oh yeah
20:37 Supreme_Kirby : wat time
20:37 Enderknight205: ill send u text
20:37 Enderknight205: kill jim
20:38 Supreme_Kirby : wat
20:38 Enderknight205: look
20:38 Enderknight205: king of landed
20:38 Enderknight205: kind of
20:38 Supreme_Kirby : dude
20:38 AirFusion_45  : cant fly it
20:38 Supreme_Kirby : tell me
20:38 Enderknight205: ik
20:38 AirFusion_45  : to big
20:38 Enderknight205: ur blolcked
20:38 Enderknight205: ur blolcked
20:38 Supreme_Kirby : peter
20:38 Supreme_Kirby : tell me
20:38 Supreme_Kirby : tell me
20:38 Supreme_Kirby : tell me
20:38 Supreme_Kirby : tell me
20:39 AirFusion_45  : Supreme_Kirby
20:39 AirFusion_45  : no spam
20:39 Supreme_Kirby : PETER
20:39 Enderknight205: wut
20:39 Supreme_Kirby : the
20:39 Supreme_Kirby : sunday thing
20:39 Supreme_Kirby : wen stary
20:39 Supreme_Kirby : start
20:39 Enderknight205: i will send u text later
20:39 Supreme_Kirby : kk
20:39 Supreme_Kirby : do it quick
20:39 Enderknight205: i think at 12
20:39 Supreme_Kirby : could u plz move 2 1
20:39 Supreme_Kirby : plz
20:39 Enderknight205: dunno maybe
20:39 Supreme_Kirby : cause
20:40 Enderknight205: too big
20:40 Enderknight205: get qorking
20:40 Supreme_Kirby : my mum force me tennis
20:40 Enderknight205: jim go plz
20:40 AirFusion_45  : mom*
20:40 Enderknight205: get out
20:40 Enderknight205: plz
20:40 Supreme_Kirby : cum out jim
20:40 Enderknight205: plane too big
20:40 Supreme_Kirby : help
20:40 Enderknight205: with wat
20:41 Enderknight205: JIM STOP PLEASE
20:41 Supreme_Kirby : ya jim
20:42 Enderknight205:  placed a sign @ world: x2, z633
  Release
20:44 Supreme_Kirby : yoyoyoy
20:44 Enderknight205: wut
20:44 Supreme_Kirby : is jacky
20:44 Supreme_Kirby : ugly
20:44 Supreme_Kirby : is jacky ugly
20:44 Enderknight205: dunno
20:44 Supreme_Kirby : is jacke A girl or a boy
20:44 Enderknight205: dunno
20:44 AirFusion_45  : uhhhhhhhhhhhhhhhhhhhhhhhhhhhhhhhhhhhhhhhhhhhhhhhhhhhhhhhhhhhhhhhhhhhhhhhhhhhhhhhhhhhhhhhhhhhhhhhhhhhhhhhhhhhhhhhhhhhhhhhhhhhhhhhhhhhhhhhhhhhhhhhhhhhhhhhhhhhhhhhhhhhhhhhhhhhhhhhhhhhhhhhhhhhhhhhhhhhhhhhhhhhhhhhhhhhhhhhhhhhhhhhhhhhhhhhhhhhhhhhhhhhhh
20:44 Supreme_Kirby : wat
20:46 Enderknight205: who did that
20:47 Enderknight205: ship too big
20:47 Enderknight205: oh no
20:47 Supreme_Kirby : XD
20:47 Supreme_Kirby : karlw
20:47 Supreme_Kirby : XD
20:47 Supreme_Kirby : XD
20:47 Supreme_Kirby : XD
20:47 Supreme_Kirby : karl y u on
20:47 SkyNoob28     : /msg Enderknight205 can you join my discord server plz 
20:47 Enderknight205: STOP
20:47 Supreme_Kirby : wat
20:47 Enderknight205: MAKING ME GM 1
20:48 Supreme_Kirby : XD
20:48 Supreme_Kirby : karl stop]
20:48 Supreme_Kirby : XD
20:48 Supreme_Kirby : ur non rank
20:48 Supreme_Kirby : wat
20:49 Enderknight205: still too big
20:50 Supreme_Kirby : karl
20:51 Enderknight205: autin what did you do
20:51 Enderknight205: its way too big
20:51 Supreme_Kirby : wat
20:51 Enderknight205: stop
20:51 Supreme_Kirby : is happening
20:51 Supreme_Kirby : who is it
20:51 Enderknight205: dunno
20:52 Supreme_Kirby : karl is doing somtingf
20:53 Supreme_Kirby : wat
20:54 Enderknight205: kill him
20:54 Supreme_Kirby : wat
20:54 Enderknight205: STOP
20:54 Supreme_Kirby : wat
20:54 Enderknight205: KARL MAKE ME GM 1
20:54 Supreme_Kirby : wat
20:54 Supreme_Kirby : karl y
20:54 Enderknight205: U STOP THEN
20:55 Supreme_Kirby : .gamemode 0 SkyNoob28
20:55 Supreme_Kirby : XD
20:55 Enderknight205: STOP
20:55 Supreme_Kirby : NOT ME
20:55 Supreme_Kirby : OMG
20:55 Enderknight205: 1 MORE TIME AND I BAN KARL
20:55 Enderknight205: ik its not u
20:55 Enderknight205: 1 MORE TIME AND I BAN KARL
20:55 Supreme_Kirby : XD
20:55 Supreme_Kirby : we got prooof
20:56 Enderknight205: ship still to big
20:56 Enderknight205: cant move
20:57 Supreme_Kirby : watch dis
20:57 Enderknight205: ready
20:57 Enderknight205: ik someones invis
20:57 Supreme_Kirby : its karlw
20:57 Supreme_Kirby : do
20:58 Enderknight205: we are moveing
20:58 Supreme_Kirby : effect SkyNoob28 clear
20:58 Enderknight205: stop bieng ivis karl
20:59 Supreme_Kirby : come
20:59 Supreme_Kirby : pete
20:59 Enderknight205: im flying
20:59 Supreme_Kirby : he right
20:59 Supreme_Kirby : he right here
21:00 Supreme_Kirby : i am not
21:00 Supreme_Kirby : M<E
21:02 Enderknight205: i had like 500000000000000000000ms
21:03 Enderknight205:  placed a sign @ world: x-1, z684
  Airship
21:05 Supreme_Kirby : yoyoyo
21:05 Enderknight205: im lagging so badly
21:06 Enderknight205: 500000000000000 mms
21:07 Enderknight205: look at my connection
21:07 Supreme_Kirby : XD
21:07 Enderknight205: awsjhfrjohdsiufkhngzlki.
21:07 Enderknight205: STUPID LAGGGGG
21:08 Supreme_Kirby : uvwxyz
21:08 Enderknight205: ASDFJSDFOGFDOSGO
21:08 Supreme_Kirby : wat
21:08 Supreme_Kirby : y
21:08 Enderknight205: I CANT EVEN MOVE
21:08 AirFusion_45  : stop
21:08 Enderknight205: ASKJFBJISDFKHNGJIKDHNG
21:08 AirFusion_45  : the ship
21:08 AirFusion_45  : its gonna crash
21:08 Enderknight205: I CANT JIM
21:08 Enderknight205: I CANT MOVE
21:08 Enderknight205: JIM STOP
21:08 Supreme_Kirby : nooo
21:09 Enderknight205: DONE
21:09 Enderknight205: problemo solved
21:09 AirFusion_45  : turn left?
21:09 Enderknight205: ill park it here
21:09 Supreme_Kirby : wast
21:09 AirFusion_45  : you cant mvoe it
21:09 AirFusion_45  : move
21:09 Enderknight205: ill park it here
21:09 Enderknight205: ill park it here
21:09 Enderknight205: ill park it here
21:10 Supreme_Kirby : wat
21:10 Enderknight205: bomb?
21:10 Supreme_Kirby : wat
21:10 Enderknight205: pew
21:10 Supreme_Kirby : y is it omn
21:10 Enderknight205: dunno
21:10 Enderknight205: save me from my lag
21:11 AirFusion_45  : uh
21:11 AirFusion_45  : peter
21:11 AirFusion_45  : i will
21:11 AirFusion_45  : no
21:11 AirFusion_45  : wait
21:11 Enderknight205: dere
21:11 AirFusion_45  : peter
21:11 AirFusion_45  : you lagging?
21:11 AirFusion_45  : still?
21:11 Supreme_Kirby : stop
21:11 Enderknight205: badly
21:11 AirFusion_45  : ok
21:11 Enderknight205: very badly
21:11 AirFusion_45  : uh
21:11 AirFusion_45  : wait
21:11 Enderknight205: horrible connection
21:12 AirFusion_45  : how is it now?
21:12 Enderknight205: same
21:12 Enderknight205: worse
21:12 Enderknight205: cant even move
21:13 Enderknight205: press ascend
21:13 AirFusion_45  : cant
21:13 Enderknight205: i cant move
21:13 AirFusion_45  : you are in control
21:13 Enderknight205: help
21:13 Enderknight205: i cant move
21:14 AirFusion_45  : stop?
21:14 Enderknight205: i cant
21:14 Supreme_Kirby : y
21:14 Enderknight205: cant move
21:14 Enderknight205: so laggy
21:14 Enderknight205: dere
21:15 AirFusion_45  : stop
21:15 AirFusion_45  : wait
21:15 Enderknight205: phew
21:15 AirFusion_45  : i took the coal out of the engine
21:15 AirFusion_45  : thats why
21:15 Enderknight205: oh
21:15 AirFusion_45  : everything
21:15 AirFusion_45  : off
21:15 Enderknight205: u saved us
21:15 AirFusion_45  : i am putting it back
21:15 Supreme_Kirby : welcome
21:15 Enderknight205: gtg sleep goodnight
21:15 AirFusion_45  : bye
21:15 Supreme_Kirby : NO|w
21:19 AirFusion_45  : uh
21:19 AirFusion_45  : what?
21:19 AirFusion_45  : why?
21:19 Supreme_Kirby : wat
21:19 Supreme_Kirby : ??
21:20 AirFusion_45  : no
21:20 Supreme_Kirby : wat
21:20 Supreme_Kirby : r u talking about
21:20 AirFusion_45  : unban him
21:20 Supreme_Kirby : dude
21:20 Supreme_Kirby : he asked for it
21:20 Supreme_Kirby : look
21:20 Supreme_Kirby : on discord
21:20 AirFusion_45  : where
21:20 AirFusion_45  : screen?
21:20 Supreme_Kirby : he said try banning me
21:20 AirFusion_45  : oh
21:20 AirFusion_45  : no
21:20 AirFusion_45  : joking
21:20 AirFusion_45  : stop
21:20 AirFusion_45  : :/
21:20 Supreme_Kirby : let me show u
21:23 AirFusion_45  : hi
21:23 JEAN_MILAN    : hello
21:23 Supreme_Kirby : tyo
21:24 JEAN_MILAN    : whana help
21:24 Supreme_Kirby : SURE/
21:24 JEAN_MILAN    : or can i help you
21:24 JEAN_MILAN    : can i help you
21:24 Supreme_Kirby : ?
21:24 Supreme_Kirby : 4 wat
21:24 JEAN_MILAN    : your cidy
21:24 Supreme_Kirby : >?
21:24 Supreme_Kirby : ??
21:24 Supreme_Kirby : wat is a cindy
21:24 JEAN_MILAN    : cidy
21:24 Supreme_Kirby : wat is dat
21:24 JEAN_MILAN    : sidy
21:25 JEAN_MILAN    : don't
21:25 Supreme_Kirby : yoyoyo
21:25 JEAN_MILAN    : stop
21:25 Supreme_Kirby : wat
21:25 JEAN_MILAN    : alex
21:25 Supreme_Kirby : wat
21:25 JEAN_MILAN    : can you play
21:25 Supreme_Kirby : TheJavaDev
21:25 TheJavaDev    : no
21:25 AirFusion_45  : hi
21:25 Supreme_Kirby : can u give me
21:26 Supreme_Kirby : co-owner
21:26 JEAN_MILAN    : what
21:26 TheJavaDev    : -.-
21:26 Supreme_Kirby : PLZ
21:26 JEAN_MILAN    : ooooooo
21:26 JEAN_MILAN    : he dosen't deserve that
21:26 Supreme_Kirby : wat
21:26 Supreme_Kirby : me
21:26 JEAN_MILAN    : he did nothin like me
21:26 Supreme_Kirby : wat
21:26 Supreme_Kirby : I did alot
21:26 Supreme_Kirby : good sht
21:26 JEAN_MILAN    : he didn't build lobby or macke plugin
21:26 AirFusion_45  : TheJavaDev any issues that needs sorting out?
21:27 Supreme_Kirby : dude
21:27 Supreme_Kirby : JEAN_MILAN
21:27 Supreme_Kirby : i made lobby
21:27 JEAN_MILAN    : shut up mr. fusion so fusy
21:27 TheJavaDev    : jean you didnt build a lobby or make a plugin either
21:27 TheJavaDev    : and who made this
21:27 JEAN_MILAN    : thats the point
21:27 Supreme_Kirby : wat
21:27 Supreme_Kirby : were
21:27 TheJavaDev    : karl placed a killblock for himself? lol
21:27 Supreme_Kirby : karl
21:27 Supreme_Kirby : did
21:27 TheJavaDev    : move
21:28 Supreme_Kirby : wat
21:28 TheJavaDev    : /msg AirFusion_45 the polls channel stil doesnt work 
21:28 AirFusion_45  : /r ok 
21:28 AirFusion_45  : /r what perms you want admins to have? 
21:28 Supreme_Kirby : TheJavaDev
21:28 JEAN_MILAN    : wana help me with lobby alex
21:28 Supreme_Kirby : wat r u u u u u m u m uu u u u uu goinf
21:28 TheJavaDev    : /r so what i want is to devs and owner to be able to write messages, and everyone else (and admins) to read and react to them 
21:29 TheJavaDev    : what
21:29 AirFusion_45  : /r ok got it 
21:29 Supreme_Kirby : could i get co owner
21:29 AirFusion_45  : /r i will fix that 
21:29 TheJavaDev    : /r thx so much 
21:29 AirFusion_45  : /r no probs 
21:29 JEAN_MILAN    : no you did nothin for the server
21:29 Supreme_Kirby : wat
21:29 Supreme_Kirby : like u did anything
21:29 Supreme_Kirby : OOF
21:29 TheJavaDev    :  placed a sign @ world: x-58, z778
  you can get co
  owner
21:29 JEAN_MILAN    : i know so i am nit asking for it like you reked
21:30 Supreme_Kirby :  placed a sign @ world: x-57, z777
  PLz can i get co 
  opwner
21:30 TheJavaDev    :  placed a sign @ world: x-58, z778
  if you make
  50 plugins and
  then install
  cauldron serv
21:30 TheJavaDev    :  placed a sign @ world: x-57, z777
  hf ;D
21:30 TheJavaDev    : gtg
21:30 Supreme_Kirby :  placed a sign @ world: x-58, z777
  HOW
  ??
21:30 Supreme_Kirby : wat is a plugin
21:30 JEAN_MILAN    : llol
21:30 JEAN_MILAN    : um a thing that yoy add to mc servers
21:31 Supreme_Kirby : wat
21:33 Supreme_Kirby : STOP
21:36 Supreme_Kirby : wat
21:37 Supreme_Kirby : r u doing
21:37 JEAN_MILAN    : how
21:37 Supreme_Kirby : its an item elavator
21:37 AirFusion_45  : Supreme_Kirby
21:37 JEAN_MILAN    : how does it go up
21:37 Supreme_Kirby : majic
21:37 AirFusion_45  : please do not ban staff on discord or this server
21:37 Supreme_Kirby : wat
21:37 JEAN_MILAN    : lol
21:37 Supreme_Kirby : wat
21:37 AirFusion_45  : thanks
21:37 Supreme_Kirby : DUDE
21:37 Supreme_Kirby : JIM
21:37 Supreme_Kirby : he confesed he will quit
21:38 TheJavaDev    : WHY
21:38 Supreme_Kirby : jjim
21:38 Supreme_Kirby : go on discord
21:38 TheJavaDev    : DEMOTION WARNING 1/3!
21:38 Supreme_Kirby : a;ex
21:38 TheJavaDev    : gtg
21:38 Supreme_Kirby : alex
21:38 Supreme_Kirby : OMF
21:38 Supreme_Kirby : G
21:38 Supreme_Kirby : wat was that
21:42 Supreme_Kirby : yo
21:42 JEAN_MILAN    : what
21:42 Supreme_Kirby : XD
21:42 Supreme_Kirby : karl is
21:42 JEAN_MILAN    : what
21:42 Supreme_Kirby : non rank'
21:42 Supreme_Kirby : did u noe dat
21:43 Supreme_Kirby : wat
21:43 Supreme_Kirby : r
21:43 Supreme_Kirby : u
21:43 Supreme_Kirby : dping
21:43 Supreme_Kirby : let me put back
21:43 Supreme_Kirby : DUDE
21:44 JEAN_MILAN    : sry
21:44 JEAN_MILAN    : oh thx
21:44 Supreme_Kirby : ya
21:45 Supreme_Kirby : wat
21:45 Supreme_Kirby : karl i thought u said not joining anymore
21:45 JEAN_MILAN    : go away or do you wana help fussion
21:45 AirFusion_45  : JEAN_MILAN no
21:45 Supreme_Kirby : wat
21:45 Supreme_Kirby : wat
21:46 JEAN_MILAN    : stop AirFusion_45
21:46 JEAN_MILAN    : go aaway
21:46 Supreme_Kirby : JIm stop
21:46 JEAN_MILAN    : pls
21:47 JEAN_MILAN    : supreme wait
21:47 JEAN_MILAN    : pls
21:47 Supreme_Kirby : ?
21:47 JEAN_MILAN    : this willl be fun
21:47 Supreme_Kirby : kk
21:47 Supreme_Kirby : jhjjimjijmijmjimjijmjimji dstpop\
21:48 Supreme_Kirby : wat
21:48 Supreme_Kirby : ZJIM
21:48 JEAN_MILAN    : just stop pls
21:49 JEAN_MILAN    : ok go away and we won't bug you
21:50 JEAN_MILAN    : dued jim stop spying on us
21:50 Supreme_Kirby : XD
21:51 Supreme_Kirby : its karl spyiong
21:51 JEAN_MILAN    : no carl is whear jim but jim invis look command block
21:51 Supreme_Kirby : JEAN_MILAN karl is wathcing
21:51 JEAN_MILAN    : no ot carl
21:51 JEAN_MILAN    : i's invis jim
21:52 JEAN_MILAN    : ahhh
21:52 JEAN_MILAN    : stop
21:52 Supreme_Kirby : jean
21:52 Supreme_Kirby : look
21:52 Supreme_Kirby : look
21:52 JEAN_MILAN    : ahhh
21:52 Supreme_Kirby : LOOK
21:52 Supreme_Kirby : look at me
21:53 JEAN_MILAN    : ahhhhhhh
21:53 Supreme_Kirby : he was here
21:53 JEAN_MILAN    : i know TTHAT
21:53 Supreme_Kirby : kk
21:53 JEAN_MILAN    : i made clear effect for him look
21:53 Supreme_Kirby : plz stop
21:53 JEAN_MILAN    : look
21:53 Supreme_Kirby : stop
21:53 JEAN_MILAN    : command
21:54 JEAN_MILAN    : top what
21:54 Supreme_Kirby : i was tping 2 u
21:54 Supreme_Kirby : 1999999 times
21:54 Supreme_Kirby : karlw
21:54 Supreme_Kirby : non rank
21:54 Supreme_Kirby : XD
21:54 AirFusion_45  : /r thi 
21:54 JEAN_MILAN    : look hes spieng on us
21:54 Supreme_Kirby : non ranks XD
21:54 Supreme_Kirby : Xray
21:54 Supreme_Kirby : y u guys non rank
21:55 Supreme_Kirby : XD
21:55 Supreme_Kirby : DEMOTE
21:55 JEAN_MILAN    : ohh
21:55 JEAN_MILAN    : sry but stop spying
21:55 JEAN_MILAN    : ok you don't get ti
21:57 Supreme_Kirby : type
21:57 Supreme_Kirby : karl
21:57 Supreme_Kirby : TYPE
21:58 Supreme_Kirby : wat
21:58 Supreme_Kirby : wat r u doing
21:59 Supreme_Kirby : STOP
21:59 Supreme_Kirby : STOP
22:00 Supreme_Kirby : STOPO
22:00 Supreme_Kirby : AMTojiwn tpijhwn ]
22:00 Supreme_Kirby : FUKER
22:00 Supreme_Kirby : reported
22:02 Supreme_Kirby : LOok
22:02 Supreme_Kirby : onm discord
22:02 Supreme_Kirby : wat
22:02 Supreme_Kirby : btw'
22:02 Supreme_Kirby : no one can c u type
22:03 Supreme_Kirby : ur non rank
22:03 Supreme_Kirby : XD
22:03 Supreme_Kirby : wat
22:03 Supreme_Kirby : coukld i do somtiung
22:03 Supreme_Kirby : wtf
22:04 Supreme_Kirby : wat
22:04 Supreme_Kirby : wat
22:04 Supreme_Kirby : wat u wamnt
22:04 Supreme_Kirby : karl look
22:05 AirFusion_45  : no
22:05 Supreme_Kirby : wat r u doing
22:06 AirFusion_45  : ol
22:06 AirFusion_45  : no
22:06 Supreme_Kirby : who is killing me
22:06 AirFusion_45  : /t 
22:06 Supreme_Kirby : duidde
22:06 Supreme_Kirby : waTF
22:07 Supreme_Kirby : WTF
22:09 Supreme_Kirby : see wat it feal
22:10 Supreme_Kirby : s
22:14 Supreme_Kirby :  placed a sign @ world: x-409, z186
  barri
  BAS
22:31 Supreme_Kirby : wat
23:16 Supreme_Kirby : yo
23:44 Supreme_Kirby : wart
