04:24 SkyNoob28     :  placed a sign @ world: x-70, z684
  Airship
18:02 Supreme_Kirby: yo
18:04 AirFusion_45 : /r ok 
18:08 Supreme_Kirby: wat
18:09 Supreme_Kirby: XD
18:09 AirFusion_45 : leave it like this
18:09 Supreme_Kirby: XD
18:10 Supreme_Kirby: XD
18:13 AirFusion_45: thx
18:13 Supreme_Kirby: wanna
18:15 Supreme_Kirby: yo
18:15 Supreme_Kirby: wanna ride
18:19 Supreme_Kirby: yo
18:21 Supreme_Kirby: XD
18:25 AirFusion_45 :  placed a sign @ world: x-21, z586
  Landing Site 10
  Reserved For Jim
18:25 AirFusion_45 :  placed a sign @ world: x-21, z592
  Landing
18:26 AirFusion_45 :  placed a sign @ world: x-21, z592
  Landing Site 10
  Reserved For Jim
18:28 AirFusion_45 :  placed a sign @ world: x75, z591
  STOP AT RED
18:28 AirFusion_45 :  placed a sign @ world: x75, z587
  STOP AT RED
18:29 AirFusion_45 : hi
18:29 Enderknight205: he
18:29 AirFusion_45  : btw gtg
18:29 AirFusion_45  : for dinner
18:29 Enderknight205: omg
20:53 AirFusion_45:  placed a sign @ world: x86, z584
  Airship
20:53 AirFusion_45:  placed a sign @ world: x86, z585
  [helm[
20:53 AirFusion_45:  placed a sign @ world: x86, z585
  [helm]
20:53 AirFusion_45:  placed a sign @ world: x86, z583
  Cruise:OFF
20:53 AirFusion_45:  placed a sign @ world: x86, z583
  Cruise: OFF
20:55 AirFusion_45: hi kirby
20:55 Supreme_Kirby: yo
20:55 Supreme_Kirby: si
20:55 Supreme_Kirby: wat
20:55 Supreme_Kirby: wat is dis>
20:55 AirFusion_45 : parking sensor lol
