07:35 Enderknight205: hello
07:35 Enderknight205: probs not i have jazz band and piano class
07:36 Enderknight205: cya
16:43 TheJavaDev    : wheres your house
16:44 JEAN_MILAN    : hear
16:44 TheJavaDev    : whats this
16:45 JEAN_MILAN    : come
16:45 JEAN_MILAN    : what
16:45 TheJavaDev    : ah its not claime
16:45 TheJavaDev    : d
16:45 JEAN_MILAN    : oh
16:46 JEAN_MILAN    : how claim it
16:46 JEAN_MILAN    : no i claim
16:46 JEAN_MILAN    : this si my prop
16:46 TheJavaDev    : there
16:46 TheJavaDev    : i claimed and trusted you so you should be able to build
16:46 JEAN_MILAN    : trust supreme to
16:47 JEAN_MILAN    : no
16:47 TheJavaDev    : k
16:47 JEAN_MILAN    : no ladder
16:47 JEAN_MILAN    : i will make exit later
16:47 JEAN_MILAN    : can i help with plug hting
16:47 TheJavaDev    : this looks very good
16:47 JEAN_MILAN    : or do you wana play
16:47 TheJavaDev    : what is this?
16:47 TheJavaDev    : lobby?
16:47 JEAN_MILAN    : oh ye come
16:47 TheJavaDev    : airship? thingy?
16:48 JEAN_MILAN    : oh ye come
16:48 TheJavaDev    : or just like your house
16:48 JEAN_MILAN    : um ii need help
16:48 TheJavaDev    : cool
16:48 TheJavaDev    : what with
16:48 JEAN_MILAN    : thi will make it easier to move arouns
16:49 TheJavaDev    : command blocks dont work though
16:49 JEAN_MILAN    : what
16:49 TheJavaDev    : theyre empty
16:49 JEAN_MILAN    : oh ye i need help
16:49 TheJavaDev    : yes/
16:49 TheJavaDev    : so what with
16:50 JEAN_MILAN    : um do you wana play i can watch vid on how to use command block
16:50 TheJavaDev    : its easy
16:50 JEAN_MILAN    : i know
16:50 TheJavaDev    : just put in tp @p coords
16:50 JEAN_MILAN    : i know that it's the cords
16:50 JEAN_MILAN    : i don't know how to put them
16:50 TheJavaDev    : 279 -293 48
16:50 TheJavaDev    : for example
16:51 JEAN_MILAN    : ok
16:51 TheJavaDev    : good job that floating house looked really god
16:51 TheJavaDev    : good
16:51 JEAN_MILAN    : let's play air ship
16:51 JEAN_MILAN    : pls
16:51 TheJavaDev    : k but fast
16:52 TheJavaDev    : i can play for longer tomorrow can you play tomorow?
16:52 JEAN_MILAN    : o how do we get their
16:52 JEAN_MILAN    : there
16:52 TheJavaDev    : server airship+pirates
16:52 TheJavaDev    : so can u play tomorow?
16:52 JEAN_MILAN    : um kinda no inda ya
16:52 JEAN_MILAN    : comone 10 min or 30
16:52 TheJavaDev    : what time should i go on
16:53 JEAN_MILAN    : the airship
16:53 TheJavaDev    : no tomorow lets schedule first
16:53 JEAN_MILAN    : the airship+pirates dosen't work
16:53 TheJavaDev    : oops
16:54 JEAN_MILAN    : what happen
16:54 TheJavaDev    : look around
16:54 JEAN_MILAN    : cool
16:54 TheJavaDev    : lol
16:54 TheJavaDev    : so when can you play tomorow at what time
16:55 TheJavaDev    :  placed a sign @ world: x-402, z187
  da temple
  of swagness
16:56 TheJavaDev    : do /server and then click airship iprates
16:56 TheJavaDev    : cya here
16:56 TheJavaDev    : there
16:57 JEAN_MILAN    : lol
16:57 TheJavaDev    : oh no that thing
16:57 JEAN_MILAN    : it works
16:57 TheJavaDev    : turn off
16:57 TheJavaDev    : wrong
16:57 JEAN_MILAN    : cool
16:57 TheJavaDev    : click command block and click the thing in the bottom until it says repeat then click done
16:58 JEAN_MILAN    : thx
16:58 TheJavaDev    : so want to ariship battle? (fast)
16:58 JEAN_MILAN    : yes
16:58 JEAN_MILAN    : go i will tp
16:58 TheJavaDev    : do /server airship_pirates
16:58 TheJavaDev    : cya there
16:58 JEAN_MILAN    : ok
17:13 TheJavaDev    : have fun bye gtg
17:13 JEAN_MILAN    : hello
17:13 Supreme_Kirby : yoyo
17:14 Supreme_Kirby : ypyp
17:15 Supreme_Kirby : yoy abcdefghijklmnopqrstuvwxyz now i noe me abc next time wont u flirt with me
17:15 JEAN_MILAN    : can you do other sidde exactly the same exept no secret passage and no furniture or blocks in it
17:15 JEAN_MILAN    : just th room
17:15 Supreme_Kirby : ll
17:15 Supreme_Kirby : kk
17:15 JEAN_MILAN    : pls
17:15 JEAN_MILAN    : yes
17:15 Supreme_Kirby : how?
17:16 JEAN_MILAN    : just copy the other side
17:16 Supreme_Kirby : aaaa
17:16 Supreme_Kirby : thats alot of work
17:16 JEAN_MILAN    : only without the furniture and the secret place
17:16 JEAN_MILAN    : ok
17:16 JEAN_MILAN    : gtg
17:17 Supreme_Kirby : yoyooy
17:17 Supreme_Kirby : wow\
17:17 Supreme_Kirby : wats this
17:17 TheJavaDev    : wheres jean
17:17 Supreme_Kirby : TheJavaDev
17:18 Supreme_Kirby : he left
17:18 Supreme_Kirby : r u coming to the party
17:18 Supreme_Kirby : DUDE
17:18 Supreme_Kirby : answer
17:18 TheJavaDev    : what party
17:18 Supreme_Kirby : poter
17:18 TheJavaDev    : huh
17:18 Supreme_Kirby : poiter
17:19 TheJavaDev    : yeah so
17:19 Supreme_Kirby : can u invire
17:19 TheJavaDev    : what
17:19 Supreme_Kirby : can u invite me plz polpzlzplzplzp
17:19 TheJavaDev    : where
17:19 Supreme_Kirby : poiter
17:19 Supreme_Kirby : party
17:19 TheJavaDev    : no one invited me to a party
17:19 Supreme_Kirby : XD
17:20 Supreme_Kirby : ur not goin
17:20 TheJavaDev    : what peters having a party? when?
17:20 Supreme_Kirby : cant say
17:20 Supreme_Kirby : if ur not invited
17:21 TheJavaDev    : why
17:21 TheJavaDev    : tell me when this weekend?
17:21 TheJavaDev    : ?
17:21 TheJavaDev    : so
17:21 Supreme_Kirby : wat
17:22 TheJavaDev    : when is party
17:23 Supreme_Kirby : yoyoyo
17:23 Supreme_Kirby : peter hom
17:23 Supreme_Kirby : o
17:23 Supreme_Kirby : wat
17:23 Supreme_Kirby : who said that
17:23 Supreme_Kirby : TheJavaDev
17:23 Supreme_Kirby : someone
17:23 Supreme_Kirby : is hacking me comp
17:23 Supreme_Kirby : y spong
17:23 Supreme_Kirby : can i do
17:23 Supreme_Kirby : 2
17:25 Supreme_Kirby : this server died
17:25 TheJavaDev    : what??
17:25 Supreme_Kirby : this server died
17:25 TheJavaDev    : what do you mean
17:25 Supreme_Kirby : like too many spong
17:25 TheJavaDev    : oh you mean like lag
17:25 Supreme_Kirby : no
17:25 Supreme_Kirby : y u make it spong
17:25 TheJavaDev    : this is staff serv who cares
17:25 Supreme_Kirby : XD
17:26 Supreme_Kirby : tcan i crash it
17:26 TheJavaDev    : so will you tell me when party or no
17:26 Supreme_Kirby : agagain
17:26 Supreme_Kirby : ok
17:26 Supreme_Kirby : so peter
17:26 Supreme_Kirby : b day
17:26 TheJavaDev    : oh
17:26 Supreme_Kirby : he said give u invite already
17:26 TheJavaDev    : i didnt even know his bday this month
17:26 Supreme_Kirby : next month
17:26 TheJavaDev    : were u invited?
17:27 TheJavaDev    : o well
17:27 Supreme_Kirby : could i crash
17:27 Supreme_Kirby : server plz
17:28 TheJavaDev    : no
17:28 Supreme_Kirby : peter said u have 30 back ups
17:28 TheJavaDev    : i dont have any backups of the staff server
17:28 Supreme_Kirby : plz
17:28 TheJavaDev    : WHY
17:29 Supreme_Kirby : can i set water
17:29 Supreme_Kirby : plz
17:29 TheJavaDev    : k
17:29 TheJavaDev    : 1nce
17:29 Supreme_Kirby : danks
17:29 Supreme_Kirby : XD
17:29 TheJavaDev    : ha thats not anough to crash my server
17:29 Supreme_Kirby : XD
17:29 Supreme_Kirby : idid not want to try to crash server
17:30 Supreme_Kirby : alg/
17:30 Supreme_Kirby : lag
17:30 TheJavaDev    : bye gtg
17:30 Supreme_Kirby : NO
18:49 Supreme_Kirby: YOYO
18:49 Enderknight205: heyayaya
18:50 Supreme_Kirby : yo
18:50 TheJavaDev    : kirby
18:51 Supreme_Kirby : wat
18:51 Supreme_Kirby : wat
18:51 TheJavaDev    : could you make your launcher work
18:51 TheJavaDev    : o
18:51 TheJavaDev    : thx
18:51 TheJavaDev    : want to try something funny
18:51 Supreme_Kirby : welcome
18:51 Supreme_Kirby : man
18:51 Supreme_Kirby : dont put anything under 1 block
18:52 TheJavaDev    : k
18:53 TheJavaDev    : OMG IT WORKS ITS EPIC
18:54 Enderknight205: tp to me
18:54 Supreme_Kirby : XD
18:54 Enderknight205: tp to me
18:54 Enderknight205: tp to me
18:54 Enderknight205: look
18:54 TheJavaDev    : now you come
18:54 TheJavaDev    : come
18:54 Enderknight205: tp me
18:54 TheJavaDev    : look
18:54 TheJavaDev    : sponges
18:54 Enderknight205: omg how
18:54 Enderknight205: wow
18:54 Enderknight205: cool
18:54 TheJavaDev    : repeat block disguises all animals into sponges in a radius of 2
18:55 Enderknight205: ya cool
18:55 TheJavaDev    : now show me what you wanted
18:55 Enderknight205: come
18:55 Enderknight205: wait
18:55 Enderknight205: come
18:55 TheJavaDev    : 1 sec
18:55 Enderknight205: plz
18:56 TheJavaDev    : ladder room lol
18:56 TheJavaDev    : cool
18:56 Enderknight205: lol
18:57 Enderknight205: follow
18:58 Enderknight205: come
18:58 Enderknight205: come
18:58 Enderknight205: come
18:58 Enderknight205: come
18:58 Enderknight205: come
18:58 Enderknight205: alex plz
18:58 Enderknight205: subnautica
18:59 TheJavaDev    : coooool
18:59 Enderknight205: stop
19:04 Enderknight205: hows building
19:07 TheJavaDev    : kirby
19:07 Supreme_Kirby : wat
19:07 TheJavaDev    : tp
19:08 Supreme_Kirby : w8
19:08 Enderknight205: u tp me too
19:08 Enderknight205: cool
19:08 Supreme_Kirby : XD
19:08 TheJavaDev    : your eyes are glass
19:08 Supreme_Kirby : cool beans
19:08 TheJavaDev    : lol
19:08 Supreme_Kirby : y me
19:08 Supreme_Kirby : head
19:08 TheJavaDev    : we shoul each make one like dat
19:08 Supreme_Kirby : XD
19:08 TheJavaDev    : idk it sat here i made it into house
19:11 TheJavaDev    :  placed a sign @ world: x22, z719
  The Chicken
  House
19:11 TheJavaDev    :  placed a sign @ world: x22, z723
  The Chicken
  House
19:11 TheJavaDev    : look peer
19:11 Enderknight205: omg
19:11 TheJavaDev    : look
19:11 Enderknight205: lol
19:11 TheJavaDev    : the chicken house
19:11 Supreme_Kirby : who ru talking 2
19:11 Enderknight205: me
19:11 TheJavaDev    : peter
19:12 TheJavaDev    : /msg Enderknight205 they endlessly go up 
19:12 Enderknight205: uh oh
19:13 Enderknight205: sure
19:13 Enderknight205: i am very excited
19:13 Enderknight205: and interested
19:13 Enderknight205: wut button
19:14 TheJavaDev    : fail?
19:14 TheJavaDev    : lol wtf
19:19 Supreme_Kirby : stop
19:19 Enderknight205: omg
19:19 TheJavaDev    : weirdos are falling from the sky
19:19 TheJavaDev    : lol
19:19 Enderknight205: lol
19:20 TheJavaDev    : i got scared there for a moment
19:20 Enderknight205: lol
19:20 TheJavaDev    : OMG GREAT IDEA
19:20 Enderknight205: uhoh
19:21 Enderknight205: stop
19:21 Enderknight205: plz
19:21 TheJavaDev    : but that makes it more fun
19:21 Supreme_Kirby : guys come
19:21 TheJavaDev    : you could make a tnt cannon from ppl!
19:21 Enderknight205: tp moi
19:22 Supreme_Kirby : watchw
19:22 TheJavaDev    : lol
19:22 Supreme_Kirby : w8 wat'
19:23 TheJavaDev    : /msg Enderknight205 why you dont want to make cannon that shoots notches? 
19:23 Enderknight205: /msg THEJAVADEV im good lol 
19:23 TheJavaDev    :  placed a sign @ world: x7, z736
  very
  dangerous
  staircase
19:23 TheJavaDev    : we could shott sponges from cannons jean would like that
19:24 Enderknight205: awwwww
19:24 Supreme_Kirby : the item elevator is litt
19:24 Supreme_Kirby : XD
19:26 TheJavaDev    : oh no
19:26 TheJavaDev    : i broke peter canon
19:26 Supreme_Kirby : wat
19:26 Supreme_Kirby : yoyoy
19:26 Enderknight205: im bach
19:26 Supreme_Kirby : ill make one 2
19:26 TheJavaDev    : why broke cb
19:26 TheJavaDev    : o wel
19:27 TheJavaDev    : bye gtg
19:27 Enderknight205: bye
19:28 Supreme_Kirby : wat
19:29 Supreme_Kirby : y
19:29 Enderknight205: im getting my minecraft redstone book
19:31 TheJavaDev    : i have an epic idea
19:31 Supreme_Kirby : kk
19:31 Enderknight205: not on y land tho
19:31 Enderknight205: plz
19:31 TheJavaDev    : gee
19:31 TheJavaDev    : z
19:31 Supreme_Kirby : that
19:31 Supreme_Kirby : wat
19:31 Supreme_Kirby : was
19:33 Enderknight205: plz stop
19:33 Supreme_Kirby : not doping anything
19:33 Enderknight205: kk
19:33 Supreme_Kirby : any help?
19:33 Enderknight205: no
19:33 Supreme_Kirby : plz
19:33 Enderknight205: no
19:33 TheJavaDev    : kirby tp
19:33 Supreme_Kirby : PLZPZLPZLZP
19:34 Enderknight205: no
19:34 TheJavaDev    : you know how to make launcherl like that?
19:34 Enderknight205: yes
19:34 Supreme_Kirby : look
19:34 Supreme_Kirby : wathc
19:34 Enderknight205: im building
19:34 Supreme_Kirby : look
19:35 Supreme_Kirby : w8
19:35 Supreme_Kirby : wat if i land the water bucket
19:35 TheJavaDev    : no
19:36 Supreme_Kirby : could i tr
19:36 Enderknight205: no
19:36 Supreme_Kirby : try
19:36 Supreme_Kirby : plz
19:37 Enderknight205: no
19:37 Supreme_Kirby : XD
19:37 Supreme_Kirby : yo
19:38 Enderknight205: kirby please stop
19:38 Supreme_Kirby : wat
19:38 Enderknight205: fix what you did
19:38 Supreme_Kirby : were
19:38 Enderknight205: OR ELSE
19:38 Supreme_Kirby : cant
19:38 Enderknight205: fix now
19:38 Enderknight205: or i blow ur stuff up
19:38 Enderknight205: just kidding
19:38 Supreme_Kirby : were
19:38 Enderknight205: but please fix here
19:38 Enderknight205: but please fix here
19:38 Enderknight205: but please fix here
19:38 Enderknight205: but please fix here
19:38 Enderknight205: but please fix here
19:38 Supreme_Kirby : sht
19:39 Enderknight205: yes
19:39 Enderknight205: yes
19:39 Enderknight205: but please fix here
19:39 Enderknight205: but please fix here
19:39 Enderknight205: but please fix here
19:39 Supreme_Kirby : can i get some
19:39 Supreme_Kirby : blocks plz
19:39 Enderknight205: of what
19:39 Enderknight205: use creative
19:39 Supreme_Kirby : grass
19:39 Supreme_Kirby : and
19:39 Supreme_Kirby : diorite
19:39 Supreme_Kirby : stone2
19:39 Supreme_Kirby : plz
19:39 Supreme_Kirby : i need diorite and stome
19:39 Enderknight205: wait
19:40 Supreme_Kirby : plz
19:40 Supreme_Kirby : i need diorite and stome
19:40 Enderknight205: here
19:40 Enderknight205: get it
19:40 Enderknight205: get it
19:40 Enderknight205: get it
19:40 Enderknight205: get it
19:40 Enderknight205: here
19:40 Enderknight205: here
19:40 Enderknight205: here
19:41 Enderknight205: here
19:41 Enderknight205: get it
19:41 Enderknight205: get it
19:41 Enderknight205: get it
19:41 Enderknight205: get it
19:41 Supreme_Kirby : were r y
19:41 Supreme_Kirby : u
19:41 Enderknight205: look
19:41 Enderknight205: above u
19:41 Supreme_Kirby : not enough
19:41 Enderknight205: dere
19:41 Supreme_Kirby : wat
19:41 Supreme_Kirby : i need more
19:43 Supreme_Kirby : done
19:43 Enderknight205: look
19:43 Enderknight205: tp to me
19:43 Enderknight205: look
19:43 Supreme_Kirby : w8
19:43 Enderknight205: it has range
19:43 Supreme_Kirby : do it agauin
19:44 TheJavaDev    : kirby
19:44 Supreme_Kirby : wat
19:44 Enderknight205: alex tp to me
19:44 TheJavaDev    : heres an idea for u
19:44 TheJavaDev    : wait
19:44 TheJavaDev    : make a tnt launcher like that but for animals
19:44 Enderknight205: look
19:44 Enderknight205: alex
19:44 Supreme_Kirby : again'
19:44 TheJavaDev    : like mass like 100s of animals going up and then falling liker ain
19:44 Supreme_Kirby : rfwat
19:45 Supreme_Kirby : peter shoot
19:45 Supreme_Kirby : XD
19:45 Supreme_Kirby : XD
19:45 Supreme_Kirby : so close
19:45 Supreme_Kirby : XD
19:45 Supreme_Kirby : XD
19:45 Enderknight205: fix plz
19:45 Enderknight205: roll baxk
19:45 Supreme_Kirby : wat
19:45 Supreme_Kirby : me
19:45 TheJavaDev    : why would you claim somethin with tnt
19:45 Enderknight205: roll back
19:45 Supreme_Kirby : XD
19:45 Enderknight205: roll back
19:45 Enderknight205: roll back
19:45 Enderknight205: roll back
19:45 Enderknight205: roll back
19:45 Enderknight205: roll back
19:45 Enderknight205: roll back
19:45 Enderknight205: roll back
19:45 Enderknight205: roll back
19:45 Enderknight205: roll back
19:45 Supreme_Kirby : XD
19:46 Enderknight205: roll back
19:46 Enderknight205: roll back
19:46 Enderknight205: roll back
19:46 Enderknight205: roll back
19:46 Enderknight205: roll back
19:46 Supreme_Kirby : XD
19:46 Enderknight205: roll back
19:46 Supreme_Kirby : XD
19:46 Enderknight205: roll back
19:46 Supreme_Kirby : XD
19:46 Enderknight205: roll back
19:46 Supreme_Kirby : XD
19:46 Enderknight205: roll back
19:46 Supreme_Kirby : XD
19:46 Enderknight205: roll back
19:46 Supreme_Kirby : XD
19:46 Enderknight205: roll back
19:46 Enderknight205: roll back
19:46 Supreme_Kirby : XD
19:46 Enderknight205: roll back
19:46 Supreme_Kirby : XD
19:46 Enderknight205: roll back
19:46 Supreme_Kirby : XD
19:46 Enderknight205: roll back
19:46 Supreme_Kirby : XD
19:46 Enderknight205: roll back
19:46 Supreme_Kirby : XD
19:46 Enderknight205: roll back
19:46 Supreme_Kirby : XD
19:46 Enderknight205: roll back
19:46 Supreme_Kirby : XD
19:46 Enderknight205: roll back
19:46 Enderknight205: roll back
19:46 Enderknight205: roll back
19:46 Enderknight205: roll back
19:46 Supreme_Kirby : laughing my ass off
19:46 Enderknight205: i spent like 10 mins on this
19:46 Supreme_Kirby : alx
19:46 Enderknight205: roll back
19:46 Enderknight205: roll back
19:46 Enderknight205: roll back
19:46 Enderknight205: roll back
19:46 Enderknight205: roll back
19:46 Enderknight205: roll back
19:46 Enderknight205: roll back
19:46 Enderknight205: roll back
19:46 Enderknight205: roll back
19:46 Enderknight205: roll back
19:46 Enderknight205: PLZ ROLL BACK
19:46 TheJavaDev    : 10 mins lol
19:46 Supreme_Kirby : Alex
19:46 Enderknight205: PLZ ROLL BACK
19:46 Enderknight205: PLZ ROLL BACK
19:46 Supreme_Kirby : OOF
19:46 Enderknight205: PLZ ROLL BACK
19:46 Enderknight205: PLZ ROLL BACK
19:46 Enderknight205: PLZ ROLL BACK
19:46 Enderknight205: PLZ ROLL BACK
19:46 Enderknight205: PLZ ROLL BACK
19:46 Enderknight205: PLZ ROLL BACK
19:46 Enderknight205: PLZ ROLL BACK
19:46 Enderknight205: PLZ ROLL BACK
19:46 Enderknight205: PLZ ROLL BACK
19:46 Enderknight205: PLZ ROLL BACK
19:46 Enderknight205: PLZ ROLL BACK
19:46 Enderknight205: PLZ ROLL BACK
19:46 Enderknight205: PLZ ROLL BACK
19:46 Enderknight205: PLZ ROLL BACK
19:46 Enderknight205: PLZ ROLL BACK
19:46 Supreme_Kirby : w8 peter
19:46 Enderknight205: PLZ ROLL BACK
19:46 Enderknight205: PLZ ROLL BACK
19:46 Enderknight205: PLZ ROLL BACK
19:46 Enderknight205: PLZ ROLL BACK
19:46 Enderknight205: PLZ ROLL BACK
19:46 Enderknight205: PLZ ROLL BACK
19:46 Enderknight205: PLZ ROLL BACK
19:46 TheJavaDev    : o its #tnt not #explosion
19:46 Enderknight205: PLZ ROLL BACK
19:46 Enderknight205: PLZ ROLL BACK
19:46 Enderknight205: PLZ ROLL BACK
19:47 Enderknight205: thx
19:47 TheJavaDev    : unclaim it
19:47 Supreme_Kirby : xD
19:47 Supreme_Kirby : oops
19:47 Supreme_Kirby : XD
19:47 Supreme_Kirby : wat
19:47 Enderknight205: PLZ ROLL BACK
19:47 Enderknight205: PLZ ROLL BACK
19:47 Enderknight205: PLZ ROLL BACK
19:47 Enderknight205: PLZ ROLL BACK
19:47 Enderknight205: PLZ ROLL BACK
19:47 Supreme_Kirby : XD
19:47 Enderknight205: PLZ ROLL BACK
19:47 Enderknight205: PLZ ROLL BACK
19:47 Enderknight205: PLZ ROLL BACK
19:47 Enderknight205: PLZ ROLL BACK
19:47 Supreme_Kirby : XD
19:47 Enderknight205: PLZ ROLL BACK
19:47 Enderknight205: PLZ ROLL BACK
19:47 Enderknight205: PLZ ROLL BACK
19:47 Enderknight205: PLZ ROLL BACK
19:47 Enderknight205: PLZ ROLL BACK
19:47 Enderknight205: PLZ ROLL BACK
19:47 Enderknight205: PLZ ROLL BACK
19:48 Supreme_Kirby : fail @2
19:48 Enderknight205: alex
19:48 Supreme_Kirby : fail #2
19:48 Enderknight205: plz
19:48 Enderknight205: how do u roll back
19:48 Enderknight205: STOP
19:48 Supreme_Kirby : XD
19:48 Supreme_Kirby : Enderknight205
19:48 Supreme_Kirby : wat
19:48 Enderknight205: plz roll back
19:48 Supreme_Kirby : not me
19:48 TheJavaDev    : STOP BRAKING THE COMMAND BLOCK
19:48 Enderknight205: plz roll back
19:48 Enderknight205: plz roll back
19:48 Enderknight205: plz roll back
19:48 Enderknight205: plz roll back
19:48 Enderknight205: plz roll back
19:48 Enderknight205: plz roll back
19:48 Enderknight205: plz roll back
19:48 Enderknight205: plz roll back
19:48 Enderknight205: plz roll back
19:48 Enderknight205: plz roll back
19:48 Enderknight205: plz roll back
19:48 Enderknight205: plz roll back
19:48 Enderknight205: plz roll back
19:48 Enderknight205: plz roll back
19:48 Enderknight205: plz roll back
19:48 Enderknight205: plz roll back
19:48 Enderknight205: plz roll back
19:48 Enderknight205: plz roll back
19:48 Enderknight205: now
19:48 Enderknight205: now
19:48 Enderknight205: now
19:48 Enderknight205: now
19:48 Enderknight205: plz roll back
19:48 Enderknight205: plz roll back
19:48 Enderknight205: plz roll back
19:48 Enderknight205: plz roll back
19:48 Supreme_Kirby : XD
19:48 Enderknight205: how do u roll back
19:49 Supreme_Kirby : java
19:49 Enderknight205: tell me command
19:49 Enderknight205: tell me command
19:49 Enderknight205: tell me command
19:49 Enderknight205: tell me command
19:49 Enderknight205: tell me command
19:49 Enderknight205: how do u roll back
19:49 Enderknight205: how do u roll back
19:49 Enderknight205: how do u roll back
19:49 Enderknight205: how do u roll back
19:49 Enderknight205: how do u roll back
19:49 Enderknight205: tell me command
19:49 Enderknight205: tell me command
19:49 Enderknight205: tell me command
19:49 Enderknight205: tell me command
19:49 TheJavaDev    : STOP SPAMMING
19:49 Supreme_Kirby : ./roll back LMAO
19:49 Enderknight205: tell me command
19:49 Enderknight205: tell me command
19:49 Enderknight205: tell me command
19:49 Enderknight205: tell me command
19:49 Enderknight205: tell me command
19:49 Supreme_Kirby : do again
19:49 Supreme_Kirby : ill stopo
19:49 TheJavaDev    :  placed a sign @ world: x28, z730
  Emergency
  Command
  Block
19:49 Supreme_Kirby : XD
19:49 Supreme_Kirby : again
19:50 TheJavaDev    : gtg
19:50 Supreme_Kirby : XD
19:50 Enderknight205: STOP
19:50 Supreme_Kirby : cant put back
19:50 Supreme_Kirby : kk
19:50 Supreme_Kirby : there
19:50 Supreme_Kirby : we gucci now
19:50 Supreme_Kirby : tey
19:50 Supreme_Kirby : try
19:50 Supreme_Kirby : i fixed
19:51 Supreme_Kirby : wat
19:51 Enderknight205: wut
19:51 Enderknight205: u broke it
19:51 Enderknight205: just plz stop
19:51 Enderknight205: ill fix it
19:51 Supreme_Kirby : fixed
19:51 Enderknight205: rly?
19:52 Supreme_Kirby : i see
19:52 Supreme_Kirby : now try
19:52 Enderknight205: y no shoot
19:53 Enderknight205: yay
19:53 Supreme_Kirby : try agauin
19:53 Enderknight205: just plz stop
19:53 Enderknight205: ill fix myself
19:54 Enderknight205: there fixed it
19:55 Enderknight205:  placed a sign @ world: x28, z730
  Emergency
  Command Block
19:57 Enderknight205: hello
19:57 Supreme_Kirby : yoyo
19:57 JEAN_MILAN    : you did nothin oh well
19:58 Supreme_Kirby : a
19:58 Supreme_Kirby : yas
19:58 Supreme_Kirby : i was dieing
19:58 Enderknight205: peace remember?
19:58 Supreme_Kirby : dieting
19:58 Enderknight205: peace remember?
19:58 Enderknight205: peace remember?
19:58 Enderknight205: peace remember?
19:58 Enderknight205: no
19:58 JEAN_MILAN    : this place is badlly consructted
19:58 Supreme_Kirby : wat
19:58 Enderknight205: good four you
19:58 Enderknight205: GET OUT
19:59 JEAN_MILAN    : can i help pls it will be by your orders
19:59 Enderknight205: no
19:59 Enderknight205: GET OUT
19:59 Supreme_Kirby : wat
19:59 Supreme_Kirby : wat
19:59 JEAN_MILAN    : wow
20:00 JEAN_MILAN    : you built all this
20:00 JEAN_MILAN    : ah tnt canon
20:01 Enderknight205: press buttin
20:01 Enderknight205: here
20:01 Supreme_Kirby : lag
20:01 Enderknight205: no here
20:01 Enderknight205: no here
20:01 Enderknight205: stop
20:01 JEAN_MILAN    : lol epic fail
20:01 Enderknight205: how
20:01 Enderknight205: it worked
20:01 Enderknight205: ur not supposed to spam it
20:01 JEAN_MILAN    : its tragctory hella small
20:01 JEAN_MILAN    : oh
20:02 Enderknight205: r u sure?
20:02 JEAN_MILAN    : nice
20:02 Enderknight205: thx
20:02 JEAN_MILAN    : may i please help you supreme pls
20:03 JEAN_MILAN    : this is op
20:03 Supreme_Kirby : wat
20:05 JEAN_MILAN    : hello ender
20:08 JEAN_MILAN    :  placed a sign @ world: x-28, z688
  ONER
  THE MASTR
  OF Enderknight
20:09 JEAN_MILAN    :  placed a sign @ world: x-28, z688
  honer the 
  master
  enderknight
20:10 JEAN_MILAN    :  placed a sign @ world: x-25, z688
  enderknights
  belovid
  home
20:12 Supreme_Kirby : XD Afk
20:12 Supreme_Kirby : dinner itme
21:25 Supreme_Kirby : wat
21:28 TheJavaDev    : hi
21:28 Supreme_Kirby : yoy
21:28 Supreme_Kirby : nice skin
21:28 TheJavaDev    : did you like your minions
21:28 Supreme_Kirby : no
21:28 Supreme_Kirby : this one
21:28 TheJavaDev    : lol
21:28 Supreme_Kirby : i nhate
21:28 TheJavaDev    : he seems to be stuck
21:30 Supreme_Kirby : yo
21:30 Supreme_Kirby : NO
21:30 Supreme_Kirby : skin is gayt
21:30 Supreme_Kirby : no
21:30 TheJavaDev    : what?
21:31 Supreme_Kirby : NO skeppy
21:31 Supreme_Kirby : y so laggy rn
21:31 Supreme_Kirby : y so laggy rn
21:31 Supreme_Kirby : y so laggy rn
21:31 Supreme_Kirby : y so laggy rn
21:31 Supreme_Kirby : y so laggy rn
21:31 Supreme_Kirby : y so laggy rn
21:31 Supreme_Kirby : y so laggy rn
21:31 Supreme_Kirby : y so laggy rn
21:31 Supreme_Kirby : y so laggy rn
21:31 Supreme_Kirby : y so laggy rn
21:31 TheJavaDev    : perfect!
21:31 Supreme_Kirby : CHEEESE
21:31 Supreme_Kirby : thats gucci
21:32 TheJavaDev    : i think il lkeep this one maybe
21:32 TheJavaDev    : gtg bye have fun with your minions lol
21:32 Supreme_Kirby : k
21:32 Supreme_Kirby : kt
21:32 Supreme_Kirby : kt
21:32 Supreme_Kirby : tkt
21:32 Supreme_Kirby : ktkk
