06:42 Enderknight205: tp 194.012 -231 -81.973
07:21 Enderknight205:  placed a sign @ world: x34, z719
  Airship
07:23 Enderknight205:  placed a sign @ world: x34, z719
  Airship
07:40 Enderknight205:  placed a sign @ world: x34, z719
  Airship
07:44 Enderknight205:  placed a sign @ world: x34, z719
  Airship
07:46 Enderknight205:  placed a sign @ world: x34, z719
  Airship
07:49 Enderknight205:  placed a sign @ world: x34, z719
  Airship
08:28 TheJavaDev    :  placed a sign @ world: x-10, z644
  Contacts:
08:29 TheJavaDev    :  placed a sign @ world: x-62, z631
  Airskiff
08:30 TheJavaDev    :  placed a sign @ world: x-25, z631
  Release
08:30 TheJavaDev    :  placed a sign @ world: x-26, z633
  Contacts:
08:31 Enderknight205:  placed a sign @ world: x-25, z632
  Cruise: OFF
11:08 Supreme_Kirby : yo
11:08 Supreme_Kirby : jim
11:08 AirFusion_45  : ho
11:08 AirFusion_45  : hi
11:08 Supreme_Kirby : wat u up 2
11:08 AirFusion_45  : trying to find your base lol
11:08 Supreme_Kirby : o
11:08 Supreme_Kirby : tp to me
11:08 AirFusion_45  : k thx
11:10 Supreme_Kirby : y do u want to come to me base
11:10 Supreme_Kirby : its boring
11:12 Supreme_Kirby : can i tery?
11:12 AirFusion_45  : huh?
11:12 Supreme_Kirby : wow
11:12 Supreme_Kirby : soW
11:12 Supreme_Kirby : WAT
11:13 Supreme_Kirby : watr r r rr r rr u u u u
11:13 Supreme_Kirby : doing
11:13 Supreme_Kirby : AirFusion_45
11:13 AirFusion_45  : wat
11:13 Supreme_Kirby : lets do hide n seek
11:14 Supreme_Kirby : in this room
11:14 Supreme_Kirby : no going down
11:14 Supreme_Kirby : but can morph
11:14 AirFusion_45  : ok
11:14 Supreme_Kirby : scout the room first ur seeker
11:14 AirFusion_45  : ok
11:14 Supreme_Kirby : onmly this floor
11:14 AirFusion_45  : yes
11:14 AirFusion_45  : i am done
11:14 Supreme_Kirby : /m 
11:14 AirFusion_45  : you can hide now
11:15 Supreme_Kirby : wat
11:15 Supreme_Kirby : k
11:15 Supreme_Kirby : w8
11:15 AirFusion_45  : k
11:16 Supreme_Kirby : w8n
11:16 Supreme_Kirby : wat
11:16 Supreme_Kirby : i can disgues
11:16 AirFusion_45  : yes
11:17 AirFusion_45  : and you can break blocks
11:17 Supreme_Kirby : ready
11:17 AirFusion_45  : kk
11:17 Supreme_Kirby : w8
11:17 Supreme_Kirby : no
11:17 Supreme_Kirby : not yet
11:17 AirFusion_45  : ok
11:17 Supreme_Kirby : no
11:17 Supreme_Kirby : wat
11:18 AirFusion_45  : so i can punch you
11:18 AirFusion_45  : to see where you are
11:18 Supreme_Kirby : w89
11:18 Supreme_Kirby : w8
11:18 AirFusion_45  : k
11:19 Supreme_Kirby : ready
11:19 AirFusion_45  : ok
11:19 Supreme_Kirby : so ovous
11:20 Supreme_Kirby : XD
11:20 AirFusion_45  : xd
11:20 Supreme_Kirby : ur turn
11:20 AirFusion_45  : :)
11:20 AirFusion_45  : ok
11:20 Supreme_Kirby : after dis i gtg prob
11:20 AirFusion_45  : ok
11:21 Supreme_Kirby : ready?
11:21 AirFusion_45  : no wait
11:21 Supreme_Kirby : k
11:21 AirFusion_45  : ok ready
11:22 Supreme_Kirby : no invis right
11:22 AirFusion_45  : no
11:22 AirFusion_45  : ./d
11:22 Supreme_Kirby : XD
11:22 AirFusion_45  : lol
11:23 AirFusion_45  : how do you reset?
11:23 AirFusion_45  : lol
11:23 Supreme_Kirby : do /u
11:23 AirFusion_45  : ok
11:23 Supreme_Kirby : gtg
11:23 AirFusion_45  : bye
11:23 Supreme_Kirby : srry need 2 eat breakfist
11:23 Supreme_Kirby : XD
11:23 AirFusion_45  : lol
11:55 Supreme_Kirby :  placed a sign @ world: x44, z723
  Rip austn
11:55 Supreme_Kirby :  placed a sign @ world: x44, z723
  R.I.P
  Austin or
  supreme_kirby
11:58 Supreme_Kirby : dont tellm
11:58 Supreme_Kirby : pete
11:58 Supreme_Kirby : k
11:58 Supreme_Kirby : plz
11:58 Supreme_Kirby : i am pranking him
11:58 AirFusion_45  : ok
12:11 Supreme_Kirby : wat
12:14 Enderknight205:  placed a sign @ world: x-26, z631
  Airskiff
12:14 Enderknight205:  placed a sign @ world: x-25, z631
  [helm]
12:15 Enderknight205:  placed a sign @ world: x-26, z631
  Airskiff
12:15 Enderknight205:  placed a sign @ world: x-30, z630
  Cruise: OFF
12:16 Enderknight205:  placed a sign @ world: x-20, z632
  Release
12:20 Supreme_Kirby : AirFusion_45
12:22 Enderknight205:  placed a sign @ world: x19, z717
  Airship
12:24 Supreme_Kirby : ajim
12:24 Enderknight205: STOP
12:24 Enderknight205: JIM PLASE
12:24 AirFusion_45  : ok
12:25 Enderknight205: GET OUT
12:25 Enderknight205: IT FRAGILE
12:25 Enderknight205:  placed a sign @ world: x-9, z642
  Airship
12:25 AirFusion_45  : stop
12:25 AirFusion_45  : peter
12:25 AirFusion_45  : stop it
12:26 Enderknight205: stop what
12:26 AirFusion_45  : the stip
12:26 AirFusion_45  : ship
12:26 Enderknight205: whats a stip
12:26 AirFusion_45  : its gonna crash
12:26 Enderknight205: ik
12:26 Enderknight205: were landing it
12:26 AirFusion_45  : ok
12:26 Enderknight205: done
12:26 Enderknight205: jim look
12:26 AirFusion_45  : lol cool
12:27 AirFusion_45  :  placed a sign @ world: x-24, z632
  CRUISE: ON
12:27 AirFusion_45  :  placed a sign @ world: x-24, z632
  Cruise: OFF
12:27 AirFusion_45  : how do you make a craft?
12:28 Enderknight205: tp to me
12:28 Enderknight205: stop bieng invis
12:28 Enderknight205: follow
12:29 Enderknight205:  placed a sign @ world: x-24, z623
  Airskiff
12:29 Enderknight205:  placed a sign @ world: x-24, z622
  [helm]
12:29 AirFusion_45  : oh
12:29 Enderknight205:  placed a sign @ world: x-23, z622
  Cruise: OFF
12:29 AirFusion_45  :  placed a sign @ world: x-22, z621
  [hien]
12:29 Enderknight205:  placed a sign @ world: x-24, z623
  Airskiff
12:29 Enderknight205: y no work
12:29 AirFusion_45  :  placed a sign @ world: x-22, z621
  [hien]
12:29 Enderknight205: look
12:29 Enderknight205: at kirby
12:29 Enderknight205: at kirby
12:29 Enderknight205: at kirby
12:29 Enderknight205: at kirby
12:30 Enderknight205: there are boats ships and submarines
12:30 Enderknight205: there are boats ships and submarines
12:30 Enderknight205: there are boats ships and submarines
12:30 Enderknight205: there are boats ships and submarines
12:30 AirFusion_45  : yes
12:30 AirFusion_45  : i got the wiki page
12:30 AirFusion_45  : now
12:30 Enderknight205: kk
12:34 Supreme_Kirby : AFK
12:34 Supreme_Kirby : for 9191919911 mins
12:34 Enderknight205: jimm look
12:34 Enderknight205: airskiff
12:35 Enderknight205:  placed a sign @ world: x-10, z599
  Release
12:36 Enderknight205: answer
12:36 AirFusion_45  : huh?
12:36 Enderknight205: discrod call
12:36 Enderknight205: answer
12:39 Enderknight205:  placed a sign @ world: x-30, z608
  Airship
12:39 AirFusion_45  :  placed a sign @ world: x-39, z609
  Airskiff
12:40 Enderknight205:  placed a sign @ world: x-39, z609
  Airskiff
12:41 Enderknight205:  placed a sign @ world: x-15, z578
  Boat
12:48 Enderknight205:  placed a sign @ world: x-9, z642
  Airship
12:50 Enderknight205:  placed a sign @ world: x-39, z610
  [helm]
12:50 Enderknight205:  placed a sign @ world: x-39, z609
  Airskiff
12:51 Enderknight205:  placed a sign @ world: x-39, z609
  Airskiff
12:51 Enderknight205:  placed a sign @ world: x-40, z609
  Airskiff
12:52 AirFusion_45  :  placed a sign @ world: x-41, z610
  Airskiff
12:52 Enderknight205:  placed a sign @ world: x-40, z610
  [helm]
12:52 AirFusion_45  :  placed a sign @ world: x-42, z610
  Cruise: OFF
12:54 Enderknight205:  placed a sign @ world: x-9, z642
  Airship
12:56 AirFusion_45  :  placed a sign @ world: x-37, z630
  Airski
12:56 AirFusion_45  :  placed a sign @ world: x-37, z629
  Airskiff
12:56 AirFusion_45  :  placed a sign @ world: x-38, z629
  Release
12:56 AirFusion_45  :  placed a sign @ world: x-39, z629
  Cruise: 
12:56 AirFusion_45  :  placed a sign @ world: x-39, z629
  Cruise
12:57 AirFusion_45  :  placed a sign @ world: x-39, z629
  Cruise
12:57 AirFusion_45  :  placed a sign @ world: x-39, z629
  [
13:01 Enderknight205: can u get rid of grief protect
13:01 Enderknight205: i cant blow you up
13:06 Enderknight205: y u disconnect
13:06 Enderknight205: hmmmmmmmmmmmmmmmmmmmmmmmm
13:07 Enderknight205: wow
13:07 Enderknight205: im adding armour
13:08 AirFusion_45  :  placed a sign @ world: x-119, z574
  Airskiff
13:09 Enderknight205: punch me
13:09 Enderknight205: ow
13:10 Enderknight205: y no fire
13:10 Enderknight205: i wasnt on fire
13:10 Enderknight205: something wierd
13:10 Enderknight205: going on here
13:10 Enderknight205: look
13:10 Enderknight205: cant light on fire
13:12 Enderknight205: lol
13:19 Enderknight205:  placed a sign @ world: x-22, z648
  Landing Site
  1
13:23 Enderknight205:  placed a sign @ world: x-24, z648
  Landing Site
  2
13:47 Enderknight205: hi
13:47 TheJavaDev    : oh hi
13:47 Enderknight205: call on discord
13:47 TheJavaDev    : no
13:47 TheJavaDev    : i cant play just want to see what you built
13:47 Enderknight205: oh
13:48 Enderknight205: tp to me
13:48 Enderknight205: tp to me
13:48 Enderknight205: tp to me
13:48 Enderknight205: tp to me
13:48 Enderknight205: tp to me
13:48 Enderknight205: lok
13:48 TheJavaDev    : good dock idea
13:48 Enderknight205: get rid of grief protect
13:48 TheJavaDev    : y
13:48 Enderknight205: cant blow things up
13:48 TheJavaDev    : lol
13:48 Enderknight205: and firecharge doesnt work
13:48 TheJavaDev    : go onto airship pirates erv
13:48 Enderknight205: and firecharge doesnt work
13:48 Enderknight205: and firecharge doesnt work
13:48 Enderknight205: and firecharge doesnt work
13:48 TheJavaDev    : go onto airship pirates erv
13:48 TheJavaDev    : go onto airship pirates erv
13:48 TheJavaDev    : go onto airship pirates erv
13:48 TheJavaDev    : go onto airship pirates erv
13:49 TheJavaDev    : well gtg maybe if can play will join u
14:16 Enderknight205:  placed a sign @ world: x-12, z652
  Made by
  Enderknight205
  and
  Supreme_Kirby
14:16 Enderknight205:  placed a sign @ world: x-13, z654
  Made in
  Allcraft
14:17 Enderknight205:  placed a sign @ world: x-13, z651
  The Victory
  Flyer
14:17 Enderknight205:  placed a sign @ world: x-13, z651
  The Victory
  Flyer
15:30 TheJavaDev    : hi
15:42 TheJavaDev    :  placed a sign @ world: x-9, z642
  Airship
16:34 Supreme_Kirby : yo
16:37 Supreme_Kirby : yo
16:37 Supreme_Kirby : wat
16:37 Supreme_Kirby : y i just said ypo
16:38 Supreme_Kirby : Look
16:38 Supreme_Kirby : karl non demote
16:38 Supreme_Kirby : XD
16:38 Supreme_Kirby : I WIN
16:38 Supreme_Kirby : NOT ME
16:38 Supreme_Kirby : OMFG
16:38 Supreme_Kirby : y would i do that
16:38 Supreme_Kirby : sohw me
16:38 Supreme_Kirby : then
16:39 Supreme_Kirby : wat
16:39 Supreme_Kirby : dude
16:45 Supreme_Kirby : sTOOP
16:45 Supreme_Kirby : STOP
16:45 Supreme_Kirby : this
16:45 Supreme_Kirby : is peter
16:45 Supreme_Kirby : if u mess not my falt
16:46 Supreme_Kirby : get off
16:46 Supreme_Kirby : plz
16:46 Supreme_Kirby : wat
16:47 Supreme_Kirby : hey carl wanna go somwere
16:50 Supreme_Kirby : yo
16:51 Supreme_Kirby : wat u want
16:51 Supreme_Kirby : ?
16:52 Supreme_Kirby : STOP
16:52 Supreme_Kirby : KARL
16:52 Supreme_Kirby : OMG
16:53 Supreme_Kirby : STOP
16:53 Supreme_Kirby : karl
16:53 Supreme_Kirby : STOP
16:53 Supreme_Kirby : OMGG
16:54 Supreme_Kirby : if u dont put it back
16:54 Supreme_Kirby : he will be made as fuk
17:37 Enderknight205:  placed a sign @ world: x-9, z642
  Airship
18:10 Enderknight205:  placed a sign @ world: x-72, z716
  Airship
18:11 Enderknight205:  placed a sign @ world: x-72, z716
  [helm]
18:11 Enderknight205:  placed a sign @ world: x-72, z716
  Cruise; OFF
18:11 Enderknight205:  placed a sign @ world: x-71, z715
  Ascend: OFF
18:11 Enderknight205:  placed a sign @ world: x-73, z715
  Descend: OFF
18:12 Enderknight205:  placed a sign @ world: x-71, z715
  Release
18:15 Enderknight205: jIII!!!!MMMM
18:16 Enderknight205: were building karls ship
18:17 Supreme_Kirby : yo
18:18 Enderknight205: sup
18:18 Supreme_Kirby : ?
18:18 Supreme_Kirby : yo
18:18 Supreme_Kirby : wat is dis
18:18 Enderknight205: accept call
18:18 Enderknight205: accept call
18:18 Enderknight205: accept call
18:18 Enderknight205: accept call
18:18 Enderknight205: austin
18:18 Supreme_Kirby : kw 8
18:18 Enderknight205: austin
18:18 Enderknight205: austin
18:18 Enderknight205: austin
18:19 AirFusion_45  :  placed a sign @ world: x-88, z558
  Airskiff
18:21 Enderknight205: too small
18:24 Enderknight205: wut
18:24 Supreme_Kirby : XD
18:25 Supreme_Kirby : wast
18:27 Supreme_Kirby : XD
18:28 JEAN_MILAN    : thisis alexes
18:29 AirFusion_45  :  placed a sign @ world: x-88, z559
  [helm]
18:30 Enderknight205: get out of da wae
18:32 Enderknight205: STOP
18:32 Enderknight205: GET OUT
18:32 Enderknight205: KEAN
18:32 Enderknight205: I THOUGHT WE AHD PEACE TREATY
18:32 JEAN_MILAN    : ye we do
18:32 Supreme_Kirby : I THOUGHT WE HAD PEACE TREATY
18:33 JEAN_MILAN    : friends air
18:33 AirFusion_45  : uhh
18:33 AirFusion_45  : this is not for fighting
18:33 AirFusion_45  : patrol
18:33 JEAN_MILAN    : what
18:33 SkyNoob28     : /msg AirFusion_45 look 
18:34 JEAN_MILAN    : what happen
18:34 Supreme_Kirby : its karl oc
18:34 Enderknight205: STOP KARL
18:34 Supreme_Kirby : ofc
18:34 AirFusion_45  : idc really
18:34 Supreme_Kirby : XD
18:34 AirFusion_45  : no
18:34 Supreme_Kirby : JEAN_MILAN
18:34 AirFusion_45  : JEAN_MILAN you know
18:34 Supreme_Kirby : call JEAN_MILAN
18:34 Supreme_Kirby : he is best buddy
18:34 AirFusion_45  : even though i dont care that you broke my ship, i cant trust you anymore
18:35 Enderknight205: who broke ur ship jim
18:35 AirFusion_45  : what
18:35 AirFusion_45  : JEAN_MILAN
18:35 AirFusion_45  : idc
18:35 Enderknight205: wow
18:35 JEAN_MILAN    : no
18:35 Supreme_Kirby : XDw
18:35 AirFusion_45  : i dont care thou peter
18:35 Enderknight205: kk
18:35 Supreme_Kirby : karl do u noe jim
18:35 AirFusion_45  : no JEAN_MILAN
18:35 AirFusion_45  : go no were near that ship
18:35 AirFusion_45  : you are gonna break it
18:36 Supreme_Kirby : XD
18:36 JEAN_MILAN    : lol
18:37 Enderknight205: cant
18:38 JEAN_MILAN    : ah
18:38 AirFusion_45  : no
18:39 JEAN_MILAN    : go away jim
18:39 Supreme_Kirby : jim r u gucci with jme
18:39 AirFusion_45  : huh?
18:39 JEAN_MILAN    : i will tell alex
18:39 Enderknight205: about what
18:40 Supreme_Kirby : about how i have gucci evberything
18:40 AirFusion_45  : /r 
18:40 AirFusion_45  : /t 
18:41 AirFusion_45  : JEAN_MILAN no
18:41 JEAN_MILAN    : air fussion is spying on you
18:41 JEAN_MILAN    : i tp to him
18:41 Enderknight205: ik
18:41 Enderknight205: so what
18:41 JEAN_MILAN    : lol
18:42 Enderknight205: xD
18:43 Enderknight205: stop
18:43 JEAN_MILAN    : what check command blocks
18:46 Supreme_Kirby : XD
18:46 Supreme_Kirby : yo
18:46 Supreme_Kirby : call with jean cause he lonly atm
18:51 Enderknight205:  placed a sign @ world: x-19, z614
  Pilot Liscence
  Office
18:51 Enderknight205:  placed a sign @ world: x-20, z615
  Pilot Liscence
  Office
18:51 Enderknight205:  placed a sign @ world: x-19, z615
  Closed
18:52 Enderknight205:  placed a sign @ world: x-16, z619
  You must have a
  liscence to have
  or own a
  airship
18:52 Enderknight205:  placed a sign @ world: x-17, z619
  Order airships
  here
18:52 JEAN_MILAN    : why are you ding
18:53 Enderknight205: making liscence office
18:53 Enderknight205: too get pilot liscence
18:53 JEAN_MILAN    : i wana liscence
18:53 Enderknight205: u must pass test later
18:53 JEAN_MILAN    : no now
18:53 Enderknight205: i make demo ship
18:53 JEAN_MILAN    : ok i will wait
18:53 Enderknight205: i neeed to make one
18:54 JEAN_MILAN    : can i work on the pridge to the ship
18:54 Enderknight205: no its done already
18:54 Enderknight205: wait for ship
18:54 JEAN_MILAN    : id didn't put it
18:56 Supreme_Kirby : stop
18:56 Supreme_Kirby : plz
18:56 Supreme_Kirby : dont come
18:56 Supreme_Kirby : plz
18:56 Supreme_Kirby : STOP)
18:56 Supreme_Kirby : STOP
18:56 JEAN_MILAN    : ok
18:56 Supreme_Kirby : do it somewere else
19:02 Supreme_Kirby : a
19:02 Supreme_Kirby : peter
19:02 Supreme_Kirby : is eating din rn
19:03 Supreme_Kirby : dont noe how
19:04 JEAN_MILAN    : why can;t pistons move blocks
19:04 Supreme_Kirby : cuase not claims
19:04 JEAN_MILAN    : ok
19:07 Supreme_Kirby : Ascend: OFF
19:07 Supreme_Kirby : Ascend: OFF Descend: OFF
19:07 Supreme_Kirby : Ascend: OFF Descend: OFF Release airship
19:08 Supreme_Kirby : Ascend: OFF Descend: OFF Release airship Cruise: OFF
19:08 Supreme_Kirby : Ascend: OFF Descend: OFF Release airship Cruise: OFF
19:08 Supreme_Kirby :  placed a sign @ world: x-23, z611
  Ascend: OFF
19:08 Supreme_Kirby :  placed a sign @ world: x-23, z612
  De
19:08 Supreme_Kirby : Ascend: OFF Descend: OFF Release airship Cruise: OFF
19:08 Supreme_Kirby :  placed a sign @ world: x-23, z612
  Descend: OFF
19:08 JEAN_MILAN    :  placed a sign @ world: x-8, z646
  Descend: ON
19:09 Supreme_Kirby :  placed a sign @ world: x-24, z610
  Airship:crui
19:09 Supreme_Kirby : Ascend: OFF Descend: OFF Release airship Cruise: OFF
19:09 Supreme_Kirby :  placed a sign @ world: x-24, z610
  Airship Cruise:OFF
19:10 Supreme_Kirby : STOP
19:10 Supreme_Kirby : GET THE FUK OUT
19:10 Supreme_Kirby :  placed a sign @ world: x-24, z610
  airship
19:11 Supreme_Kirby :  placed a sign @ world: x-24, z610
  Cruise
19:11 JEAN_MILAN    : that's not nice not nice at all you need a baby siteer
19:11 Supreme_Kirby : I warned u 444 times
19:11 Supreme_Kirby :  placed a sign @ world: x-24, z610
  Cruise: OFF
19:13 Supreme_Kirby :  placed a sign @ world: x-25, z611
  release
19:13 Supreme_Kirby :  placed a sign @ world: x-28, z614
   Peter make 
19:14 Supreme_Kirby :  placed a sign @ world: x-28, z615
  adjustmints
  plz gtg dinner br
  brb 30 mins
19:14 JEAN_MILAN    :  placed a sign @ world: x-21, z652
  Press this
  lever to
  abord the ship
19:15 Supreme_Kirby :  placed a sign @ world: x-24, z610
  Cruise: OFF
19:15 Supreme_Kirby :  placed a sign @ world: x-24, z610
  Cruise: OFF
19:18 Enderknight205: stop or ur banned
19:18 Enderknight205: stop or ur banned
19:18 Enderknight205: stop or ur banned
19:19 Enderknight205: last chance
19:20 Enderknight205: sup jean
19:20 JEAN_MILAN    : stop newin
19:21 Enderknight205:  placed a sign @ world: x-16, z614
  Put orders here
  with your name
19:21 Enderknight205: austn is afk
19:21 Enderknight205: xD
19:23 Enderknight205:  placed a sign @ world: x-24, z610
  [helm]
19:23 Enderknight205: im calling
19:23 Enderknight205: karl
19:25 TheJavaDev    : ey everyone is on
19:25 TheJavaDev    : what
19:25 TheJavaDev    : STOP TPING ME
19:26 JEAN_MILAN    : wana work on my house
19:26 TheJavaDev    : oo cool
19:26 Enderknight205: look follow
19:26 Enderknight205: come
19:26 TheJavaDev    : wait
19:26 Enderknight205: come
19:26 TheJavaDev    : what
19:26 Enderknight205: see?
19:26 Enderknight205: ;iscence
19:26 Enderknight205: u need liscence
19:26 TheJavaDev    : lol
19:27 SkyNoob28     : /msg TheJavaDev do you want a lightning axe 
19:27 TheJavaDev    : peter
19:27 Enderknight205: wat
19:27 TheJavaDev    : verfy for me pls
19:27 TheJavaDev    : come
19:27 Enderknight205: JEAN STOP
19:27 Enderknight205: GET OUT
19:27 TheJavaDev    : verofy
19:27 JEAN_MILAN    : no it's cool
19:28 TheJavaDev    : peter is that a good license
19:28 Enderknight205: TOO BIG
19:28 Enderknight205: thx lol
19:28 TheJavaDev    : cool
19:28 TheJavaDev    : look
19:28 TheJavaDev    : works only for u
19:29 TheJavaDev    : poweertool are for each user
19:29 TheJavaDev    : the most useful one: /jump
19:29 TheJavaDev    : get a sword and bind jump i always travel like that
19:29 TheJavaDev    : peter
19:29 TheJavaDev    : weres your old airship
19:30 Enderknight205: here
19:30 TheJavaDev    : cool
19:30 TheJavaDev    : bye maybe come back later
19:38 Supreme_Kirby : Ascend: OFF Descend: OFF Release airship Cruise: OFF
19:38 Supreme_Kirby :  placed a sign @ world: x-24, z610
  Cruise: OFF
19:43 Supreme_Kirby : XD
19:43 Enderknight205: hi
19:43 Supreme_Kirby : WHO KEEPS PUTTING IN GM !
19:44 Enderknight205: wat
19:44 Enderknight205: xD
19:44 Enderknight205: wat
19:44 Enderknight205: how
19:44 Supreme_Kirby : some one put me in gm 1
19:44 Enderknight205: isnt dat creative
19:45 Enderknight205: isnt dat creative
19:45 Enderknight205: who did that
19:45 Enderknight205: who did that
20:24 Enderknight205: kk sry
20:25 Supreme_Kirby : finnish
20:25 Supreme_Kirby : hele
20:25 Enderknight205: halo
20:25 Enderknight205: karl stop
20:25 Supreme_Kirby : pete he never stops and u noe it
20:25 Enderknight205: xD
20:25 Supreme_Kirby : XD
20:26 AirFusion_45  : please stop that
20:27 AirFusion_45  : you are gonna crash the server
20:27 Enderknight205: we spammed it on lobby
20:27 Enderknight205: it didnt crash
20:27 Supreme_Kirby : pete u doing it
20:27 Enderknight205: cool
20:27 Supreme_Kirby : hah
20:28 Supreme_Kirby : hau
20:28 Supreme_Kirby : did u do it pete
20:28 Enderknight205: too small
20:28 Supreme_Kirby : wat
20:28 Enderknight205: nothing
20:29 Supreme_Kirby : w8
20:29 Enderknight205: that wasnt me
20:29 Supreme_Kirby : pete
20:29 Enderknight205: wut
20:29 Supreme_Kirby : a
20:29 Supreme_Kirby : is it still small
20:29 AirFusion_45  :  placed a sign @ world: x-86, z608
  Airship
20:29 Enderknight205: awwww
20:30 Supreme_Kirby : Who is doing that
20:31 Supreme_Kirby : peter r u doing
20:31 AirFusion_45  : peter
20:31 Enderknight205: sry guys
20:31 Enderknight205: so fun
20:31 Enderknight205: karl stop
20:31 Enderknight205: too small
20:31 Enderknight205: aughhh
20:31 Supreme_Kirby : good?
20:32 Supreme_Kirby : pete
20:32 Enderknight205: coming
20:32 Enderknight205: too small
20:33 Enderknight205: jim, u have liscence?
20:33 AirFusion_45  : no
20:33 AirFusion_45  : lol
20:33 Enderknight205: hmmmm
20:33 Enderknight205: lol
20:33 Enderknight205: i will give u liscence
20:34 AirFusion_45  : thx peter
20:34 Enderknight205: np
20:35 Enderknight205: take
20:35 AirFusion_45  : lol
20:35 Enderknight205: lol
20:35 Enderknight205: pass tests later
20:37 Enderknight205:  placed a sign @ world: x-20, z606
  Wall of
  Liscences:
20:37 Enderknight205:  placed a sign @ world: x-20, z606
  Enderknight205
20:37 Enderknight205:  placed a sign @ world: x-20, z606
  Supreme_Kirby
20:37 Enderknight205:  placed a sign @ world: x-19, z606
  Airfusion_45
20:38 Enderknight205:  placed a sign @ world: x-14, z618
  Liscences
20:38 Enderknight205: pretty big demo ship
20:38 Supreme_Kirby : ya
20:38 Enderknight205: use white wool
20:38 Enderknight205: use white wool
20:38 Enderknight205: use white wool
20:38 Enderknight205: use white wool
20:38 Supreme_Kirby : y
20:38 Enderknight205: it counts the white wool
20:39 Supreme_Kirby : srryisly
20:39 Enderknight205: not gerey or yellow
20:39 Enderknight205: ya
20:39 Enderknight205: lol
20:40 AirFusion_45  :  placed a sign @ world: x-81, z609
  Cruise: OFF
20:40 Enderknight205:  placed a sign @ world: x-19, z615
  Put your name
  in hopper for
  a test session
20:41 Enderknight205:  placed a sign @ world: x-19, z615
  Put your name
  in hopper for
  a test session
20:41 AirFusion_45  :  placed a sign @ world: x-71, z609
  Ascend: OFF
20:42 AirFusion_45  :  placed a sign @ world: x-71, z609
  Ascend: OFF
20:43 Enderknight205:  placed a sign @ world: x-20, z611
  Take One
20:43 SkyNoob28     :  placed a sign @ world: x-24, z610
  Airship
20:43 Enderknight205:  placed a sign @ world: x-20, z612
  Take One
20:43 Enderknight205: too small
20:47 SkyNoob28     :  placed a sign @ world: x-23, z546
  A
20:47 SkyNoob28     :  placed a sign @ world: x-23, z546
  A
20:47 Enderknight205: jiim
20:47 SkyNoob28     :  placed a sign @ world: x-23, z546
  Assend: OFF
20:48 SkyNoob28     :  placed a sign @ world: x-23, z546
  Ascend: OFF
20:48 Enderknight205: yep
20:48 Supreme_Kirby : karl
20:48 Supreme_Kirby : isdriveing
20:48 Supreme_Kirby : bann
20:48 Enderknight205: let me see
20:48 Enderknight205: it works?
20:48 Supreme_Kirby : look
20:48 Supreme_Kirby : ya
20:48 Enderknight205: kk it is atest
20:48 Supreme_Kirby : but he broke control
20:48 Enderknight205: karl go forward
20:48 Enderknight205: u failed
20:48 Supreme_Kirby : he does not noe
20:48 Supreme_Kirby : how
20:48 Enderknight205: F-
20:48 Enderknight205: F-
20:48 Enderknight205: F-
20:48 Enderknight205: F-
20:48 Enderknight205: F-
20:48 Enderknight205: go study
20:49 Enderknight205: ooh
20:49 Supreme_Kirby : release
20:49 Supreme_Kirby : karl
20:49 Supreme_Kirby : hit it
20:49 Enderknight205: release
20:49 Enderknight205: forward
20:49 Enderknight205: go forward
20:49 Supreme_Kirby : karl release
20:49 Enderknight205: xD
20:49 Enderknight205: karl go forward
20:50 Enderknight205: karl go forward
20:50 Enderknight205: or F-
20:50 Enderknight205: good
20:50 Enderknight205: stop
20:50 Enderknight205: now turn
20:50 Supreme_Kirby : dude
20:50 Supreme_Kirby : w8\
20:50 Supreme_Kirby : pete
20:50 Supreme_Kirby : the run we need it
20:50 Enderknight205:  placed a sign @ world: x-24, z495
  [helm]
20:50 Supreme_Kirby :  placed a sign @ world: x-23, z497
  Desend: OFF
20:51 Enderknight205: now land it
20:51 Enderknight205: at the landing site
20:51 Enderknight205: that or Z-
20:51 Supreme_Kirby :  placed a sign @ world: x-25, z493
  Decend: OFF
20:51 Supreme_Kirby : w8\t
20:51 Supreme_Kirby : pete come
20:51 Enderknight205: were
20:51 Supreme_Kirby : look
20:52 Enderknight205: ik
20:52 Supreme_Kirby : the sign
20:52 Enderknight205: ya
20:52 Supreme_Kirby : ok
20:52 Enderknight205: karl land
20:52 Enderknight205: at landing site
20:52 Enderknight205: this is a test
20:52 Enderknight205: for lisence
20:52 Enderknight205: dinal test
20:52 Enderknight205: final
20:52 Supreme_Kirby : ok
20:52 Supreme_Kirby : i gave him
20:52 SkyNoob28     :  placed a sign @ world: x-25, z493
  Descend: OFF
20:52 Enderknight205: land at site
20:52 Enderknight205: kk
20:52 Enderknight205: not there
20:52 Enderknight205: at office
20:53 Supreme_Kirby : ok
20:53 Supreme_Kirby : pete
20:53 Supreme_Kirby : lets see
20:53 Supreme_Kirby : pete
20:53 Supreme_Kirby : i am here
20:53 Enderknight205: ya?
20:53 Enderknight205: good
20:54 Enderknight205: land
20:54 Supreme_Kirby : good job
20:54 Enderknight205: B-
20:54 Enderknight205: u get liscence
20:54 Enderknight205: u get liscence
20:54 Enderknight205: u get liscence
20:54 Enderknight205: u get liscence
20:54 Enderknight205: u get liscence
20:54 Enderknight205: u get liscence
20:54 Enderknight205: u get liscence
20:54 Supreme_Kirby : XD
20:54 Enderknight205: u get liscence
20:54 Enderknight205: u get liscence
20:54 Enderknight205: u get liscence
20:54 Supreme_Kirby : yay
20:54 Enderknight205: u get liscence
20:54 Enderknight205: u get liscence
20:54 Enderknight205: u get liscence
20:54 Enderknight205: YAY
20:54 Enderknight205: KARL GOT LISCENCE
20:54 Supreme_Kirby : XD
20:54 Enderknight205: KARL PASSED TEST
20:54 Enderknight205: YAYAYAYA
20:55 Enderknight205: IM MAKING LISCENCE
20:55 Enderknight205: FOR KARL
20:55 Supreme_Kirby : make weahl
20:55 Supreme_Kirby : make weahl
20:55 Supreme_Kirby : wheel
20:55 Enderknight205:  placed a sign @ world: x-10, z643
  [helm]
20:55 Enderknight205: done
20:56 Enderknight205: karl tp to me
20:56 Enderknight205: karl tp to me
20:56 Enderknight205: karl tp to me
20:56 Enderknight205: karl tp to me
20:56 Enderknight205: karl tp to me
20:56 Enderknight205: karl tp to me
20:56 Enderknight205: keep
20:57 Supreme_Kirby : pete
20:57 Supreme_Kirby : help
20:57 Supreme_Kirby : plz
20:57 Enderknight205: tp me
20:57 Enderknight205: wut
20:57 Enderknight205: aaa
20:57 Enderknight205: kk helping
20:57 Supreme_Kirby : its says
20:57 Enderknight205: release
20:57 Enderknight205: release
20:57 Enderknight205: release
20:57 Enderknight205: release
20:57 Enderknight205: release
20:57 Enderknight205: release
20:57 Supreme_Kirby : -24 101 598
20:57 Enderknight205: release
20:57 Enderknight205: release
20:57 Enderknight205: release
20:57 Enderknight205: release
20:57 Enderknight205: release
20:57 Supreme_Kirby : obstrusct
20:58 Enderknight205: release
20:58 Enderknight205: release
20:58 Enderknight205: release
20:58 Enderknight205: release
20:58 Enderknight205: release
20:58 Enderknight205: relase ship
20:58 Supreme_Kirby : ?
20:58 Supreme_Kirby : o
20:58 Supreme_Kirby : it
20:58 Supreme_Kirby : wat was that
20:58 Enderknight205: i land it
20:58 Supreme_Kirby : ok
20:59 Supreme_Kirby : release plz
20:59 Supreme_Kirby : i watn 2 land
20:59 Supreme_Kirby : karl
20:59 Enderknight205: i got dis
20:59 Supreme_Kirby : plz
20:59 Supreme_Kirby : PLZ
20:59 Enderknight205: plz
20:59 Supreme_Kirby : PLZ
20:59 Supreme_Kirby : pLXZ
20:59 Enderknight205: plz
20:59 Enderknight205: plz
20:59 Enderknight205: plz
20:59 Enderknight205: plz
20:59 Enderknight205: plz
20:59 Supreme_Kirby : y
20:59 Supreme_Kirby : u did 1999 times
20:59 Supreme_Kirby : already
20:59 Enderknight205: i want to land dis time
20:59 Enderknight205: u do it next time
21:00 Supreme_Kirby :  placed a sign @ world: x-23, z614
  Airship
21:00 Supreme_Kirby : pete
21:00 Supreme_Kirby : tp
21:00 Supreme_Kirby : tp
21:00 Enderknight205: cant
21:01 Enderknight205: dont need help
21:01 Enderknight205: its okay
21:01 Supreme_Kirby : 1 more
21:02 Enderknight205: done
21:02 Supreme_Kirby : come
21:02 Supreme_Kirby : plz
21:02 Enderknight205: ez
21:02 Enderknight205: ez
21:02 Enderknight205: ez
21:02 Enderknight205: ez
21:02 Enderknight205: ez
21:02 Supreme_Kirby : weel
21:02 Enderknight205: kk
21:02 Supreme_Kirby : here
21:02 Enderknight205:  placed a sign @ world: x-24, z614
  [helm]
21:02 Enderknight205: done
21:02 SkyNoob28     :  placed a sign @ world: x-72, z716
  Cri
21:04 Enderknight205:  placed a sign @ world: x-15, z734
  Enderknight's
  House
21:04 SkyNoob28     :  placed a sign @ world: x-72, z716
  Cruise: OFF
21:04 SkyNoob28     :  placed a sign @ world: x-72, z716
  Airship
21:04 SkyNoob28     :  placed a sign @ world: x-73, z717
  Ascend: ON
21:04 Supreme_Kirby : /msg Enderknight205 no efance but karls thig is kindof derp 
21:04 SkyNoob28     :  placed a sign @ world: x-71, z717
  Descend: OFF
21:04 Enderknight205: /msg supreme_kirby ikr 
21:04 SkyNoob28     :  placed a sign @ world: x-72, z717
  Release
21:05 Enderknight205:  placed a sign @ world: x-19, z606
  Skynoob_28
21:06 Enderknight205: ooohhh
21:06 Supreme_Kirby : i just watching
21:06 Enderknight205: kk
21:06 Supreme_Kirby : wat
21:06 Enderknight205: karl needs a dock
21:06 Enderknight205: karl needs a dock
21:06 Enderknight205: karl needs a dock
21:06 Enderknight205: karl needs a dock
21:06 Enderknight205: karl needs a dock
21:06 Enderknight205: karl needs a dock
21:06 Enderknight205: karl needs a dock
21:06 Enderknight205: karl needs a dock
21:06 Enderknight205: karl needs a dock
21:06 Enderknight205: karl needs a dock
21:06 Enderknight205: karl needs a dock
21:06 Enderknight205: karl needs a dock
21:06 Enderknight205: karl needs a dock
21:06 Enderknight205: karl needs a dock
21:06 Supreme_Kirby : k ill make
21:07 Enderknight205: igtg sleep
21:07 Supreme_Kirby : k
21:07 Enderknight205: goodnite
21:07 Supreme_Kirby : peace
21:13 Supreme_Kirby : jiom
21:13 AirFusion_45  :  placed a sign @ world: x-71, z609
  Cruise: OFF
21:13 AirFusion_45  : wat
21:13 AirFusion_45  :  placed a sign @ world: x-71, z610
  Ascend: OFF
21:13 AirFusion_45  :  placed a sign @ world: x-71, z606
  Decend: OFF
21:13 AirFusion_45  :  placed a sign @ world: x-71, z606
  Decend: OFF
21:14 Supreme_Kirby : sTP
21:14 Supreme_Kirby : JIM
21:14 AirFusion_45  :  placed a sign @ world: x-71, z606
  Descend: OFF
21:50 Supreme_Kirby : yo
21:50 Supreme_Kirby : release
21:50 Supreme_Kirby : release Airship
21:51 Supreme_Kirby : release Airship Cruise: OFF
21:51 Supreme_Kirby : release Airship Cruise: OFF Ascend: OFF
21:51 Supreme_Kirby : release Airship Cruise: OFF Ascend: OFF Descend: OFF
21:52 Supreme_Kirby :  placed a sign @ world: x6, z557
  release
21:52 Supreme_Kirby : release Airship Cruise: OFF Ascend: OFF Descend: OFF
21:52 Supreme_Kirby : release Airship Cruise: OFF Ascend: OFF Descend: OFF
21:52 Supreme_Kirby :  placed a sign @ world: x6, z557
  Airship
21:52 Supreme_Kirby :  placed a sign @ world: x4, z557
  Ase
21:52 Supreme_Kirby : release Airship Cruise: OFF Ascend: OFF Descend: OFF
21:52 Supreme_Kirby :  placed a sign @ world: x4, z557
  Ascend: OFF
21:53 Supreme_Kirby :  placed a sign @ world: x4, z558
  Decend: OFF
21:53 Supreme_Kirby : release Airship Cruise: OFF Ascend: OFF Descend: OFF
21:53 Supreme_Kirby : release Airship Cruise: OFF Ascend: OFF Descend: OFF
21:53 Supreme_Kirby :  placed a sign @ world: x4, z558
  Descend: OFF
21:53 Supreme_Kirby : release Airship Cruise: OFF Ascend: OFF Descend: OFF
21:53 Supreme_Kirby :  placed a sign @ world: x6, z558
  release
21:54 Supreme_Kirby : release Airship Cruise: OFF Ascend: OFF Descend: OFF
21:54 Supreme_Kirby :  placed a sign @ world: x6, z558
  Cruise: OFF
21:54 Supreme_Kirby : help karl plz
21:54 Supreme_Kirby : plz
21:54 Supreme_Kirby : karl tp
21:54 Supreme_Kirby : plz
21:54 Supreme_Kirby : come
21:54 Supreme_Kirby : can u make wheel
21:54 JEAN_MILAN    : oups
21:55 Supreme_Kirby : JEAN_MILAN dont kill SkyNoob28 plz need help atm
21:55 Supreme_Kirby : could u make
21:55 Supreme_Kirby : wheel
21:55 Supreme_Kirby : plz
21:55 Supreme_Kirby : srry JEAN_MILAN
21:55 Supreme_Kirby : w8
21:55 Supreme_Kirby : carl
21:55 Supreme_Kirby : can u make
21:55 Supreme_Kirby : plz
21:55 Supreme_Kirby : wheel
21:56 Supreme_Kirby : ok
21:56 Supreme_Kirby : plz get out now
21:56 Supreme_Kirby : danks
21:56 Supreme_Kirby : JEAN_MILAN
21:56 JEAN_MILAN    : ye
21:57 Supreme_Kirby :  placed a sign @ world: x-24, z608
  \   ::   /
21:58 Supreme_Kirby : ;
21:59 Supreme_Kirby :  placed a sign @ world: x-23, z609
  \   ::   /
  ==         ==
  /   ::    \
22:04 Supreme_Kirby :  placed a sign @ world: x-24, z608
  \  ;;  /
  ==     ==
  /  ;;  \
22:05 Supreme_Kirby :  placed a sign @ world: x-24, z608
  \  ::  /
  ==      ==
  /  ::  \
22:22 SkyNoob28     :  placed a sign @ world: x-102, z636
  Cruise: ON
22:31 Supreme_Kirby : could i tp to u
22:39 Supreme_Kirby : -49 85 612
22:39 Supreme_Kirby : -49 85 612
22:40 Supreme_Kirby : wa
22:40 Supreme_Kirby : wat
22:42 Supreme_Kirby : w
22:43 Supreme_Kirby : wa
22:44 Supreme_Kirby : wa
22:45 Supreme_Kirby : wat
22:46 Supreme_Kirby : wandjandjsndjasndjosndojsdn
22:46 Supreme_Kirby : u ass
22:46 Supreme_Kirby : wat
22:46 Supreme_Kirby : r u doing
22:46 Supreme_Kirby : turn off plz
22:46 Supreme_Kirby : dude
22:46 Supreme_Kirby : undop rthis
22:48 Supreme_Kirby : WANDNSDJOAOJSD:BAS
23:01 Supreme_Kirby :  placed a sign @ world: x-50, z611
  Ask 
  austin 4 
  ride PLZ
  drivers rules
23:15 Supreme_Kirby : Look at ur ship
23:33 JEAN_MILAN    : stop
23:33 JEAN_MILAN    : stop
23:34 Supreme_Kirby : wat
23:34 Supreme_Kirby : wat happend\
23:34 Supreme_Kirby : wen i gon
23:34 JEAN_MILAN    : you f b
23:34 Supreme_Kirby : ?
23:34 JEAN_MILAN    : you put the ommand bloc
23:34 Supreme_Kirby : sho wme
23:34 Supreme_Kirby : SHOW ME
23:34 JEAN_MILAN    : i don't know where it is
23:34 Supreme_Kirby : y whould i kill u
23:35 Supreme_Kirby : tell me
23:35 Supreme_Kirby : JEAN_MILAN
23:35 Supreme_Kirby : i was afk wen u on
23:35 Supreme_Kirby : how was it me
23:35 JEAN_MILAN    : i was beig tp to sky
23:35 Supreme_Kirby : and u blame ME>
23:36 Supreme_Kirby : wat
23:36 JEAN_MILAN    : don't do anything
23:36 Supreme_Kirby : k
23:37 JEAN_MILAN    : stop
23:37 Supreme_Kirby : wat
23:37 JEAN_MILAN    : gold
23:37 Supreme_Kirby : i am not doing anything
23:37 Supreme_Kirby : i am at me house
23:40 Supreme_Kirby : wat\
23:40 Supreme_Kirby : w
23:40 Supreme_Kirby : w
23:42 Supreme_Kirby :  placed a sign @ world: x-50, z617
  STOP
23:43 Supreme_Kirby :  placed a sign @ world: x-51, z617
  STOP
23:46 Supreme_Kirby :  placed a sign @ world: x-10, z651
  To-Peter
  From-Austin
23:50 Supreme_Kirby :  placed a sign @ world: x-87, z603
  To-Karl
  From-austin
  plz dont break
  read plz
23:55 Supreme_Kirby :  placed a sign @ world: x-53, z605
  Austin's
  Ship
  not rocket
  XD
