23:57 Supreme_Kirby :  placed a sign @ world: x-51, z607
  Need key 
  to open
  Dont break
  !!!!
00:00 Supreme_Kirby :  placed a sign @ world: x-50, z613
  Cruise: OFF
00:02 Supreme_Kirby :  placed a sign @ world: x-50, z613
  Cruise: OFF
00:05 Supreme_Kirby :  placed a sign @ world: x-50, z593
  Fuel
00:06 Supreme_Kirby :  placed a sign @ world: x-50, z595
  Engine
00:11 Supreme_Kirby :  placed a sign @ world: x-50, z597
  Pilot
  Key
06:44 Enderknight205:  placed a sign @ world: x-12, z652
  Owned by
  Enderknight205
07:09 Enderknight205:  placed a sign @ world: x-25, z539
  Landing Site 1, 2
  <-
  Landing Site 3,4
  ->
07:10 Enderknight205:  placed a sign @ world: x-25, z539
  Landing Site 1, 2
  <-
  Landing Site 3, 4
  ->
07:10 Enderknight205:  placed a sign @ world: x-20, z544
  Under
  Construsction
07:16 Enderknight205:  placed a sign @ world: x-24, z588
  Cruise: OFF
07:56 Enderknight205:  placed a sign @ world: x-55, z708
  Airship
07:56 Enderknight205:  placed a sign @ world: x-54, z708
  Release
07:57 Enderknight205:  placed a sign @ world: x-51, z709
  Cruise: OFF
07:57 Enderknight205:  placed a sign @ world: x-52, z709
  [helm]
07:57 Enderknight205:  placed a sign @ world: x-53, z710
  Ascend: OFF
07:57 Enderknight205:  placed a sign @ world: x-53, z710
  Descend: OFF
08:38 Enderknight205:  placed a sign @ world: x-22, z542
  Landing Site 5
08:38 Enderknight205:  placed a sign @ world: x-63, z602
  Landing Site 3
08:38 Enderknight205:  placed a sign @ world: x-65, z594
  Landing Site 4
08:39 Enderknight205:  placed a sign @ world: x-63, z644
  Landing Site 6
08:40 Enderknight205:  placed a sign @ world: x-25, z539
  Landing Site 1, 2, 5
  <-
  Landing Site 3, 4, 6
  ->
08:40 Enderknight205:  placed a sign @ world: x-22, z576
  South
08:41 Enderknight205:  placed a sign @ world: x-24, z576
  South
08:44 Enderknight205:  placed a sign @ world: x-21, z512
  You are entering
  Koprulu Section
08:44 Enderknight205:  placed a sign @ world: x-25, z512
  You are entering
  Koprulu Section
09:04 Enderknight205:  placed a sign @ world: x-72, z684
  Explode
09:04 Enderknight205:  placed a sign @ world: x-71, z683
  Airship
09:06 Enderknight205: hiya
09:06 Supreme_Kirby : yo
09:07 Supreme_Kirby : did u seee me ship
09:07 Enderknight205: ya
09:07 Supreme_Kirby : XD
09:07 Supreme_Kirby : wat
09:07 Enderknight205: suicide rocket
09:08 Enderknight205:  placed a sign @ world: x-72, z683
  Release
09:08 Supreme_Kirby : wat is dis
09:08 Enderknight205:  placed a sign @ world: x-70, z683
  Ascend: OFF
09:09 Enderknight205: suicide rocket
09:09 Enderknight205: suicide rocket
09:09 Enderknight205: suicide rocket
09:09 Enderknight205:  placed a sign @ world: x-70, z685
  Descend: OFF
09:09 Supreme_Kirby : XD
09:09 Enderknight205: if war breaks out i put a pig in here to control
09:09 Enderknight205: xD
09:09 Supreme_Kirby : XD
09:09 Supreme_Kirby : wanna go somewhere
09:09 Enderknight205: wait
09:10 Supreme_Kirby : can i show u me ship
09:10 Supreme_Kirby : like inside
09:10 Enderknight205: i looked already
09:10 Enderknight205: i saw
09:10 Enderknight205: cool
09:11 Enderknight205:  placed a sign @ world: x-71, z683
  Airship
09:12 Enderknight205: dammit tnt
09:12 Enderknight205: it doesnt let me fly
09:13 Supreme_Kirby :  placed a sign @ world: x-49, z613
  e
09:13 Supreme_Kirby : can u make wheel plz
09:13 Enderknight205: where
09:13 Supreme_Kirby : tp
09:13 Enderknight205: tp me
09:13 Enderknight205:  placed a sign @ world: x-50, z613
  [helm]
09:13 Supreme_Kirby : damks
09:13 Supreme_Kirby : danks
09:14 Enderknight205: np
09:15 Enderknight205:  placed a sign @ world: x41, z627
  Explode
09:16 Enderknight205:  placed a sign @ world: x41, z625
  Airmine
09:16 Enderknight205:  placed a sign @ world: x41, z627
  Explode
  Airmine
09:16 Enderknight205:  placed a sign @ world: x41, z625
  Explode
  Airmine
09:17 Supreme_Kirby : yo pete
09:17 Supreme_Kirby : were r u
09:17 Enderknight205: sup
09:18 Enderknight205: in front of u
09:18 Supreme_Kirby : XD
09:18 Supreme_Kirby : w8 wat
09:18 Enderknight205: give me a ride
09:18 Supreme_Kirby : lkkk
09:18 Enderknight205: give me a ride
09:18 Enderknight205: give me a ride
09:18 Enderknight205: give me a ride
09:18 Enderknight205: give me a ride
09:18 Enderknight205: weeeeee
09:18 Supreme_Kirby : XD
09:19 Enderknight205: table
09:19 Enderknight205: look
09:19 Supreme_Kirby : ya
09:19 Supreme_Kirby : abou 150 more blocks
09:19 Enderknight205: we goin hi
09:19 Enderknight205: we goin high
09:19 Enderknight205: we goin down
09:19 Enderknight205: dunno y
09:19 Supreme_Kirby : wat
09:19 Supreme_Kirby : XD
09:20 Supreme_Kirby : XDD
09:20 Enderknight205: ahhhhh were crashing
09:20 Enderknight205: haaaaaaaaalppp!!!!!!!!!!!!!!!
09:20 Supreme_Kirby : anw
09:20 Supreme_Kirby : naw
09:20 Supreme_Kirby : 59 more blocks
09:20 Enderknight205: we lanin?
09:20 Enderknight205: landin
09:21 Supreme_Kirby : in 30 block
09:21 Supreme_Kirby : almost
09:21 Enderknight205: aproaching landing site
09:21 Enderknight205: 3
09:21 Enderknight205: aproaching landing site 3
09:21 Enderknight205: ummmm
09:21 Supreme_Kirby : XD
09:21 Enderknight205: we missed
09:21 Enderknight205: we off
09:22 Supreme_Kirby : landjmoing
09:22 Supreme_Kirby : we will be landing in a min
09:22 Enderknight205: kk
09:23 Supreme_Kirby : w8
09:24 Supreme_Kirby : i face wrong direction
09:24 Supreme_Kirby : XD
09:24 Enderknight205: uh oh
09:24 Supreme_Kirby : landning
09:25 Enderknight205: YAY!!!
09:25 Supreme_Kirby : done
09:25 Enderknight205: YAY!!!
09:25 Enderknight205: YAY!!!
09:25 Supreme_Kirby : nvm
09:25 Enderknight205: YAY!!!
09:25 Enderknight205: YAY!!!
09:25 Enderknight205: oh
09:25 Supreme_Kirby : arrived
09:25 Supreme_Kirby : arrived
09:26 Supreme_Kirby : wat
09:26 Enderknight205: hmmmmm
09:26 Supreme_Kirby : GOT DANG IT
09:26 Supreme_Kirby : oik
09:26 Enderknight205: aughhhhh
09:26 Supreme_Kirby : le me try again
09:26 Enderknight205: the never ending flight
09:26 Supreme_Kirby : wanna gp
09:26 Supreme_Kirby : go to VIP spot
09:26 Enderknight205: wat dat
09:26 Enderknight205: sure
09:27 Enderknight205: is this safe
09:27 Supreme_Kirby : ya
09:27 Enderknight205: kk
09:27 Supreme_Kirby : i have licence
09:27 Enderknight205: we dere yet
09:27 Supreme_Kirby : we will be there very soon
09:27 Enderknight205: kk
09:28 Enderknight205: i am liscence police
09:28 Supreme_Kirby : sht
09:28 Enderknight205: at the end of ride u must show me liscence
09:28 Enderknight205: at the end of ride u must show me liscence
09:28 Enderknight205: at the end of ride u must show me liscence
09:28 Enderknight205: at the end of ride u must show me liscence
09:28 Supreme_Kirby : kk
09:29 Supreme_Kirby : almost there
09:29 Enderknight205: yay
09:29 Supreme_Kirby : w8
09:30 Supreme_Kirby : w8\
09:30 Supreme_Kirby : y
09:30 Enderknight205: wut
09:31 Supreme_Kirby : we have parked
09:31 Enderknight205: yay
09:31 Supreme_Kirby : nvm
09:31 Enderknight205: show me liscence
09:31 Enderknight205: oh
09:32 Supreme_Kirby : we oarked
09:32 Supreme_Kirby : we parked
09:32 Supreme_Kirby : DONE
09:32 Enderknight205: show me liscence
09:32 Supreme_Kirby : come
09:32 Enderknight205: show me liscence
09:32 Enderknight205: show me liscence
09:32 Supreme_Kirby : W8 RAIN
09:32 Enderknight205: wut
09:33 Enderknight205: i built another ship
09:33 Enderknight205: good
09:33 Supreme_Kirby : can i test agagian
09:34 Enderknight205: sure
09:34 Supreme_Kirby : wow
09:34 Supreme_Kirby : wat is dis ship
09:34 Enderknight205: carrier
09:34 Supreme_Kirby : cool
09:34 Enderknight205: go to office
09:34 Enderknight205: lets go to ship
09:34 Supreme_Kirby : I want VIP
09:34 Supreme_Kirby : this time
09:34 Enderknight205: kk
09:35 Enderknight205: lift off
09:35 Enderknight205: follow
09:35 Supreme_Kirby : ok
09:35 Supreme_Kirby : lag?
09:35 Enderknight205: no
09:36 Supreme_Kirby : i cant
09:36 Supreme_Kirby : see
09:36 Enderknight205: no getting out
09:36 Supreme_Kirby : XD
09:36 Enderknight205: lol
09:37 Enderknight205: follow
09:38 Enderknight205: now land
09:38 Enderknight205: back at spot
09:38 Supreme_Kirby : were is it
09:38 Supreme_Kirby : cant see
09:38 Supreme_Kirby : can i get out
09:38 Enderknight205: to your right
09:38 Enderknight205: to your right
09:38 Enderknight205: to your right
09:38 Enderknight205: to your right
09:38 Enderknight205: to your right
09:38 Enderknight205: to your right
09:38 Enderknight205: to your right
09:38 Enderknight205: to your right
09:38 Enderknight205: to your right
09:39 Enderknight205: perfect
09:40 Enderknight205: good
09:40 Enderknight205: land
09:40 Enderknight205: good
09:40 Enderknight205: A-
09:41 Supreme_Kirby : WTFD
09:41 Enderknight205: u passed the test for VIP
09:41 Supreme_Kirby : OPK
09:41 Supreme_Kirby : wat
09:41 Enderknight205: take
09:42 Supreme_Kirby : E Z
09:42 Enderknight205: lol
09:42 Enderknight205: have fun
09:42 Enderknight205: i gtg to ifly
09:42 Supreme_Kirby : gl
10:55 AirFusion_45  :  placed a sign @ world: x-137, z579
  Airship
11:04 AirFusion_45  :  placed a sign @ world: x-137, z578
  [helm]
11:04 AirFusion_45  :  placed a sign @ world: x-137, z580
  Release
11:05 AirFusion_45  :  placed a sign @ world: x-137, z575
  Ascend: OFF
11:05 AirFusion_45  :  placed a sign @ world: x-137, z574
  Descend: OFF
11:05 AirFusion_45  :  placed a sign @ world: x-137, z583
  Cruise: oFF
11:06 AirFusion_45  :  placed a sign @ world: x-137, z584
  [helm1]
11:06 AirFusion_45  :  placed a sign @ world: x-137, z584
  [
11:06 AirFusion_45  :  placed a sign @ world: x-137, z584
  Cruise: OFF
11:09 JEAN_MILAN    : don't spy
11:14 JEAN_MILAN    : where is my house
11:15 JEAN_MILAN    : how do i go back to the main place
11:21 AirFusion_45  : /r 
13:48 Supreme_Kirby : ttptptptp
13:48 Supreme_Kirby : tp to moi]a
13:48 Supreme_Kirby : k
13:48 Supreme_Kirby : so gl
13:48 Supreme_Kirby : need to eat lunch]\
13:48 Supreme_Kirby : STOP
13:48 Supreme_Kirby : [;z
13:48 JEAN_MILAN    : ok
13:48 Supreme_Kirby : please
13:49 Supreme_Kirby : stop\
13:51 JEAN_MILAN    : ok iam back
14:02 Supreme_Kirby : yo
14:15 Supreme_Kirby : yo
14:31 Supreme_Kirby :  placed a sign @ world: x-92, z569
  Break baseket
  ball
  to use
14:32 Supreme_Kirby :  placed a sign @ world: x-92, z567
  Rules: No 
  commands 
  throw to shoot
  Punch to block
14:32 Supreme_Kirby :  placed a sign @ world: x-91, z568
  Made by 
  austin
  da best
14:33 Supreme_Kirby :  placed a sign @ world: x-91, z569
  TURN GOD OFF
  if used
14:34 Supreme_Kirby :  placed a sign @ world: x-79, z560
  blue team
14:34 Supreme_Kirby :  placed a sign @ world: x-79, z561
  Yellow team
14:34 Supreme_Kirby :  placed a sign @ world: x-79, z562
  White team
14:34 Supreme_Kirby :  placed a sign @ world: x-79, z563
  Grey team
14:38 Supreme_Kirby :  placed a sign @ world: x-78, z559
  Blue team
14:38 Supreme_Kirby :  placed a sign @ world: x-78, z561
  Yellow team
14:39 Supreme_Kirby :  placed a sign @ world: x-78, z563
  grey team
14:40 Supreme_Kirby : chain
14:41 Supreme_Kirby :  placed a sign @ world: x-78, z565
  White team
14:51 Supreme_Kirby :  placed a sign @ world: x-92, z559
  Staff room
15:05 Supreme_Kirby :  placed a sign @ world: x-70, z605
  Owned By
  Karl
15:05 Supreme_Kirby :  placed a sign @ world: x-100, z569
  Butcher
15:08 Supreme_Kirby :  placed a sign @ world: x-23, z576
  Left is airport
15:40 Supreme_Kirby : 106 104 578
15:40 Supreme_Kirby : 106 104 578
15:40 Supreme_Kirby :  placed a sign @ world: x-14, z650
  Ur plane is in
  this cord
15:40 Supreme_Kirby : 106 104 578
15:40 Supreme_Kirby : 106 104 578
15:40 Supreme_Kirby : 106 104 578
15:40 Supreme_Kirby :  placed a sign @ world: x-14, z651
  106 104
15:41 Supreme_Kirby :  placed a sign @ world: x-14, z651
  106 104 476
15:41 Supreme_Kirby : 106 104 578
15:41 Supreme_Kirby : 106 104 578
15:41 Supreme_Kirby :  placed a sign @ world: x-14, z651
  106 104 578
15:41 Supreme_Kirby :  placed a sign @ world: x-70, z608
  Moved 
  cords
15:41 Supreme_Kirby : 106 104 578
15:41 Supreme_Kirby : 106 104 578
15:42 Supreme_Kirby : 106 104 578
15:42 Supreme_Kirby :  placed a sign @ world: x-69, z607
  106 104 578
16:17 AirFusion_45  : hi kirby
16:20 AirFusion_45  :  placed a sign @ world: x100, z576
  Butcher
16:23 AirFusion_45  :  placed a sign @ world: x68, z607
  Engine Room
16:23 AirFusion_45  :  placed a sign @ world: x67, z607
  Engine Room
16:38 AirFusion_45  :  placed a sign @ world: x19, z609
  Coal
16:41 AirFusion_45  :  placed a sign @ world: x6, z554
  Food
16:42 AirFusion_45  :  placed a sign @ world: x-4, z553
  Golden Apples
16:43 AirFusion_45  :  placed a sign @ world: x-4, z552
  Energency Items
17:14 Supreme_Kirby : yo
17:57 Supreme_Kirby : yo
17:59 JEAN_MILAN    : supreme i have to test somthing on you can i do it pls
18:00 Supreme_Kirby : wat
18:00 Supreme_Kirby : wat
18:00 JEAN_MILAN    : ok just macking sure
18:00 Supreme_Kirby : DONT
18:00 Supreme_Kirby : MOVE
18:00 JEAN_MILAN    : here
18:00 JEAN_MILAN    : there much better
18:00 JEAN_MILAN    : thats it
18:01 Supreme_Kirby : ok
18:02 Supreme_Kirby : STOP
18:05 Supreme_Kirby : come
18:05 JEAN_MILAN    : ah thx google
18:06 Supreme_Kirby : tp to me
18:06 Supreme_Kirby : ok
18:06 JEAN_MILAN    : i wana license
18:06 Supreme_Kirby : come
18:06 Supreme_Kirby : w8
18:06 Supreme_Kirby : wanna play baseket ball
18:06 Supreme_Kirby : come
18:06 JEAN_MILAN    : i wanalicense
18:06 Supreme_Kirby : can we play bseket ball
18:06 Supreme_Kirby : for allitle
18:06 Supreme_Kirby : come
18:06 JEAN_MILAN    : then license ok
18:06 Supreme_Kirby : ya
18:07 Supreme_Kirby : stop
18:07 Supreme_Kirby : [plz\
18:07 Supreme_Kirby : come
18:07 Supreme_Kirby : steep
18:07 Supreme_Kirby : dUDED
18:07 Supreme_Kirby : CDOME
18:07 Supreme_Kirby : COME
18:07 JEAN_MILAN    : me blue'
18:07 Supreme_Kirby : COME
18:07 Supreme_Kirby : COME
18:07 Supreme_Kirby : COME
18:07 Supreme_Kirby : okm
18:07 Supreme_Kirby : dont cheet
18:07 Supreme_Kirby : read
18:08 Supreme_Kirby : STOP
18:08 Supreme_Kirby : ready
18:08 Supreme_Kirby : read
18:08 Supreme_Kirby : DUDE
18:08 Supreme_Kirby : reday
18:08 Supreme_Kirby : stops
18:08 JEAN_MILAN    : ok
18:08 Supreme_Kirby : lookl
18:08 Supreme_Kirby : ready
18:08 Supreme_Kirby : 1 ball
18:08 Supreme_Kirby : stop
18:08 Supreme_Kirby : put it back
18:09 Supreme_Kirby : get
18:09 Supreme_Kirby : thee ball
18:09 Supreme_Kirby : sSTOP
18:09 Supreme_Kirby : LOOK
18:09 Supreme_Kirby : ok
18:09 Supreme_Kirby : STOP
18:10 Supreme_Kirby : come
18:10 Supreme_Kirby : thats
18:10 Supreme_Kirby : ur hoo
18:10 Supreme_Kirby : p
18:10 Supreme_Kirby : XD
18:10 JEAN_MILAN    : i can't drop stufe
18:10 Supreme_Kirby : do
18:10 Supreme_Kirby : q\
18:11 Supreme_Kirby : come
18:11 JEAN_MILAN    : wait
18:11 Supreme_Kirby : no
18:11 Supreme_Kirby : effects
18:12 Supreme_Kirby : NO EfFECTS
18:12 Supreme_Kirby : do u have the ball
18:12 JEAN_MILAN    : i can't drop it
18:12 JEAN_MILAN    : oh well
18:12 Supreme_Kirby : go to setting
18:12 Supreme_Kirby : ok
18:12 Supreme_Kirby : STOPO
18:27 Supreme_Kirby : wat
18:28 AirFusion_45  : hi
18:28 Supreme_Kirby : yo
18:28 Supreme_Kirby : jim
18:28 Supreme_Kirby : play baseketball with me plz
18:28 Supreme_Kirby : tp
18:28 AirFusion_45  : no
18:28 AirFusion_45  : fixing airship
18:28 Supreme_Kirby : y
18:28 Supreme_Kirby : PLEASE
18:28 AirFusion_45  : soz no
18:28 JEAN_MILAN    : ok
18:29 Supreme_Kirby : ready
18:29 JEAN_MILAN    : yes
18:29 Supreme_Kirby : dont cloes
18:29 JEAN_MILAN    : gtg
18:33 Supreme_Kirby : wat happend
18:33 AirFusion_45  : nothing
18:34 Supreme_Kirby : KK
18:34 AirFusion_45  : no kirby...
18:34 Supreme_Kirby : XD
18:34 AirFusion_45  : no
18:34 AirFusion_45  : :(
18:34 Supreme_Kirby : wtf
18:34 AirFusion_45  : lol
18:35 Supreme_Kirby : XD
18:35 AirFusion_45  : found a way to store stuff in airships
18:35 Supreme_Kirby : thats cool
18:35 AirFusion_45  : chests dont work
18:35 Supreme_Kirby : o
18:35 Supreme_Kirby : cause mine works
18:35 Supreme_Kirby : tho
18:35 AirFusion_45  : :/
18:35 Supreme_Kirby : w8
18:35 Supreme_Kirby : watch
18:35 AirFusion_45  : no
18:36 AirFusion_45  : lol
18:36 Supreme_Kirby : XD
18:36 Supreme_Kirby : HElp
18:36 AirFusion_45  : lol
18:36 AirFusion_45  : no kirby
18:36 AirFusion_45  : bad idea
18:37 Supreme_Kirby : wtf
18:37 AirFusion_45  : lol
18:37 Supreme_Kirby : can u give me a spin
18:37 AirFusion_45  : ok
18:38 Supreme_Kirby : XD
18:38 AirFusion_45  : so many blocks
18:39 Supreme_Kirby : let me show u somting
18:39 AirFusion_45  : uh
18:39 AirFusion_45  : oh lol?
18:39 Supreme_Kirby : XD
18:39 AirFusion_45  : what
18:39 AirFusion_45  : ?
18:39 AirFusion_45  : :/
18:39 AirFusion_45  : wait
18:39 Supreme_Kirby : half bed
18:39 AirFusion_45  : what?!
18:40 AirFusion_45  : wtf
18:40 Supreme_Kirby : XD
18:41 Supreme_Kirby : XD
18:41 AirFusion_45  : :p
18:42 Supreme_Kirby : swee
18:42 Supreme_Kirby : eswD,s
18:42 Supreme_Kirby : wat
18:43 Supreme_Kirby : /m chicken 
18:44 Supreme_Kirby : XD
18:44 AirFusion_45  : lol
18:44 Supreme_Kirby : danks it
18:45 Supreme_Kirby : did u see me ship
18:45 AirFusion_45  : yes
18:48 Supreme_Kirby : wat
18:48 Supreme_Kirby : afk
18:53 Supreme_Kirby : back\
18:54 AirFusion_45  : wait
18:54 Supreme_Kirby : wtf
18:54 Supreme_Kirby : ill do redstone
18:54 Supreme_Kirby : i am good
18:54 Supreme_Kirby : wat r u trying to make
18:54 Supreme_Kirby : w
18:54 Supreme_Kirby : tell em
18:54 AirFusion_45  : wait
18:54 AirFusion_45  : dont touch
18:55 Supreme_Kirby : bra
18:55 Supreme_Kirby : ok
18:55 Supreme_Kirby : wtf
18:55 Supreme_Kirby : ur bad at redstone
19:00 Supreme_Kirby : wat
19:00 AirFusion_45  : same on both sides...
19:00 Supreme_Kirby : this ;ever?
19:00 AirFusion_45  : no
19:00 AirFusion_45  : stop
19:01 Supreme_Kirby : u dont need a circit dumbas
19:01 Supreme_Kirby : thats a neck
19:01 Supreme_Kirby : I TOLD U
19:01 Supreme_Kirby : y kill me
19:01 Supreme_Kirby : ur wrong
19:01 AirFusion_45  : kill Supreme_Kirby
19:03 Supreme_Kirby :  placed a sign @ world: x-92, z569
  Gamemode 0
  No potion
  Put ball back
19:44 Supreme_Kirby : yo
19:50 Supreme_Kirby : wat
20:02 Supreme_Kirby : yo
20:04 Supreme_Kirby : ur parking spot
20:04 Supreme_Kirby : ook
20:04 Supreme_Kirby : from now on
20:19 Supreme_Kirby : wow wat is this
20:19 Supreme_Kirby : WTF
20:19 Supreme_Kirby : i just asked
20:22 Supreme_Kirby : hey karl
20:22 Supreme_Kirby : where is ur ship
20:30 Supreme_Kirby : wat
20:30 Supreme_Kirby : wat r u making karl
20:31 Supreme_Kirby : ??
20:33 Supreme_Kirby : a
20:33 Supreme_Kirby : me ship
20:33 AirFusion_45  :  placed a sign @ world: x-145, z569
  Garbage Can
20:33 AirFusion_45  :  placed a sign @ world: x-145, z559
  Garbage Can
20:33 Supreme_Kirby : wat
20:34 AirFusion_45  :  placed a sign @ world: x-145, z593
  Garbage Can
20:35 AirFusion_45  :  placed a sign @ world: x-145, z608
  Garbage Can
20:35 Supreme_Kirby : SDXD
20:35 Supreme_Kirby : srry
21:02 Supreme_Kirby : yoyo
21:03 Supreme_Kirby : yo
21:03 Supreme_Kirby : karl wanna play baseketball
21:04 Supreme_Kirby : karl wanna play baseketball
21:04 Supreme_Kirby : karl wanna play baseketball
21:06 Supreme_Kirby : yo
21:08 JEAN_MILAN    : airfusion
21:08 JEAN_MILAN    : dued
21:08 JEAN_MILAN    : can i ask you somthin
21:08 JEAN_MILAN    : no
21:08 Supreme_Kirby :  placed a sign @ world: x-91, z566
  baseketball
  <----
21:09 JEAN_MILAN    : supreme can ou enable tp
21:10 JEAN_MILAN    : pls4
21:10 Supreme_Kirby : k
21:10 JEAN_MILAN    : oups
21:10 JEAN_MILAN    : um
21:10 Supreme_Kirby : wat
21:10 Supreme_Kirby : BRA
21:10 Supreme_Kirby : step on this
21:11 Supreme_Kirby : ok
21:11 Supreme_Kirby : step in that
21:11 Supreme_Kirby : or dont come in
21:11 Supreme_Kirby :  placed a sign @ world: x-91, z568
  Shoot by 
  doing throw away
  score winner w
  winnns
21:13 JEAN_MILAN    : let's play
21:13 Supreme_Kirby : wanna play?
21:13 Supreme_Kirby : k
21:13 Supreme_Kirby : dont get ball
21:13 Supreme_Kirby : throw away
21:13 Supreme_Kirby : team
21:13 Supreme_Kirby : ready
21:13 Supreme_Kirby : 33222111
21:14 Supreme_Kirby : wat
21:14 Supreme_Kirby : do q
21:14 JEAN_MILAN    : it does nothi
21:14 Supreme_Kirby : ok
21:14 Supreme_Kirby : go setting
21:14 Supreme_Kirby : control
21:15 JEAN_MILAN    : then
21:15 Supreme_Kirby : drop item
21:15 Supreme_Kirby : select
21:15 Supreme_Kirby : turn to q
21:15 JEAN_MILAN    : what
21:15 JEAN_MILAN    : i have it on q already
21:15 JEAN_MILAN    : oh thre
21:15 Supreme_Kirby : ok
21:15 Supreme_Kirby : dont
21:15 Supreme_Kirby : close it
21:16 Supreme_Kirby : w8
21:16 Supreme_Kirby : it said You cant drop items while in PvP combat
21:17 Supreme_Kirby : 3 point contest
21:17 Supreme_Kirby : ok
21:17 Supreme_Kirby : no punch
21:17 JEAN_MILAN    : ok
21:17 JEAN_MILAN    : wait
21:17 Supreme_Kirby : ready
21:18 Supreme_Kirby : STOP
21:18 JEAN_MILAN    : ok
21:18 Supreme_Kirby : NO HITTING
21:18 Supreme_Kirby : r u stupid
21:18 JEAN_MILAN    : then how
21:18 Supreme_Kirby : 3 point
21:18 Supreme_Kirby : contest
21:20 Supreme_Kirby : GET OUT
21:20 Supreme_Kirby : NO WEPONDS
21:20 Supreme_Kirby : tTHATS RULE NO 1
21:20 JEAN_MILAN    : ok
21:21 Supreme_Kirby : XD
21:22 Supreme_Kirby : ill fly u
21:22 Supreme_Kirby : wanna come
21:22 Supreme_Kirby : JEAN_MILAN wanna fly on austin_airline
21:23 Supreme_Kirby :  placed a sign @ world: x-53, z605
  Austin_Airline
  XD
21:24 Supreme_Kirby : yoyoyo
21:29 Supreme_Kirby : ANY!
21:29 Supreme_Kirby : any1 wanna fligjht
21:52 Supreme_Kirby : yo jim
21:52 AirFusion_45  : hi look up
21:52 AirFusion_45  : lol
21:52 Supreme_Kirby : could u move it
21:52 Supreme_Kirby : it does not look too good
21:52 Supreme_Kirby : for my area
21:52 Supreme_Kirby : its too weirda
21:52 AirFusion_45  : lol
21:53 AirFusion_45  : wait
21:53 AirFusion_45  : i will park it on top of the ocean
21:53 Supreme_Kirby : w8
21:53 Supreme_Kirby : no
21:53 Supreme_Kirby : can u park here
21:53 AirFusion_45  : yes
21:53 AirFusion_45  : i am trying to do that
21:53 Supreme_Kirby : fallow
21:53 Supreme_Kirby : herre
21:53 AirFusion_45  : uhh k
21:54 Supreme_Kirby : here
21:54 AirFusion_45  : yea wait
21:55 Supreme_Kirby : let me do it
21:56 Supreme_Kirby : foward
21:56 Supreme_Kirby : stop
21:56 Supreme_Kirby : turn
21:56 Supreme_Kirby : flip
21:57 Supreme_Kirby : allitle right
21:57 Supreme_Kirby : good
21:57 Supreme_Kirby : ddown
21:57 Supreme_Kirby : good
21:57 AirFusion_45  : yay lol
21:57 Supreme_Kirby : danks
21:58 Supreme_Kirby : wat
21:58 AirFusion_45  : wait
21:59 Supreme_Kirby : watch
21:59 Supreme_Kirby : good?
22:00 AirFusion_45  : yes
22:00 Supreme_Kirby : danks
22:01 Supreme_Kirby : karls ship does not look to good
22:01 Supreme_Kirby : for some reason
22:01 Supreme_Kirby : look
22:01 AirFusion_45  : looks better than mine lol
22:01 AirFusion_45  : mine is just functional
22:01 Supreme_Kirby : naw
22:01 AirFusion_45  : and has lots of glass
22:02 Supreme_Kirby : whos da best
22:02 Supreme_Kirby : prob
22:02 AirFusion_45  : the original one
22:02 AirFusion_45  : the first one you built
22:02 Supreme_Kirby : o dis
22:02 Supreme_Kirby : look
22:03 AirFusion_45  : "Austin Airline"... :/
22:03 Supreme_Kirby : come
22:03 Supreme_Kirby : XD
22:03 Supreme_Kirby : let me
22:03 Supreme_Kirby : show u a view from up
22:04 Supreme_Kirby : come
22:04 Supreme_Kirby : view
22:04 Supreme_Kirby : from top
22:04 Supreme_Kirby : let me park
22:05 Supreme_Kirby : ill park
22:05 Supreme_Kirby : perfectly
22:05 Supreme_Kirby : yas
22:06 Supreme_Kirby : cool
22:06 Supreme_Kirby : ?
22:06 AirFusion_45  : yep!
22:06 Supreme_Kirby : danks'
22:09 Supreme_Kirby : yo
22:09 Supreme_Kirby : YO
22:09 Supreme_Kirby : wazgood
