14:14 TheJavaDev    : hi
14:15 TheJavaDev    : hey
16:39 Supreme_Kirby :  placed a sign @ world: x-107, z661
  Emergency
  Items
16:42 Supreme_Kirby :  placed a sign @ world: x-107, z661
  Emergency 
  Items break
  if needed
16:46 Supreme_Kirby :  placed a sign @ world: x-107, z648
  Trash can
16:59 Supreme_Kirby : YOYO
16:59 Supreme_Kirby : icecream bro
16:59 Supreme_Kirby : XD
17:35 Supreme_Kirby : is foitnight beter
18:55 AirFusion_45: hi TheJavaDev
18:55 TheJavaDev  : hi
18:55 TheJavaDev  : lol
18:55 TheJavaDev  : im listening to music
18:55 AirFusion_45: how do you disable tp?
18:55 TheJavaDev  : tptoggke
18:55 AirFusion_45: oh kk thx
18:55 Enderknight205: hi
18:55 TheJavaDev    : i mean tptoggle
18:55 AirFusion_45  : ok
18:55 Enderknight205: look
18:56 Enderknight205: make exploding tnt plz
18:56 Enderknight205: make exploding tnt plz
18:56 Enderknight205: make exploding tnt plz
18:56 Enderknight205: make exploding tnt plz
18:56 Enderknight205: make exploding tnt plz
18:56 Enderknight205: make exploding tnt plz
18:56 Enderknight205: make exploding tnt plz
18:56 Enderknight205: make exploding tnt plz
18:56 Enderknight205: make exploding tnt plz
18:56 Enderknight205: make exploding tnt plz
18:56 AirFusion_45  : :/
18:56 TheJavaDev    : later
18:56 AirFusion_45  : no
18:56 Enderknight205: aughhhhh
18:56 Enderknight205: JUST DO IT
18:56 Enderknight205: YESTERDAY YOU SAID TOMMOROW
18:56 Enderknight205: JUST DO IT
18:56 TheJavaDev    : |||
18:56 TheJavaDev    : kk
18:56 Enderknight205: YAY
18:56 TheJavaDev    : serv restart tho
18:56 Enderknight205: YES
18:56 AirFusion_45  : actually
18:56 AirFusion_45  : TheJavaDev
18:57 AirFusion_45  : dont disable all tnt protection
18:57 AirFusion_45  : can you only enable tnt dropped from airships?
18:57 AirFusion_45  : or something along those lines
18:57 TheJavaDev    : idk
18:57 TheJavaDev    : not easily
18:57 AirFusion_45  : just incase austin worldedits big blocks of tnt again...
18:57 Enderknight205: ENABLE TNT
18:57 Enderknight205: ENABLE TNT
18:57 Enderknight205: ENABLE TNT
18:57 Enderknight205: ENABLE TNT
18:57 Enderknight205: ENABLE TNT
18:57 Enderknight205: ENABLE TNT
18:57 Enderknight205: ENABLE TNT
18:57 Enderknight205: ENABLE TNT
18:57 Enderknight205: ENABLE TNT
18:57 Enderknight205: ENABLE TNT
18:57 AirFusion_45  : poiter
18:57 Enderknight205: ENABLE TNT
18:57 TheJavaDev    : ill just demote warn him
18:58 TheJavaDev    : brb
18:58 AirFusion_45  : ok
18:58 AirFusion_45  : poiter
18:58 AirFusion_45  : no
18:58 Enderknight205: NO BAD JIMMY
18:58 Enderknight205: VERY VERY BAD
18:58 AirFusion_45  : poiter
18:58 Enderknight205: VERY VERY BAD
18:58 Enderknight205: NO BAD JIMMY
18:59 Enderknight205: PLZ STOP
18:59 AirFusion_45  : ok
18:59 Enderknight205: PLZ
18:59 AirFusion_45  : peter
18:59 Enderknight205: ye?
18:59 AirFusion_45  : i will stop
18:59 Enderknight205: plz do
18:59 AirFusion_45  : ok
19:00 AirFusion_45  : watch
19:00 Enderknight205: PLZ STOP
19:00 AirFusion_45  : ok
19:00 Enderknight205: hi jim
19:00 AirFusion_45  : hi
19:01 Enderknight205: enable tnt
19:01 TheJavaDev    : serv restart soon
19:01 Enderknight205: enable tnt
19:01 Enderknight205: enable tnt
19:01 Enderknight205: enable tnt
19:01 Enderknight205: enable tnt
19:01 Enderknight205: enable tnt
19:02 AirFusion_45  : peter
19:02 AirFusion_45  : your fav
19:02 Enderknight205: yaaay
19:02 AirFusion_45  : nooo
19:02 Enderknight205: yaaaaaa
19:02 AirFusion_45  : no
19:03 Enderknight205: tmrw is my bday
19:03 AirFusion_45  : have some bilk
19:03 Enderknight205: i need a cake
19:03 AirFusion_45  : check your inventory
19:03 Enderknight205: yaayaay
19:04 AirFusion_45  : no
19:04 AirFusion_45  : dont drive
19:04 Enderknight205: y
19:04 AirFusion_45  : while on this potion
19:04 Enderknight205: oh lol
19:04 TheJavaDev    : pete
19:04 Enderknight205: vodka
19:04 AirFusion_45  : no
19:04 Enderknight205: vodka
19:04 TheJavaDev    : tnt enabled
19:04 AirFusion_45  : ok
19:04 Enderknight205: YAYAYAYAY
19:04 TheJavaDev    : just go out of claim
19:04 Enderknight205: COME
19:04 Enderknight205: COME
19:04 Enderknight205: COME
19:05 Enderknight205: COME
19:05 Enderknight205: COME
19:05 Enderknight205: COME
19:05 Enderknight205: COME
19:05 Enderknight205: AWWWWWWWWWWWWW
19:05 AirFusion_45  : lol
19:05 TheJavaDev    : ITS CLAIMED
19:05 Enderknight205: TNT NOT ENABLED
19:05 Enderknight205: OH
19:05 Enderknight205: CO ONE CLAIMED BLOCK
19:06 AirFusion_45  : look
19:07 Enderknight205: enable tnt
19:07 Enderknight205: enable tnt
19:07 Enderknight205: enable tnt
19:07 Enderknight205: enable tnt
19:07 Enderknight205: enable tnt
19:07 Enderknight205: enable tnt
19:07 Enderknight205: enable tnt
19:07 Enderknight205: enable tnt
19:07 TheJavaDev    : wait im researching
19:07 Enderknight205: kk
19:08 TheJavaDev    : idk ill go remove the plugin
19:08 Enderknight205: yayayay
19:09 Enderknight205: wow kim
19:09 Enderknight205: jim
