16:55 AirFusion_45:  placed a sign @ world: x328, z661
  Plants
16:55 AirFusion_45:  placed a sign @ world: x328, z660
  Ores
16:55 AirFusion_45:  placed a sign @ world: x328, z659
  Animal Items
16:55 AirFusion_45:  placed a sign @ world: x328, z624
  Tools
17:11 TheJavaDev  : hi
17:14 AirFusion_45: wait
17:14 AirFusion_45: let me try
17:14 TheJavaDev  : still works
17:14 AirFusion_45: yay
17:14 AirFusion_45: spawnpoint is messed up thou
17:14 TheJavaDev  : the spawn is here now :D
17:15 TheJavaDev  : yay
17:15 TheJavaDev  : lol
17:16 TheJavaDev  : you could use descend sign
17:16 AirFusion_45: yes
17:16 AirFusion_45: but dont want to over do it
17:16 TheJavaDev  : i got my tdap shot today
17:16 AirFusion_45: oh
17:16 AirFusion_45: hurt?
17:17 AirFusion_45: s?
17:17 TheJavaDev  : lol
17:17 TheJavaDev  : a little bit
17:17 AirFusion_45: lol
17:17 TheJavaDev  : ill try to turn on the modded server
17:17 AirFusion_45: ok
17:17 TheJavaDev  : try to join it
17:18 AirFusion_45: ok
17:18 AirFusion_45: 1.7.10?
17:18 TheJavaDev  : oh i forgot viaversion xD
17:18 TheJavaDev  : ill go fecth it
17:18 AirFusion_45: ok
17:28 AirFusion_45: kk
17:29 TheJavaDev: HI
17:29 AirFusion_45: hi
17:30 TheJavaDev  : im on 1.7.10
17:30 AirFusion_45: oh okay!
17:30 AirFusion_45: it works?
17:30 TheJavaDev  : yeah i guess
17:30 AirFusion_45: wait
17:31 AirFusion_45: yay
17:31 AirFusion_45: it works
17:31 TheJavaDev  : lol? spectator doesnt let you fly through blocks
17:31 AirFusion_45: uh what?!
17:31 AirFusion_45: let me try
17:32 AirFusion_45: let me on my end
17:32 AirFusion_45: btw i am on 1.8
17:32 TheJavaDev  : kk
17:32 AirFusion_45: .gm c
17:33 TheJavaDev  : your dancing?
17:33 AirFusion_45: no
17:33 AirFusion_45: lol
17:33 AirFusion_45: testing sneak
17:33 TheJavaDev  : im going to the mods server
17:34 TheJavaDev  : wish me luck
17:34 AirFusion_45: ok
17:34 TheJavaDev  : it takes a long time to connect....
17:34 TheJavaDev  : um
17:34 AirFusion_45: let me try 1.7
17:34 TheJavaDev  : .....
17:35 AirFusion_45: ok
17:35 AirFusion_45: on 1.7
17:35 TheJavaDev  : doesnt work
17:35 TheJavaDev  : maybe i need forge?
17:35 AirFusion_45: mod rejections?
17:36 AirFusion_45: hi
17:36 TheJavaDev  : i hav eforge
17:36 TheJavaDev  : look lol
17:36 AirFusion_45: me too
17:36 TheJavaDev  : computers turn into blocks of emerald xd
17:36 AirFusion_45: lol
17:36 TheJavaDev  : well im going to the modded serv
17:37 AirFusion_45: cant connect
17:37 AirFusion_45: need some sort of mod?
17:37 TheJavaDev  : well look at that that actually worked 4 me
17:38 TheJavaDev  : do you have computercraft? jim
17:38 Supreme_Kirby: het
17:38 AirFusion_45 : mod rejections
17:38 Supreme_Kirby: can i rap
17:38 TheJavaDev   : /msg AirFusion_45 
17:38 AirFusion_45 : so i need computer craft? TheJavaDev
17:38 TheJavaDev   : /msg AirFusion_45 yes i sent you link in pm 
17:38 AirFusion_45 : /r k thx 
17:38 TheJavaDev   : /msg AirFusion_45 in discord 
17:38 AirFusion_45 : /r thx 
17:38 TheJavaDev   : kirby do /server
17:38 Supreme_Kirby: ok
17:38 Supreme_Kirby: and
17:39 AirFusion_45 : /r i dont see it lol 
17:39 TheJavaDev   : look at the list
17:39 TheJavaDev   : /r ill resend 
17:39 Supreme_Kirby: ok
17:39 Supreme_Kirby: so wat
17:39 AirFusion_45 : /r k thx 
17:39 TheJavaDev   : notice anything new?
17:39 Supreme_Kirby: no
17:39 AirFusion_45 : lol
17:39 TheJavaDev   : ok
17:39 Supreme_Kirby: it says
17:39 TheJavaDev   : lol
17:39 TheJavaDev   : /msg AirFusion_45 look these emerald blocks make slime sound 
17:40 Supreme_Kirby: You may connect to the fallowing servers at this time: Staff, airship_pirates, lobby
17:40 AirFusion_45 : lol
17:40 TheJavaDev   : oh well ok lol
17:40 TheJavaDev   : noo there not slimes anymore
17:40 TheJavaDev   : /r going to modded serv 
17:40 AirFusion_45 : /r k 
17:44 Supreme_Kirby: wat
17:44 Supreme_Kirby: STOP
17:45 Supreme_Kirby: Y DID U KILL ME
17:46 TheJavaDev   : hi
17:51 TheJavaDev   : were did jim go
17:52 Supreme_Kirby: ?
17:52 TheJavaDev   : this cannot be here you know
17:52 Supreme_Kirby: y
17:52 Supreme_Kirby: STOP
17:52 Supreme_Kirby: STOP|
17:52 Supreme_Kirby: y
17:52 TheJavaDev   : kk fine but when release this be removed
17:52 Supreme_Kirby: its just a swastica
17:52 Supreme_Kirby: wat r u talking about
17:53 Supreme_Kirby: fine
17:53 Supreme_Kirby: could u make both white
17:53 Supreme_Kirby: p[lz
17:53 Supreme_Kirby: white wool
17:53 Supreme_Kirby: noth sides
17:53 Supreme_Kirby: wat
17:53 Supreme_Kirby: wat
17:53 Supreme_Kirby: can
17:53 Supreme_Kirby: could u just delete
17:53 TheJavaDev   : oops
17:54 Supreme_Kirby: the whole thing
17:54 Supreme_Kirby: the
17:54 Supreme_Kirby: look
17:54 Supreme_Kirby: like dat
17:56 Supreme_Kirby: this will be me battle ship
18:00 Supreme_Kirby: WAT
18:00 Supreme_Kirby: wtfw
18:00 Enderknight205: jesus crist
18:00 TheJavaDev    : poiter
18:00 Enderknight205: xD
18:00 TheJavaDev    : guess what version i am
18:00 Enderknight205: 1.8
18:00 Supreme_Kirby : idk
18:00 Enderknight205: 1.8
18:00 Enderknight205: 1.8
18:00 Enderknight205: 1.8
18:00 Enderknight205: 1.8
18:00 TheJavaDev    : 1.7.10 with forge and computercraft and tinkers construct :D
18:01 Enderknight205: noice
18:01 TheJavaDev    : do /server
18:01 Enderknight205: wats mods
18:01 TheJavaDev    : :-D
18:01 Enderknight205: i cant connect to it
18:01 TheJavaDev    : duh
18:01 TheJavaDev    : you need forge
18:01 Enderknight205: lol
18:01 TheJavaDev    : and the mods
18:01 TheJavaDev    : and 1/7/10
18:01 Enderknight205: i am in forge tight now
18:01 Enderknight205: 1.12 forge
18:02 TheJavaDev    : 1.7.10 forge with 1.7.10 computercraft an 1.7.10 mantle and 1.7.10 tinkersconstryct and then you cou
18:02 TheJavaDev    : ld join
18:02 TheJavaDev    : bye
18:02 TheJavaDev    : im going to that new land of adventure and paradise of hope
18:02 TheJavaDev    : and opportunity too
18:02 Enderknight205: ohhhh
18:02 Supreme_Kirby : yo
18:02 Supreme_Kirby : battle ship
18:02 Enderknight205: cool ship
18:03 Enderknight205: sorry, stone wont work
18:03 Enderknight205: oh nvmd
18:03 Supreme_Kirby : a
18:03 Supreme_Kirby : i gtg baseket ball
18:03 Supreme_Kirby : can i
18:04 Enderknight205: real life?
18:04 Supreme_Kirby : pete
18:04 Supreme_Kirby : ya
18:04 Supreme_Kirby : should i
18:04 Enderknight205: kk u can go
18:04 Supreme_Kirby : ur dissicion
18:04 Enderknight205: sure
18:04 Enderknight205: i mean
18:04 Supreme_Kirby : go or naw
18:04 Enderknight205: idk
18:04 Enderknight205: u should go
18:04 Supreme_Kirby : k
18:04 Supreme_Kirby : afk
18:04 Supreme_Kirby : 30 mins
18:04 Enderknight205: kk
18:04 Supreme_Kirby : lety me shoot some 3
18:04 Enderknight205: lol
18:23 TheJavaDev    :  placed a sign @ world: x-72, z683
  Airship
18:30 Enderknight205:  placed a sign @ world: x-11, z653
  Deck Cannon
18:31 Enderknight205:  placed a sign @ world: x-8, z653
  Cockpit
  <-
18:31 Enderknight205:  placed a sign @ world: x-8, z646
  Right Gun
18:31 Enderknight205:  placed a sign @ world: x-10, z646
  Left Gun
18:45 Enderknight205: sup
18:45 Enderknight205: austin is afk
18:46 Enderknight205: look
18:47 Enderknight205: wanna be part of my crew
18:47 Enderknight205: kk
18:47 Enderknight205: think about it
18:47 Enderknight205: austin left my crew
18:47 Enderknight205: so i need someone
18:47 Enderknight205: yeah
18:56 Supreme_Kirby : yo\
18:56 Enderknight205: karl is jacking off
18:56 Enderknight205: xD lol
18:56 Supreme_Kirby : wat does that mean
18:57 Enderknight205: eh eh eh eh eh continues for 5 houes
18:57 Supreme_Kirby : wat
18:57 Supreme_Kirby : r uy doing
18:59 Supreme_Kirby : STop
18:59 Supreme_Kirby : get out
18:59 Supreme_Kirby : 3
18:59 Supreme_Kirby : 2
18:59 Supreme_Kirby : 1
18:59 Supreme_Kirby : if u come back ill kill u
18:59 Supreme_Kirby : STOP
19:00 Supreme_Kirby : go back
19:15 Supreme_Kirby :  placed a sign @ world: x-105, z662
  coal
  Fuel
19:27 AirFusion_45  : hi Supreme_Kirby
19:27 Supreme_Kirby : W8
19:27 Supreme_Kirby : I NEED HEKLP LATER
19:27 Supreme_Kirby : i need help later
19:27 AirFusion_45  : ok
19:27 Supreme_Kirby : could u tp to me
19:28 AirFusion_45  : ok
19:28 Supreme_Kirby : controls plz
19:28 AirFusion_45  : ok
19:28 Supreme_Kirby : plz
19:28 Supreme_Kirby : w8
19:28 AirFusion_45  :  placed a sign @ world: x-105, z662
  Airship
19:28 Supreme_Kirby : let me possion
19:28 Supreme_Kirby : stop
19:28 Supreme_Kirby : plz
19:28 Supreme_Kirby : w8
19:28 Supreme_Kirby :  placed a sign @ world: x-105, z662
  wheel
19:28 AirFusion_45  :  placed a sign @ world: x-105, z662
  [helm]
19:28 Supreme_Kirby :  placed a sign @ world: x-103, z662
  Decend
19:28 Supreme_Kirby :  placed a sign @ world: x-104, z662
  ascend
19:28 AirFusion_45  :  placed a sign @ world: x-103, z662
  Descend: OFF
19:28 AirFusion_45  :  placed a sign @ world: x-104, z662
  Ascend: oFF
19:28 Supreme_Kirby :  placed a sign @ world: x-107, z662
  airship
19:29 AirFusion_45  : not enough redstone block
19:29 Supreme_Kirby : ik
19:29 AirFusion_45  :  placed a sign @ world: x-104, z662
  Ascend: OFF
19:29 Supreme_Kirby :  placed a sign @ world: x-106, z662
  realease
19:29 Supreme_Kirby : look
19:29 AirFusion_45  : ok
19:29 Supreme_Kirby : let me fix
19:29 AirFusion_45  :  placed a sign @ world: x-106, z662
  Release
19:29 AirFusion_45  : done
19:30 AirFusion_45  :  placed a sign @ world: x74, z591
  STOP HERE
19:30 AirFusion_45  :  placed a sign @ world: x74, z587
  STOP HERE
19:35 AirFusion_45  :  placed a sign @ world: x83, z570
  Airskiff
19:35 Supreme_Kirby : damks
19:35 Supreme_Kirby : danks
19:35 AirFusion_45  : np
19:36 AirFusion_45  :  placed a sign @ world: x84, z570
  Descend: OFF
19:36 AirFusion_45  :  placed a sign @ world: x84, z570
  [helm]
19:36 AirFusion_45  :  placed a sign @ world: x83, z570
  Cruise: OFF
19:42 AirFusion_45  :  placed a sign @ world: x83, z570
  Airship
19:42 AirFusion_45  :  placed a sign @ world: x83, z570
  Airskiff
19:42 AirFusion_45  :  placed a sign @ world: x84, z570
  [helm]
19:43 AirFusion_45  :  placed a sign @ world: x83, z570
  Release
19:44 AirFusion_45  :  placed a sign @ world: x83, z570
  Airship
19:54 Supreme_Kirby : w8\
19:54 Supreme_Kirby : jim
19:54 AirFusion_45  : wat
19:54 Supreme_Kirby : u cant use concrete as build matierial?
19:54 AirFusion_45  : yes
19:54 Supreme_Kirby : for ship
19:54 Supreme_Kirby : OMG
19:54 AirFusion_45  : yes
19:54 Supreme_Kirby : bro
19:55 Supreme_Kirby : look
19:55 Supreme_Kirby : OMG
19:55 Supreme_Kirby : could u help fix
19:55 Supreme_Kirby : plz
20:01 AirFusion_45  :  placed a sign @ world: x83, z570
  Airskiff
20:03 AirFusion_45  :  placed a sign @ world: x83, z570
  Airfigher
20:03 AirFusion_45  :  placed a sign @ world: x83, z570
  ship
20:04 AirFusion_45  :  placed a sign @ world: x83, z571
  Airskiff
20:07 AirFusion_45  :  placed a sign @ world: x83, z570
  Release[
20:07 AirFusion_45  :  placed a sign @ world: x83, z570
  [helm]
20:07 AirFusion_45  :  placed a sign @ world: x83, z572
  Release
20:10 Supreme_Kirby : can i not use pains
20:10 AirFusion_45  :  placed a sign @ world: x85, z570
  REMOVE BEFORE
  FLIGHT
20:10 AirFusion_45  :  placed a sign @ world: x86, z570
  REMOVE BEFORE
  FLIGHT
21:01 Supreme_Kirby : yo
21:14 Supreme_Kirby : a
21:14 Supreme_Kirby : jim
21:14 Supreme_Kirby : wat is command to get creeper
21:14 Supreme_Kirby : invintory full
21:19 Supreme_Kirby : yo
21:19 Supreme_Kirby : karl
21:19 Supreme_Kirby : yo
21:27 Supreme_Kirby :  placed a sign @ world: x-89, z649
  butcher
21:30 Supreme_Kirby :  placed a sign @ world: x-105, z669
  see right 
  here
21:36 Supreme_Kirby : wat
21:36 Supreme_Kirby : y
21:36 Supreme_Kirby : yo
21:37 Supreme_Kirby : yo
21:37 Supreme_Kirby : wat u doing atm
21:38 Supreme_Kirby : not my baseket
21:41 Supreme_Kirby : wat r u doing
21:41 Supreme_Kirby : karl
21:41 Supreme_Kirby : wat is this
21:41 Supreme_Kirby : can u move it
21:42 Supreme_Kirby : karl
21:42 Supreme_Kirby : is this yours
21:42 Supreme_Kirby : DUDE
21:42 Supreme_Kirby : plz
21:42 Supreme_Kirby : could u move this
21:43 Supreme_Kirby : DUDE
21:45 Supreme_Kirby : wat
21:46 Supreme_Kirby : wat
21:49 Supreme_Kirby : DONT MESS WITH MY SHIP
21:51 Supreme_Kirby : Dont mess with my ship 2 warning
21:51 Supreme_Kirby : Dont mess with my ship last warning
21:52 Supreme_Kirby : every time i see u mess with my ship
21:52 Supreme_Kirby : ur dead
21:53 Supreme_Kirby : y are u killing me
21:53 Supreme_Kirby : now for no reason
21:55 Supreme_Kirby : hey
21:55 Supreme_Kirby : yo
21:55 Enderknight205: sup
21:55 Supreme_Kirby : dude
21:55 Supreme_Kirby : karl kills me cause i killed him
21:55 Supreme_Kirby : thats messed up
21:56 Supreme_Kirby : dude
21:56 Supreme_Kirby : so
21:56 Supreme_Kirby : i gave karl 3 warnings
21:56 Supreme_Kirby : and he did not stop
21:56 Enderknight205: hmmm
21:56 Supreme_Kirby : i couldkill him then tight
21:56 Supreme_Kirby : right'
21:56 Enderknight205: ye
21:56 Supreme_Kirby : then he fuking comes out and kills me that sht
21:56 Enderknight205: justice should be brought
21:57 Supreme_Kirby : oya
21:57 Supreme_Kirby : let me show u
21:57 Enderknight205: cool shpi
21:57 Supreme_Kirby : the ship
21:57 Enderknight205: does it fly?
21:57 Supreme_Kirby : ya
21:57 Supreme_Kirby : suicide
21:57 Supreme_Kirby : area
21:57 Enderknight205: lol
21:58 Supreme_Kirby : look
21:58 Supreme_Kirby : come
21:58 Enderknight205: cool
21:58 Supreme_Kirby : ya
21:58 Supreme_Kirby : XD
21:58 Enderknight205: i made improv to my ship too
21:58 Supreme_Kirby : oo
21:58 Supreme_Kirby : wow
21:59 Supreme_Kirby : nice
21:59 Enderknight205: th
21:59 Enderknight205: thx
21:59 Supreme_Kirby : stick
21:59 Supreme_Kirby : ?
21:59 Enderknight205: its for steering in tight situations
21:59 Supreme_Kirby : o
21:59 Supreme_Kirby : Xd
21:59 Supreme_Kirby : nice sleep
21:59 Enderknight205: ya lol
22:00 Supreme_Kirby : yay
22:00 Supreme_Kirby : ill be on top
22:00 Enderknight205: kk
22:01 Supreme_Kirby : wat
22:01 Enderknight205: stick
22:01 Enderknight205: thats wat stick does
22:01 Supreme_Kirby : CD
22:01 Supreme_Kirby : XD
22:01 Enderknight205: hi karl
22:01 Supreme_Kirby : karls there btw
22:01 Enderknight205: ik
22:01 Supreme_Kirby : XD
22:01 Supreme_Kirby : oc
22:01 Supreme_Kirby : ofc
22:02 Supreme_Kirby : XD
22:02 Supreme_Kirby : wat
22:02 Enderknight205: ik
22:03 Enderknight205: dont push it
22:03 Enderknight205: button
22:04 Enderknight205: i wuz freezing
22:05 Enderknight205: i wuz freezing
22:05 Enderknight205: i wuz freezing
22:05 Enderknight205: i wuz freezing
22:05 Supreme_Kirby : k
22:05 Enderknight205: karl stop
22:05 Supreme_Kirby : Xd
22:05 Supreme_Kirby : ya karl
22:05 Supreme_Kirby : ur jokes arnt funmny
22:05 Enderknight205: going for a landing at site 1
22:05 Supreme_Kirby : k
22:08 Supreme_Kirby : wat
22:08 Supreme_Kirby : karl
22:08 Supreme_Kirby : againm
22:08 Enderknight205: karl stop
22:08 Supreme_Kirby : i think
22:09 Enderknight205: done
22:10 Enderknight205: karl wat ever u are doing stop
22:10 Supreme_Kirby : XD
22:10 Supreme_Kirby : karl just likes to spy cause ya
22:10 Enderknight205: lagging so badly
22:10 Enderknight205: sht
22:10 Enderknight205: cant exit minecraft
22:10 Enderknight205: help
22:10 Supreme_Kirby : a
22:10 Supreme_Kirby : dants
22:11 Enderknight205: cant go to menu
22:11 Supreme_Kirby : a
22:11 Supreme_Kirby : XD
22:11 Enderknight205: spamming escape
22:11 Supreme_Kirby : DXD
22:11 Supreme_Kirby : no ya dont
22:11 Supreme_Kirby : srry
22:12 Supreme_Kirby : ur disabbler
22:12 Supreme_Kirby : disabled
22:12 Supreme_Kirby : who did this
22:12 Supreme_Kirby : o
22:13 Supreme_Kirby : can we just destroy now
22:13 Supreme_Kirby : its ugly
22:22 Enderknight205: hi
22:26 Supreme_Kirby : yyo
22:26 Enderknight205: sup
22:26 Enderknight205: i legit killed my comp
22:26 Enderknight205: it crashed
22:26 Supreme_Kirby : y
22:26 Enderknight205: dunno
22:26 Supreme_Kirby : o
22:26 Enderknight205: some program
22:26 Supreme_Kirby : bro
22:27 Supreme_Kirby : wat happend
22:27 Enderknight205: im running a virus check overnight
22:27 Supreme_Kirby : look
22:27 Supreme_Kirby : come herew
22:27 Enderknight205: tp me
22:27 Supreme_Kirby : here
22:27 Enderknight205: ahhh
22:27 Enderknight205: dunno
22:27 Enderknight205: lemme see
22:27 Supreme_Kirby : welf
22:27 Supreme_Kirby : wlp
22:27 Enderknight205: dont do anything
22:27 Supreme_Kirby : come
22:28 Enderknight205: xD
22:28 Supreme_Kirby : w8
22:28 Supreme_Kirby : lets play
22:29 Enderknight205: i cant drop items
22:29 Supreme_Kirby : wtf
22:29 Supreme_Kirby : come
22:29 Enderknight205: buckets
22:29 Supreme_Kirby : look
22:29 Supreme_Kirby : watch pro
22:30 Enderknight205: lol
22:30 Supreme_Kirby : w8
22:30 Enderknight205: wathc
22:30 Supreme_Kirby : travel
22:30 Supreme_Kirby : u have to hit growned
22:30 Supreme_Kirby : to dribble
22:30 Supreme_Kirby : free throw
22:30 Supreme_Kirby : watch
22:30 Enderknight205: lol
22:30 Enderknight205: buckets
22:31 Supreme_Kirby : dant drop now
22:31 Enderknight205: crap
22:31 Supreme_Kirby : X
22:31 Supreme_Kirby : D
22:31 Supreme_Kirby : lets eat
22:31 Supreme_Kirby : dcome
22:31 Supreme_Kirby : come
22:31 Enderknight205: oooops
22:31 Supreme_Kirby : Xd
22:32 Supreme_Kirby :  placed a sign @ world: x-102, z570
  Emergency
22:32 Enderknight205: i gtg to my shi
22:32 Enderknight205: p
22:32 Supreme_Kirby : wat
22:32 Supreme_Kirby : k
22:32 Enderknight205: im going to moi plane
22:32 Supreme_Kirby : come
22:32 Supreme_Kirby : look
22:32 Supreme_Kirby : u can walk
22:33 Enderknight205: cool
22:33 Supreme_Kirby : Xd
22:34 Enderknight205: goodnite
22:34 Supreme_Kirby : gn
22:45 Supreme_Kirby : lag
